Assuming unrestricted shared filesystem usage.
None
host: bmdiota
Building DAG of jobs...
Using shell: /usr/bin/bash
Provided cores: 32
Rules claiming more threads will be scaled down.
Job stats:
job         count
--------  -------
plot           10
plot_all        1
total          11

Select jobs to execute...
Execute 10 jobs...
[Tue Sep 16 10:41:23 2025]
localrule plot:
    input: data/aSyn/input/config.yml, data/aSyn/results/kl_js/Z.npy
    output: data/aSyn/results/kl_js/ck_test.pdf
    jobid: 4
    reason: Missing output files: data/aSyn/results/kl_js/ck_test.pdf
    wildcards: system=aSyn, lumping=kl_js, plot=ck_test, ext=pdf
    resources: tmpdir=/tmp
Shell command: python -m MPP.run data/aSyn/input/config.yml KL JS -Z data/aSyn/results/kl_js/Z.npy -p ck_test -o data/aSyn/results/kl_js/ck_test.pdf
Activating conda environment: mpp
[Tue Sep 16 10:41:24 2025]
localrule plot:
    input: data/aSyn/input/config.yml, data/aSyn/results/kl_js/Z.npy
    output: data/aSyn/results/kl_js/ck_test.png
    jobid: 12
    reason: Missing output files: data/aSyn/results/kl_js/ck_test.png
    wildcards: system=aSyn, lumping=kl_js, plot=ck_test, ext=png
    resources: tmpdir=/tmp
Shell command: python -m MPP.run data/aSyn/input/config.yml KL JS -Z data/aSyn/results/kl_js/Z.npy -p ck_test -o data/aSyn/results/kl_js/ck_test.png
Activating conda environment: mpp
[Tue Sep 16 10:41:24 2025]
localrule plot:
    input: data/aSyn/input/config.yml, data/aSyn/results/kl_js/Z.npy
    output: data/aSyn/results/kl_js/rmsd.pdf
    jobid: 8
    reason: Missing output files: data/aSyn/results/kl_js/rmsd.pdf
    wildcards: system=aSyn, lumping=kl_js, plot=rmsd, ext=pdf
    resources: tmpdir=/tmp
Shell command: python -m MPP.run data/aSyn/input/config.yml KL JS -Z data/aSyn/results/kl_js/Z.npy -p rmsd -o data/aSyn/results/kl_js/rmsd.pdf
Activating conda environment: mpp
[Tue Sep 16 10:41:24 2025]
localrule plot:
    input: data/aSyn/input/config.yml, data/aSyn/results/kl_js/Z.npy
    output: data/aSyn/results/kl_js/rmsd.png
    jobid: 16
    reason: Missing output files: data/aSyn/results/kl_js/rmsd.png
    wildcards: system=aSyn, lumping=kl_js, plot=rmsd, ext=png
    resources: tmpdir=/tmp
Shell command: python -m MPP.run data/aSyn/input/config.yml KL JS -Z data/aSyn/results/kl_js/Z.npy -p rmsd -o data/aSyn/results/kl_js/rmsd.png
Activating conda environment: mpp
[Tue Sep 16 10:41:24 2025]
localrule plot:
    input: data/aSyn/input/config.yml, data/aSyn/results/kl_js/Z.npy
    output: data/aSyn/results/kl_js/delta_rmsd.pdf
    jobid: 9
    reason: Missing output files: data/aSyn/results/kl_js/delta_rmsd.pdf
    wildcards: system=aSyn, lumping=kl_js, plot=delta_rmsd, ext=pdf
    resources: tmpdir=/tmp
Shell command: python -m MPP.run data/aSyn/input/config.yml KL JS -Z data/aSyn/results/kl_js/Z.npy -p delta_rmsd -o data/aSyn/results/kl_js/delta_rmsd.pdf
Activating conda environment: mpp
[Tue Sep 16 10:41:24 2025]
localrule plot:
    input: data/aSyn/input/config.yml, data/aSyn/results/kl_js/Z.npy
    output: data/aSyn/results/kl_js/contacts.pdf
    jobid: 6
    reason: Missing output files: data/aSyn/results/kl_js/contacts.pdf
    wildcards: system=aSyn, lumping=kl_js, plot=contacts, ext=pdf
    resources: tmpdir=/tmp
Shell command: python -m MPP.run data/aSyn/input/config.yml KL JS -Z data/aSyn/results/kl_js/Z.npy -p contacts -o data/aSyn/results/kl_js/contacts.pdf
Activating conda environment: mpp
[Tue Sep 16 10:41:24 2025]
localrule plot:
    input: data/aSyn/input/config.yml, data/aSyn/results/kl_js/Z.npy
    output: data/aSyn/results/kl_js/delta_rmsd.png
    jobid: 17
    reason: Missing output files: data/aSyn/results/kl_js/delta_rmsd.png
    wildcards: system=aSyn, lumping=kl_js, plot=delta_rmsd, ext=png
    resources: tmpdir=/tmp
Shell command: python -m MPP.run data/aSyn/input/config.yml KL JS -Z data/aSyn/results/kl_js/Z.npy -p delta_rmsd -o data/aSyn/results/kl_js/delta_rmsd.png
Activating conda environment: mpp
[Tue Sep 16 10:41:24 2025]
localrule plot:
    input: data/aSyn/input/config.yml, data/aSyn/results/kl_js/Z.npy
    output: data/aSyn/results/kl_js/contacts.png
    jobid: 14
    reason: Missing output files: data/aSyn/results/kl_js/contacts.png
    wildcards: system=aSyn, lumping=kl_js, plot=contacts, ext=png
    resources: tmpdir=/tmp
Shell command: python -m MPP.run data/aSyn/input/config.yml KL JS -Z data/aSyn/results/kl_js/Z.npy -p contacts -o data/aSyn/results/kl_js/contacts.png
Activating conda environment: mpp
[Tue Sep 16 10:41:24 2025]
localrule plot:
    input: data/aSyn/input/config.yml, data/aSyn/results/kl_js/Z.npy
    output: data/aSyn/results/kl_js/macrotraj.pdf
    jobid: 7
    reason: Missing output files: data/aSyn/results/kl_js/macrotraj.pdf
    wildcards: system=aSyn, lumping=kl_js, plot=macrotraj, ext=pdf
    resources: tmpdir=/tmp
Shell command: python -m MPP.run data/aSyn/input/config.yml KL JS -Z data/aSyn/results/kl_js/Z.npy -p macrotraj -o data/aSyn/results/kl_js/macrotraj.pdf
Activating conda environment: mpp
[Tue Sep 16 10:41:24 2025]
localrule plot:
    input: data/aSyn/input/config.yml, data/aSyn/results/kl_js/Z.npy
    output: data/aSyn/results/kl_js/macrotraj.png
    jobid: 15
    reason: Missing output files: data/aSyn/results/kl_js/macrotraj.png
    wildcards: system=aSyn, lumping=kl_js, plot=macrotraj, ext=png
    resources: tmpdir=/tmp
Shell command: python -m MPP.run data/aSyn/input/config.yml KL JS -Z data/aSyn/results/kl_js/Z.npy -p macrotraj -o data/aSyn/results/kl_js/macrotraj.png
Activating conda environment: mpp
RuleException:
CalledProcessError in file "/data/evaluation/MPP/stochastic_MPP_Felix/MPP/workflow/Snakefile", line 72:
Command 'source /home/fg1085/miniconda3/bin/activate 'mpp'; set -euo pipefail;  python -m MPP.run data/aSyn/input/config.yml KL JS -Z data/aSyn/results/kl_js/Z.npy -p contacts -o data/aSyn/results/kl_js/contacts.png' returned non-zero exit status 1.
[Tue Sep 16 10:41:31 2025]
Error in rule plot:
    message: None
    jobid: 14
    input: data/aSyn/input/config.yml, data/aSyn/results/kl_js/Z.npy
    output: data/aSyn/results/kl_js/contacts.png
    conda-env: mpp
    shell:
        python -m MPP.run data/aSyn/input/config.yml KL JS -Z data/aSyn/results/kl_js/Z.npy -p contacts -o data/aSyn/results/kl_js/contacts.png
        (command exited with non-zero exit code)
RuleException:
CalledProcessError in file "/data/evaluation/MPP/stochastic_MPP_Felix/MPP/workflow/Snakefile", line 72:
Command 'source /home/fg1085/miniconda3/bin/activate 'mpp'; set -euo pipefail;  python -m MPP.run data/aSyn/input/config.yml KL JS -Z data/aSyn/results/kl_js/Z.npy -p contacts -o data/aSyn/results/kl_js/contacts.pdf' returned non-zero exit status 1.
[Tue Sep 16 10:41:31 2025]
Error in rule plot:
    message: None
    jobid: 6
    input: data/aSyn/input/config.yml, data/aSyn/results/kl_js/Z.npy
    output: data/aSyn/results/kl_js/contacts.pdf
    conda-env: mpp
    shell:
        python -m MPP.run data/aSyn/input/config.yml KL JS -Z data/aSyn/results/kl_js/Z.npy -p contacts -o data/aSyn/results/kl_js/contacts.pdf
        (command exited with non-zero exit code)
[Tue Sep 16 10:41:35 2025]
Finished jobid: 12 (Rule: plot)
1 of 11 steps (9%) done
[Tue Sep 16 10:41:35 2025]
Finished jobid: 4 (Rule: plot)
2 of 11 steps (18%) done
[Tue Sep 16 10:41:36 2025]
Finished jobid: 17 (Rule: plot)
3 of 11 steps (27%) done
[Tue Sep 16 10:41:37 2025]
Finished jobid: 16 (Rule: plot)
4 of 11 steps (36%) done
[Tue Sep 16 10:41:37 2025]
Finished jobid: 8 (Rule: plot)
5 of 11 steps (45%) done
[Tue Sep 16 10:41:37 2025]
Finished jobid: 7 (Rule: plot)
6 of 11 steps (55%) done
[Tue Sep 16 10:41:37 2025]
Finished jobid: 15 (Rule: plot)
7 of 11 steps (64%) done
[Tue Sep 16 10:41:39 2025]
Finished jobid: 9 (Rule: plot)
8 of 11 steps (73%) done
Shutting down, this might take some time.
Exiting because a job execution failed. Look below for error messages
[Tue Sep 16 10:41:39 2025]
Error in rule plot:
    message: None
    jobid: 6
    input: data/aSyn/input/config.yml, data/aSyn/results/kl_js/Z.npy
    output: data/aSyn/results/kl_js/contacts.pdf
    conda-env: mpp
    shell:
        python -m MPP.run data/aSyn/input/config.yml KL JS -Z data/aSyn/results/kl_js/Z.npy -p contacts -o data/aSyn/results/kl_js/contacts.pdf
        (command exited with non-zero exit code)
[Tue Sep 16 10:41:39 2025]
Error in rule plot:
    message: None
    jobid: 14
    input: data/aSyn/input/config.yml, data/aSyn/results/kl_js/Z.npy
    output: data/aSyn/results/kl_js/contacts.png
    conda-env: mpp
    shell:
        python -m MPP.run data/aSyn/input/config.yml KL JS -Z data/aSyn/results/kl_js/Z.npy -p contacts -o data/aSyn/results/kl_js/contacts.png
        (command exited with non-zero exit code)
Complete log(s): /data/evaluation/MPP/stochastic_MPP_Felix/MPP/.snakemake/log/2025-09-16T104123.234014.snakemake.log
WorkflowError:
At least one job did not complete successfully.
