Assuming unrestricted shared filesystem usage.
None
host: bmdiota
Building DAG of jobs...
Using shell: /usr/bin/bash
Provided cores: 32
Rules claiming more threads will be scaled down.
Job stats:
job                    count
-------------------  -------
get_mean_frames_pdb        1
total                      1

Select jobs to execute...
Execute 1 jobs...
[Tue Aug 19 15:46:47 2025]
localrule get_mean_frames_pdb:
    input: data/HP35/results/t/rmsd_mean_frames.ndx
    output: data/HP35/results/t/mean_frames.pdb
    jobid: 0
    reason: Missing output files: data/HP35/results/t/mean_frames.pdb
    wildcards: system=HP35, lumping=t
    resources: tmpdir=/tmp
Shell command: mkdir -p random_pdbs
gmx trjconv -s data/HP35/inputstructure.pdb -f data/HP35/inputtrajectory.xtc -o data/HP35/results/t/mean_frames.pdb -fr data/HP35/results/t/rmsd_mean_frames.ndx <<eof
1
eof
RuleException:
CalledProcessError in file "/data/evaluation/MPP/stochastic_MPP_Felix/tools/MPP/workflow/Snakefile", line 153:
Command 'set -euo pipefail;  mkdir -p random_pdbs
gmx trjconv -s data/HP35/inputstructure.pdb -f data/HP35/inputtrajectory.xtc -o data/HP35/results/t/mean_frames.pdb -fr data/HP35/results/t/rmsd_mean_frames.ndx <<eof
1
eof' returned non-zero exit status 1.
[Tue Aug 19 15:46:48 2025]
Error in rule get_mean_frames_pdb:
    message: None
    jobid: 0
    input: data/HP35/results/t/rmsd_mean_frames.ndx
    output: data/HP35/results/t/mean_frames.pdb
    shell:
        mkdir -p random_pdbs
gmx trjconv -s data/HP35/inputstructure.pdb -f data/HP35/inputtrajectory.xtc -o data/HP35/results/t/mean_frames.pdb -fr data/HP35/results/t/rmsd_mean_frames.ndx <<eof
1
eof
        (command exited with non-zero exit code)
Shutting down, this might take some time.
Exiting because a job execution failed. Look below for error messages
[Tue Aug 19 15:46:48 2025]
Error in rule get_mean_frames_pdb:
    message: None
    jobid: 0
    input: data/HP35/results/t/rmsd_mean_frames.ndx
    output: data/HP35/results/t/mean_frames.pdb
    shell:
        mkdir -p random_pdbs
gmx trjconv -s data/HP35/inputstructure.pdb -f data/HP35/inputtrajectory.xtc -o data/HP35/results/t/mean_frames.pdb -fr data/HP35/results/t/rmsd_mean_frames.ndx <<eof
1
eof
        (command exited with non-zero exit code)
Complete log(s): /data/evaluation/MPP/stochastic_MPP_Felix/tools/MPP/.snakemake/log/2025-08-19T154646.594154.snakemake.log
WorkflowError:
At least one job did not complete successfully.
