Assuming unrestricted shared filesystem usage.
None
host: bmdiota
Building DAG of jobs...
Using shell: /usr/bin/bash
Provided cores: 32
Rules claiming more threads will be scaled down.
Job stats:
job      count
-----  -------
plot         1
total        1

Select jobs to execute...
Execute 1 jobs...
[Wed Aug 27 14:05:21 2025]
localrule plot:
    input: data/aSyn/input/config.yml, data/aSyn/results/t/Z.npy
    output: data/aSyn/results/t/timescales.pdf
    jobid: 0
    reason: Forced execution
    wildcards: system=aSyn, lumping=t, plot=timescales
    resources: tmpdir=/tmp
Shell command: python -m MPP.run data/aSyn/input/config.yml T none -Z data/aSyn/results/t/Z.npy -p timescales -o data/aSyn/results/t/timescales.pdf
Activating conda environment: mpp
RuleException:
CalledProcessError in file "/data/evaluation/MPP/stochastic_MPP_Felix/tools/MPP/workflow/Snakefile", line 82:
Command 'source /home/fg1085/miniconda3/bin/activate 'mpp'; set -euo pipefail;  python -m MPP.run data/aSyn/input/config.yml T none -Z data/aSyn/results/t/Z.npy -p timescales -o data/aSyn/results/t/timescales.pdf' returned non-zero exit status 1.
[Wed Aug 27 14:05:24 2025]
Error in rule plot:
    message: None
    jobid: 0
    input: data/aSyn/input/config.yml, data/aSyn/results/t/Z.npy
    output: data/aSyn/results/t/timescales.pdf
    conda-env: mpp
    shell:
        python -m MPP.run data/aSyn/input/config.yml T none -Z data/aSyn/results/t/Z.npy -p timescales -o data/aSyn/results/t/timescales.pdf
        (command exited with non-zero exit code)
Shutting down, this might take some time.
Exiting because a job execution failed. Look below for error messages
[Wed Aug 27 14:05:24 2025]
Error in rule plot:
    message: None
    jobid: 0
    input: data/aSyn/input/config.yml, data/aSyn/results/t/Z.npy
    output: data/aSyn/results/t/timescales.pdf
    conda-env: mpp
    shell:
        python -m MPP.run data/aSyn/input/config.yml T none -Z data/aSyn/results/t/Z.npy -p timescales -o data/aSyn/results/t/timescales.pdf
        (command exited with non-zero exit code)
Complete log(s): /data/evaluation/MPP/stochastic_MPP_Felix/tools/MPP/.snakemake/log/2025-08-27T140521.342754.snakemake.log
WorkflowError:
At least one job did not complete successfully.
