Assuming unrestricted shared filesystem usage.
None
host: bmdiota
Building DAG of jobs...
Using shell: /usr/bin/bash
Provided cores: 16
Rules claiming more threads will be scaled down.
Job stats:
job         count
--------  -------
gen_Z           2
plot          157
plot_all       11
total         170

Select jobs to execute...
Execute 16 jobs...
[Tue Sep 16 11:00:58 2025]
localrule plot:
    input: data/aSyn/input/config.yml, data/aSyn/results/gpcca/Z.npy
    output: data/aSyn/results/gpcca/delta_rmsd.pdf
    jobid: 171
    reason: Missing output files: data/aSyn/results/gpcca/delta_rmsd.pdf
    wildcards: system=aSyn, lumping=gpcca, plot=delta_rmsd, ext=pdf
    resources: tmpdir=/tmp
Shell command: python -m MPP.run data/aSyn/input/config.yml gpcca ref -Z data/aSyn/results/gpcca/Z.npy -p delta_rmsd -o data/aSyn/results/gpcca/delta_rmsd.pdf
Activating conda environment: mpp
[Tue Sep 16 11:00:59 2025]
localrule plot:
    input: data/HP35/input/config.yml, data/HP35/results/kl/Z.npy
    output: data/HP35/results/kl/rmsd.png
    jobid: 34
    reason: Missing output files: data/HP35/results/kl/rmsd.png
    wildcards: system=HP35, lumping=kl, plot=rmsd, ext=png
    resources: tmpdir=/tmp
Shell command: python -m MPP.run data/HP35/input/config.yml KL none -Z data/HP35/results/kl/Z.npy -p rmsd -o data/HP35/results/kl/rmsd.png
Activating conda environment: mpp
[Tue Sep 16 11:00:59 2025]
localrule plot:
    input: data/HP35/input/config.yml, data/HP35/results/t/Z.npy
    output: data/HP35/results/t/macrotraj.pdf
    jobid: 133
    reason: Updated input files: data/HP35/input/config.yml
    wildcards: system=HP35, lumping=t, plot=macrotraj, ext=pdf
    resources: tmpdir=/tmp
Shell command: python -m MPP.run data/HP35/input/config.yml T none -Z data/HP35/results/t/Z.npy -p macrotraj -o data/HP35/results/t/macrotraj.pdf
Activating conda environment: mpp
[Tue Sep 16 11:00:59 2025]
localrule plot:
    input: data/HP35/input/config.yml, data/HP35/results/t_js/Z.npy
    output: data/HP35/results/t_js/dendrogram.png
    jobid: 209
    reason: Updated input files: data/HP35/input/config.yml
    wildcards: system=HP35, lumping=t_js, plot=dendrogram, ext=png
    resources: tmpdir=/tmp
Shell command: python -m MPP.run data/HP35/input/config.yml T JS -Z data/HP35/results/t_js/Z.npy -p dendrogram -o data/HP35/results/t_js/dendrogram.png
Activating conda environment: mpp
[Tue Sep 16 11:00:59 2025]
localrule plot:
    input: data/aSyn/input/config.yml, data/aSyn/results/kl/Z.npy
    output: data/aSyn/results/kl/dendrogram.pdf
    jobid: 57
    reason: Missing output files: data/aSyn/results/kl/dendrogram.pdf
    wildcards: system=aSyn, lumping=kl, plot=dendrogram, ext=pdf
    resources: tmpdir=/tmp
Shell command: python -m MPP.run data/aSyn/input/config.yml KL none -Z data/aSyn/results/kl/Z.npy -p dendrogram -o data/aSyn/results/kl/dendrogram.pdf
Activating conda environment: mpp
[Tue Sep 16 11:00:59 2025]
localrule plot:
    input: data/HP35/input/config.yml, data/HP35/results/t/Z.npy
    output: data/HP35/results/t/dendrogram.png
    jobid: 137
    reason: Updated input files: data/HP35/input/config.yml
    wildcards: system=HP35, lumping=t, plot=dendrogram, ext=png
    resources: tmpdir=/tmp
Shell command: python -m MPP.run data/HP35/input/config.yml T none -Z data/HP35/results/t/Z.npy -p dendrogram -o data/HP35/results/t/dendrogram.png
Activating conda environment: mpp
[Tue Sep 16 11:00:59 2025]
localrule plot:
    input: data/HP35/input/config.yml, data/HP35/results/t_js/Z.npy
    output: data/HP35/results/t_js/macrotraj.png
    jobid: 213
    reason: Updated input files: data/HP35/input/config.yml
    wildcards: system=HP35, lumping=t_js, plot=macrotraj, ext=png
    resources: tmpdir=/tmp
Shell command: python -m MPP.run data/HP35/input/config.yml T JS -Z data/HP35/results/t_js/Z.npy -p macrotraj -o data/HP35/results/t_js/macrotraj.png
Activating conda environment: mpp
[Tue Sep 16 11:00:59 2025]
localrule plot:
    input: data/aSyn/input/config.yml, data/aSyn/results/kl/Z.npy
    output: data/aSyn/results/kl/macrotraj.pdf
    jobid: 61
    reason: Missing output files: data/aSyn/results/kl/macrotraj.pdf
    wildcards: system=aSyn, lumping=kl, plot=macrotraj, ext=pdf
    resources: tmpdir=/tmp
Shell command: python -m MPP.run data/aSyn/input/config.yml KL none -Z data/aSyn/results/kl/Z.npy -p macrotraj -o data/aSyn/results/kl/macrotraj.pdf
Activating conda environment: mpp
[Tue Sep 16 11:00:59 2025]
localrule plot:
    input: data/HP35/input/config.yml, data/HP35/results/kl_js/Z.npy
    output: data/HP35/results/kl_js/ck_test.png
    jobid: 192
    reason: Updated input files: data/HP35/input/config.yml
    wildcards: system=HP35, lumping=kl_js, plot=ck_test, ext=png
    resources: tmpdir=/tmp
Shell command: python -m MPP.run data/HP35/input/config.yml KL JS -Z data/HP35/results/kl_js/Z.npy -p ck_test -o data/HP35/results/kl_js/ck_test.png
Activating conda environment: mpp
[Tue Sep 16 11:00:59 2025]
localrule plot:
    input: data/HP35/input/config.yml, data/HP35/results/gpcca/Z.npy
    output: data/HP35/results/gpcca/rmsd.pdf
    jobid: 116
    reason: Missing output files: data/HP35/results/gpcca/rmsd.pdf
    wildcards: system=HP35, lumping=gpcca, plot=rmsd, ext=pdf
    resources: tmpdir=/tmp
Shell command: python -m MPP.run data/HP35/input/config.yml gpcca ref -Z data/HP35/results/gpcca/Z.npy -p rmsd -o data/HP35/results/gpcca/rmsd.pdf
Activating conda environment: mpp
[Tue Sep 16 11:00:59 2025]
localrule plot:
    input: data/aSyn/input/config.yml, data/aSyn/results/t_js/Z.npy
    output: data/aSyn/results/t_js/sankey.pdf
    jobid: 1
    reason: Missing output files: data/aSyn/results/t_js/sankey.pdf
    wildcards: system=aSyn, lumping=t_js, plot=sankey, ext=pdf
    resources: tmpdir=/tmp
Shell command: python -m MPP.run data/aSyn/input/config.yml T JS -Z data/aSyn/results/t_js/Z.npy -p sankey -o data/aSyn/results/t_js/sankey.pdf
Activating conda environment: mpp
[Tue Sep 16 11:00:59 2025]
localrule plot:
    input: data/aSyn/input/config.yml, data/aSyn/results/t_js/Z.npy
    output: data/aSyn/results/t_js/delta_rmsd.png
    jobid: 17
    reason: Missing output files: data/aSyn/results/t_js/delta_rmsd.png
    wildcards: system=aSyn, lumping=t_js, plot=delta_rmsd, ext=png
    resources: tmpdir=/tmp
Shell command: python -m MPP.run data/aSyn/input/config.yml T JS -Z data/aSyn/results/t_js/Z.npy -p delta_rmsd -o data/aSyn/results/t_js/delta_rmsd.png
Activating conda environment: mpp
[Tue Sep 16 11:00:59 2025]
localrule plot:
    input: data/aSyn/input/config.yml, data/aSyn/results/t/Z.npy
    output: data/aSyn/results/t/contacts.pdf
    jobid: 78
    reason: Missing output files: data/aSyn/results/t/contacts.pdf
    wildcards: system=aSyn, lumping=t, plot=contacts, ext=pdf
    resources: tmpdir=/tmp
Shell command: python -m MPP.run data/aSyn/input/config.yml T none -Z data/aSyn/results/t/Z.npy -p contacts -o data/aSyn/results/t/contacts.pdf
Activating conda environment: mpp
[Tue Sep 16 11:00:59 2025]
localrule plot:
    input: data/HP35/input/config.yml, data/HP35/results/t_js/Z.npy
    output: data/HP35/results/t_js/sankey.pdf
    jobid: 199
    reason: Updated input files: data/HP35/input/config.yml
    wildcards: system=HP35, lumping=t_js, plot=sankey, ext=pdf
    resources: tmpdir=/tmp
Shell command: python -m MPP.run data/HP35/input/config.yml T JS -Z data/HP35/results/t_js/Z.npy -p sankey -o data/HP35/results/t_js/sankey.pdf
Activating conda environment: mpp
[Tue Sep 16 11:00:59 2025]
localrule plot:
    input: data/aSyn/input/config.yml, data/aSyn/results/kl/Z.npy
    output: data/aSyn/results/kl/delta_rmsd.pdf
    jobid: 63
    reason: Missing output files: data/aSyn/results/kl/delta_rmsd.pdf
    wildcards: system=aSyn, lumping=kl, plot=delta_rmsd, ext=pdf
    resources: tmpdir=/tmp
Shell command: python -m MPP.run data/aSyn/input/config.yml KL none -Z data/aSyn/results/kl/Z.npy -p delta_rmsd -o data/aSyn/results/kl/delta_rmsd.pdf
Activating conda environment: mpp
[Tue Sep 16 11:00:59 2025]
localrule plot:
    input: data/aSyn/input/config.yml, data/aSyn/results/t_js/Z.npy
    output: data/aSyn/results/t_js/contacts.pdf
    jobid: 6
    reason: Missing output files: data/aSyn/results/t_js/contacts.pdf
    wildcards: system=aSyn, lumping=t_js, plot=contacts, ext=pdf
    resources: tmpdir=/tmp
Shell command: python -m MPP.run data/aSyn/input/config.yml T JS -Z data/aSyn/results/t_js/Z.npy -p contacts -o data/aSyn/results/t_js/contacts.pdf
Activating conda environment: mpp
Select jobs to execute...
RuleException:
CalledProcessError in file "/data/evaluation/MPP/stochastic_MPP_Felix/MPP/workflow/Snakefile", line 72:
Command 'source /home/fg1085/miniconda3/bin/activate 'mpp'; set -euo pipefail;  python -m MPP.run data/HP35/input/config.yml KL none -Z data/HP35/results/kl/Z.npy -p rmsd -o data/HP35/results/kl/rmsd.png' returned non-zero exit status 1.
[Tue Sep 16 11:01:08 2025]
Error in rule plot:
    message: None
    jobid: 34
    input: data/HP35/input/config.yml, data/HP35/results/kl/Z.npy
    output: data/HP35/results/kl/rmsd.png
    conda-env: mpp
    shell:
        python -m MPP.run data/HP35/input/config.yml KL none -Z data/HP35/results/kl/Z.npy -p rmsd -o data/HP35/results/kl/rmsd.png
        (command exited with non-zero exit code)
RuleException:
CalledProcessError in file "/data/evaluation/MPP/stochastic_MPP_Felix/MPP/workflow/Snakefile", line 72:
Command 'source /home/fg1085/miniconda3/bin/activate 'mpp'; set -euo pipefail;  python -m MPP.run data/HP35/input/config.yml gpcca ref -Z data/HP35/results/gpcca/Z.npy -p rmsd -o data/HP35/results/gpcca/rmsd.pdf' returned non-zero exit status 1.
[Tue Sep 16 11:01:09 2025]
Error in rule plot:
    message: None
    jobid: 116
    input: data/HP35/input/config.yml, data/HP35/results/gpcca/Z.npy
    output: data/HP35/results/gpcca/rmsd.pdf
    conda-env: mpp
    shell:
        python -m MPP.run data/HP35/input/config.yml gpcca ref -Z data/HP35/results/gpcca/Z.npy -p rmsd -o data/HP35/results/gpcca/rmsd.pdf
        (command exited with non-zero exit code)
[Tue Sep 16 11:01:09 2025]
Finished jobid: 57 (Rule: plot)
1 of 170 steps (1%) done
[Tue Sep 16 11:01:09 2025]
Finished jobid: 1 (Rule: plot)
2 of 170 steps (1%) done
[Tue Sep 16 11:01:10 2025]
Finished jobid: 171 (Rule: plot)
3 of 170 steps (2%) done
[Tue Sep 16 11:01:10 2025]
Finished jobid: 199 (Rule: plot)
4 of 170 steps (2%) done
[Tue Sep 16 11:01:10 2025]
Finished jobid: 63 (Rule: plot)
5 of 170 steps (3%) done
[Tue Sep 16 11:01:11 2025]
Finished jobid: 6 (Rule: plot)
6 of 170 steps (4%) done
[Tue Sep 16 11:01:11 2025]
Finished jobid: 61 (Rule: plot)
7 of 170 steps (4%) done
[Tue Sep 16 11:01:11 2025]
Finished jobid: 17 (Rule: plot)
8 of 170 steps (5%) done
[Tue Sep 16 11:01:12 2025]
Finished jobid: 192 (Rule: plot)
9 of 170 steps (5%) done
[Tue Sep 16 11:01:13 2025]
Finished jobid: 78 (Rule: plot)
10 of 170 steps (6%) done
[Tue Sep 16 11:01:15 2025]
Finished jobid: 133 (Rule: plot)
11 of 170 steps (6%) done
[Tue Sep 16 11:01:15 2025]
Finished jobid: 213 (Rule: plot)
12 of 170 steps (7%) done
[Tue Sep 16 11:01:21 2025]
Finished jobid: 209 (Rule: plot)
13 of 170 steps (8%) done
[Tue Sep 16 11:01:33 2025]
Finished jobid: 137 (Rule: plot)
14 of 170 steps (8%) done
Shutting down, this might take some time.
Exiting because a job execution failed. Look below for error messages
[Tue Sep 16 11:01:33 2025]
Error in rule plot:
    message: None
    jobid: 34
    input: data/HP35/input/config.yml, data/HP35/results/kl/Z.npy
    output: data/HP35/results/kl/rmsd.png
    conda-env: mpp
    shell:
        python -m MPP.run data/HP35/input/config.yml KL none -Z data/HP35/results/kl/Z.npy -p rmsd -o data/HP35/results/kl/rmsd.png
        (command exited with non-zero exit code)
[Tue Sep 16 11:01:33 2025]
Error in rule plot:
    message: None
    jobid: 116
    input: data/HP35/input/config.yml, data/HP35/results/gpcca/Z.npy
    output: data/HP35/results/gpcca/rmsd.pdf
    conda-env: mpp
    shell:
        python -m MPP.run data/HP35/input/config.yml gpcca ref -Z data/HP35/results/gpcca/Z.npy -p rmsd -o data/HP35/results/gpcca/rmsd.pdf
        (command exited with non-zero exit code)
Complete log(s): /data/evaluation/MPP/stochastic_MPP_Felix/MPP/.snakemake/log/2025-09-16T110057.815524.snakemake.log
WorkflowError:
At least one job did not complete successfully.
