Assuming unrestricted shared filesystem usage.
None
host: bmdiota
Building DAG of jobs...
Using shell: /usr/bin/bash
Provided cores: 32
Rules claiming more threads will be scaled down.
Job stats:
job      count
-----  -------
plot         1
total        1

Select jobs to execute...
Execute 1 jobs...
[Tue Sep 16 10:50:59 2025]
localrule plot:
    input: data/aSyn/input/config.yml, data/aSyn/results/kl_js/Z.npy
    output: data/aSyn/results/kl_js/contacts.pdf
    jobid: 0
    reason: Missing output files: data/aSyn/results/kl_js/contacts.pdf
    wildcards: system=aSyn, lumping=kl_js, plot=contacts, ext=pdf
    resources: tmpdir=/tmp
Shell command: python -m MPP.run data/aSyn/input/config.yml KL JS -Z data/aSyn/results/kl_js/Z.npy -p contacts -o data/aSyn/results/kl_js/contacts.pdf
Activating conda environment: mpp
RuleException:
CalledProcessError in file "/data/evaluation/MPP/stochastic_MPP_Felix/MPP/workflow/Snakefile", line 72:
Command 'source /home/fg1085/miniconda3/bin/activate 'mpp'; set -euo pipefail;  python -m MPP.run data/aSyn/input/config.yml KL JS -Z data/aSyn/results/kl_js/Z.npy -p contacts -o data/aSyn/results/kl_js/contacts.pdf' returned non-zero exit status 1.
[Tue Sep 16 10:51:05 2025]
Error in rule plot:
    message: None
    jobid: 0
    input: data/aSyn/input/config.yml, data/aSyn/results/kl_js/Z.npy
    output: data/aSyn/results/kl_js/contacts.pdf
    conda-env: mpp
    shell:
        python -m MPP.run data/aSyn/input/config.yml KL JS -Z data/aSyn/results/kl_js/Z.npy -p contacts -o data/aSyn/results/kl_js/contacts.pdf
        (command exited with non-zero exit code)
Shutting down, this might take some time.
Exiting because a job execution failed. Look below for error messages
[Tue Sep 16 10:51:06 2025]
Error in rule plot:
    message: None
    jobid: 0
    input: data/aSyn/input/config.yml, data/aSyn/results/kl_js/Z.npy
    output: data/aSyn/results/kl_js/contacts.pdf
    conda-env: mpp
    shell:
        python -m MPP.run data/aSyn/input/config.yml KL JS -Z data/aSyn/results/kl_js/Z.npy -p contacts -o data/aSyn/results/kl_js/contacts.pdf
        (command exited with non-zero exit code)
Complete log(s): /data/evaluation/MPP/stochastic_MPP_Felix/MPP/.snakemake/log/2025-09-16T105059.864076.snakemake.log
WorkflowError:
At least one job did not complete successfully.
