Assuming unrestricted shared filesystem usage.
None
host: bmdiota
Building DAG of jobs...
Using shell: /usr/bin/bash
Provided cores: 32
Rules claiming more threads will be scaled down.
Job stats:
job             count
------------  -------
gen_Z               9
rmsd_feature        9
total              18

Select jobs to execute...
Execute 9 jobs...
[Mon Aug 25 14:59:54 2025]
localrule gen_Z:
    input: data/HP35/input/config.yml
    output: data/HP35/results/kl/Z.npy
    jobid: 7
    reason: Missing output files: data/HP35/results/kl/Z.npy
    wildcards: system=HP35, lumping=kl
    resources: tmpdir=/tmp
Shell command: python -m MPP.run data/HP35/input/config.yml KL none -Z data/HP35/results/kl/Z.npy
[Mon Aug 25 14:59:55 2025]
localrule gen_Z:
    input: data/aSyn/input/config.yml
    output: data/aSyn/results/gpcca/Z.npy
    jobid: 3
    reason: Missing output files: data/aSyn/results/gpcca/Z.npy
    wildcards: system=aSyn, lumping=gpcca
    resources: tmpdir=/tmp
Shell command: python -m MPP.run data/aSyn/input/config.yml gpcca ref -Z data/aSyn/results/gpcca/Z.npy
[Mon Aug 25 14:59:55 2025]
localrule gen_Z:
    input: data/HP35/input/config.yml
    output: data/HP35/results/kl_js/Z.npy
    jobid: 11
    reason: Missing output files: data/HP35/results/kl_js/Z.npy
    wildcards: system=HP35, lumping=kl_js
    resources: tmpdir=/tmp
Shell command: python -m MPP.run data/HP35/input/config.yml KL JS -Z data/HP35/results/kl_js/Z.npy
[Mon Aug 25 14:59:55 2025]
localrule gen_Z:
    input: data/aSyn/input/config.yml
    output: data/aSyn/results/t/Z.npy
    jobid: 19
    reason: Missing output files: data/aSyn/results/t/Z.npy
    wildcards: system=aSyn, lumping=t
    resources: tmpdir=/tmp
Shell command: python -m MPP.run data/aSyn/input/config.yml T none -Z data/aSyn/results/t/Z.npy
[Mon Aug 25 14:59:55 2025]
localrule gen_Z:
    input: data/HP35/input/config.yml
    output: data/HP35/results/t_js/Z.npy
    jobid: 1
    reason: Missing output files: data/HP35/results/t_js/Z.npy
    wildcards: system=HP35, lumping=t_js
    resources: tmpdir=/tmp
Shell command: python -m MPP.run data/HP35/input/config.yml T JS -Z data/HP35/results/t_js/Z.npy
[Mon Aug 25 14:59:55 2025]
localrule gen_Z:
    input: data/aSyn/input/config.yml
    output: data/aSyn/results/kl_js/Z.npy
    jobid: 5
    reason: Missing output files: data/aSyn/results/kl_js/Z.npy
    wildcards: system=aSyn, lumping=kl_js
    resources: tmpdir=/tmp
Shell command: python -m MPP.run data/aSyn/input/config.yml KL JS -Z data/aSyn/results/kl_js/Z.npy
[Mon Aug 25 14:59:55 2025]
localrule gen_Z:
    input: data/HP35/input/config.yml
    output: data/HP35/results/gpcca/Z.npy
    jobid: 13
    reason: Missing output files: data/HP35/results/gpcca/Z.npy
    wildcards: system=HP35, lumping=gpcca
    resources: tmpdir=/tmp
Shell command: python -m MPP.run data/HP35/input/config.yml gpcca ref -Z data/HP35/results/gpcca/Z.npy
[Mon Aug 25 14:59:55 2025]
localrule gen_Z:
    input: data/aSyn/input/config.yml
    output: data/aSyn/results/t_js/Z.npy
    jobid: 9
    reason: Missing output files: data/aSyn/results/t_js/Z.npy
    wildcards: system=aSyn, lumping=t_js
    resources: tmpdir=/tmp
Shell command: python -m MPP.run data/aSyn/input/config.yml T JS -Z data/aSyn/results/t_js/Z.npy
[Mon Aug 25 14:59:55 2025]
localrule gen_Z:
    input: data/aSyn/input/config.yml
    output: data/aSyn/results/kl/Z.npy
    jobid: 17
    reason: Missing output files: data/aSyn/results/kl/Z.npy
    wildcards: system=aSyn, lumping=kl
    resources: tmpdir=/tmp
Shell command: python -m MPP.run data/aSyn/input/config.yml KL none -Z data/aSyn/results/kl/Z.npy
Activating conda environment: mpp
Activating conda environment: mpp
Activating conda environment: mpp
Activating conda environment: mpp
Activating conda environment: mpp
Activating conda environment: mpp
Activating conda environment: mpp
Activating conda environment: mpp
Activating conda environment: mpp
Moving output file data/HP35/results/kl/Z.npy to cache.
Symlinking output file data/HP35/results/kl/Z.npy from cache.
[Mon Aug 25 15:00:04 2025]
Finished jobid: 7 (Rule: gen_Z)
1 of 18 steps (6%) done
Select jobs to execute...
Execute 1 jobs...
[Mon Aug 25 15:00:04 2025]
localrule rmsd_feature:
    input: data/HP35/input/config.yml, data/HP35/results/kl/Z.npy
    output: data/HP35/results/kl/rmsd_feature.npy, data/HP35/results/kl/rmsd_feature_mean_frames.ndx
    jobid: 6
    reason: Missing output files: data/HP35/results/kl/rmsd_feature.npy; Input files updated by another job: data/HP35/results/kl/Z.npy
    wildcards: system=HP35, lumping=kl
    resources: tmpdir=/tmp, mem_mb=4041, mem_mib=3854
Shell command: python -m MPP.run data/HP35/input/config.yml KL none -Z data/HP35/results/kl/Z.npy --rmsd data/HP35/results/kl/rmsd_feature.npy --rmsd-feature feature
Activating conda environment: mpp
Moving output file data/aSyn/results/t/Z.npy to cache.
Symlinking output file data/aSyn/results/t/Z.npy from cache.
[Mon Aug 25 15:00:05 2025]
Finished jobid: 19 (Rule: gen_Z)
2 of 18 steps (11%) done
Select jobs to execute...
Execute 1 jobs...
[Mon Aug 25 15:00:05 2025]
localrule rmsd_feature:
    input: data/aSyn/input/config.yml, data/aSyn/results/t/Z.npy
    output: data/aSyn/results/t/rmsd_feature.npy, data/aSyn/results/t/rmsd_feature_mean_frames.ndx
    jobid: 18
    reason: Missing output files: data/aSyn/results/t/rmsd_feature.npy; Input files updated by another job: data/aSyn/results/t/Z.npy
    wildcards: system=aSyn, lumping=t
    resources: tmpdir=/tmp, mem_mb=72271, mem_mib=68923
Shell command: python -m MPP.run data/aSyn/input/config.yml T none -Z data/aSyn/results/t/Z.npy --rmsd data/aSyn/results/t/rmsd_feature.npy --rmsd-feature feature
Activating conda environment: mpp
Moving output file data/aSyn/results/kl/Z.npy to cache.
Symlinking output file data/aSyn/results/kl/Z.npy from cache.
[Mon Aug 25 15:00:05 2025]
Finished jobid: 17 (Rule: gen_Z)
3 of 18 steps (17%) done
Select jobs to execute...
Execute 1 jobs...
[Mon Aug 25 15:00:05 2025]
localrule rmsd_feature:
    input: data/aSyn/input/config.yml, data/aSyn/results/kl/Z.npy
    output: data/aSyn/results/kl/rmsd_feature.npy, data/aSyn/results/kl/rmsd_feature_mean_frames.ndx
    jobid: 16
    reason: Missing output files: data/aSyn/results/kl/rmsd_feature.npy; Input files updated by another job: data/aSyn/results/kl/Z.npy
    wildcards: system=aSyn, lumping=kl
    resources: tmpdir=/tmp, mem_mb=72271, mem_mib=68923
Shell command: python -m MPP.run data/aSyn/input/config.yml KL none -Z data/aSyn/results/kl/Z.npy --rmsd data/aSyn/results/kl/rmsd_feature.npy --rmsd-feature feature
Activating conda environment: mpp
Moving output file data/HP35/results/kl_js/Z.npy to cache.
Symlinking output file data/HP35/results/kl_js/Z.npy from cache.
[Mon Aug 25 15:00:05 2025]
Finished jobid: 11 (Rule: gen_Z)
4 of 18 steps (22%) done
Select jobs to execute...
Execute 1 jobs...
[Mon Aug 25 15:00:05 2025]
localrule rmsd_feature:
    input: data/HP35/input/config.yml, data/HP35/results/kl_js/Z.npy
    output: data/HP35/results/kl_js/rmsd_feature.npy, data/HP35/results/kl_js/rmsd_feature_mean_frames.ndx
    jobid: 10
    reason: Missing output files: data/HP35/results/kl_js/rmsd_feature.npy; Input files updated by another job: data/HP35/results/kl_js/Z.npy
    wildcards: system=HP35, lumping=kl_js
    resources: tmpdir=/tmp, mem_mb=4041, mem_mib=3854
Shell command: python -m MPP.run data/HP35/input/config.yml KL JS -Z data/HP35/results/kl_js/Z.npy --rmsd data/HP35/results/kl_js/rmsd_feature.npy --rmsd-feature feature
Activating conda environment: mpp
Moving output file data/aSyn/results/kl_js/Z.npy to cache.
Symlinking output file data/aSyn/results/kl_js/Z.npy from cache.
[Mon Aug 25 15:00:05 2025]
Finished jobid: 5 (Rule: gen_Z)
5 of 18 steps (28%) done
Select jobs to execute...
Execute 1 jobs...
[Mon Aug 25 15:00:05 2025]
localrule rmsd_feature:
    input: data/aSyn/input/config.yml, data/aSyn/results/kl_js/Z.npy
    output: data/aSyn/results/kl_js/rmsd_feature.npy, data/aSyn/results/kl_js/rmsd_feature_mean_frames.ndx
    jobid: 4
    reason: Missing output files: data/aSyn/results/kl_js/rmsd_feature.npy; Input files updated by another job: data/aSyn/results/kl_js/Z.npy
    wildcards: system=aSyn, lumping=kl_js
    resources: tmpdir=/tmp, mem_mb=72271, mem_mib=68923
Shell command: python -m MPP.run data/aSyn/input/config.yml KL JS -Z data/aSyn/results/kl_js/Z.npy --rmsd data/aSyn/results/kl_js/rmsd_feature.npy --rmsd-feature feature
Activating conda environment: mpp
Moving output file data/aSyn/results/t_js/Z.npy to cache.
Symlinking output file data/aSyn/results/t_js/Z.npy from cache.
[Mon Aug 25 15:00:06 2025]
Finished jobid: 9 (Rule: gen_Z)
6 of 18 steps (33%) done
Select jobs to execute...
Execute 1 jobs...
[Mon Aug 25 15:00:06 2025]
localrule rmsd_feature:
    input: data/aSyn/input/config.yml, data/aSyn/results/t_js/Z.npy
    output: data/aSyn/results/t_js/rmsd_feature.npy, data/aSyn/results/t_js/rmsd_feature_mean_frames.ndx
    jobid: 8
    reason: Missing output files: data/aSyn/results/t_js/rmsd_feature.npy; Input files updated by another job: data/aSyn/results/t_js/Z.npy
    wildcards: system=aSyn, lumping=t_js
    resources: tmpdir=/tmp, mem_mb=72271, mem_mib=68923
Shell command: python -m MPP.run data/aSyn/input/config.yml T JS -Z data/aSyn/results/t_js/Z.npy --rmsd data/aSyn/results/t_js/rmsd_feature.npy --rmsd-feature feature
Activating conda environment: mpp
Moving output file data/HP35/results/gpcca/Z.npy to cache.
Symlinking output file data/HP35/results/gpcca/Z.npy from cache.
[Mon Aug 25 15:00:08 2025]
Finished jobid: 13 (Rule: gen_Z)
7 of 18 steps (39%) done
Select jobs to execute...
Execute 1 jobs...
[Mon Aug 25 15:00:08 2025]
localrule rmsd_feature:
    input: data/HP35/input/config.yml, data/HP35/results/gpcca/Z.npy
    output: data/HP35/results/gpcca/rmsd_feature.npy, data/HP35/results/gpcca/rmsd_feature_mean_frames.ndx
    jobid: 12
    reason: Missing output files: data/HP35/results/gpcca/rmsd_feature.npy; Input files updated by another job: data/HP35/results/gpcca/Z.npy
    wildcards: system=HP35, lumping=gpcca
    resources: tmpdir=/tmp, mem_mb=4041, mem_mib=3854
Shell command: python -m MPP.run data/HP35/input/config.yml gpcca ref -Z data/HP35/results/gpcca/Z.npy --rmsd data/HP35/results/gpcca/rmsd_feature.npy --rmsd-feature feature
Activating conda environment: mpp
Moving output file data/HP35/results/t_js/Z.npy to cache.
Moving output file data/aSyn/results/gpcca/Z.npy to cache.
Symlinking output file data/HP35/results/t_js/Z.npy from cache.
Symlinking output file data/aSyn/results/gpcca/Z.npy from cache.
[Mon Aug 25 15:00:09 2025]
Finished jobid: 3 (Rule: gen_Z)
8 of 18 steps (44%) done
Select jobs to execute...
Execute 1 jobs...
[Mon Aug 25 15:00:09 2025]
localrule rmsd_feature:
    input: data/aSyn/input/config.yml, data/aSyn/results/gpcca/Z.npy
    output: data/aSyn/results/gpcca/rmsd_feature.npy, data/aSyn/results/gpcca/rmsd_feature_mean_frames.ndx
    jobid: 2
    reason: Missing output files: data/aSyn/results/gpcca/rmsd_feature.npy; Input files updated by another job: data/aSyn/results/gpcca/Z.npy
    wildcards: system=aSyn, lumping=gpcca
    resources: tmpdir=/tmp, mem_mb=72271, mem_mib=68923
Shell command: python -m MPP.run data/aSyn/input/config.yml gpcca ref -Z data/aSyn/results/gpcca/Z.npy --rmsd data/aSyn/results/gpcca/rmsd_feature.npy --rmsd-feature feature
Activating conda environment: mpp
[Mon Aug 25 15:00:09 2025]
Finished jobid: 1 (Rule: gen_Z)
9 of 18 steps (50%) done
Select jobs to execute...
Execute 1 jobs...
[Mon Aug 25 15:00:09 2025]
localrule rmsd_feature:
    input: data/HP35/input/config.yml, data/HP35/results/t_js/Z.npy
    output: data/HP35/results/t_js/rmsd_feature.npy, data/HP35/results/t_js/rmsd_feature_mean_frames.ndx
    jobid: 0
    reason: Missing output files: data/HP35/results/t_js/rmsd_feature.npy; Input files updated by another job: data/HP35/results/t_js/Z.npy
    wildcards: system=HP35, lumping=t_js
    resources: tmpdir=/tmp, mem_mb=4041, mem_mib=3854
Shell command: python -m MPP.run data/HP35/input/config.yml T JS -Z data/HP35/results/t_js/Z.npy --rmsd data/HP35/results/t_js/rmsd_feature.npy --rmsd-feature feature
Activating conda environment: mpp
[Mon Aug 25 15:00:15 2025]
Finished jobid: 4 (Rule: rmsd_feature)
10 of 18 steps (56%) done
[Mon Aug 25 15:00:15 2025]
Finished jobid: 8 (Rule: rmsd_feature)
11 of 18 steps (61%) done
[Mon Aug 25 15:00:17 2025]
Finished jobid: 16 (Rule: rmsd_feature)
12 of 18 steps (67%) done
[Mon Aug 25 15:00:20 2025]
Finished jobid: 18 (Rule: rmsd_feature)
13 of 18 steps (72%) done
[Mon Aug 25 15:00:24 2025]
Finished jobid: 2 (Rule: rmsd_feature)
14 of 18 steps (78%) done
[Mon Aug 25 15:00:37 2025]
Finished jobid: 0 (Rule: rmsd_feature)
15 of 18 steps (83%) done
[Mon Aug 25 15:00:43 2025]
Finished jobid: 10 (Rule: rmsd_feature)
16 of 18 steps (89%) done
[Mon Aug 25 15:00:56 2025]
Finished jobid: 6 (Rule: rmsd_feature)
17 of 18 steps (94%) done
[Mon Aug 25 15:10:00 2025]
Finished jobid: 12 (Rule: rmsd_feature)
18 of 18 steps (100%) done
Complete log(s): /data/evaluation/MPP/stochastic_MPP_Felix/tools/MPP/.snakemake/log/2025-08-25T145954.347792.snakemake.log
