Assuming unrestricted shared filesystem usage.
None
host: bmdiota
Building DAG of jobs...
Using shell: /usr/bin/bash
Provided cores: 32
Rules claiming more threads will be scaled down.
Job stats:
job             count
------------  -------
rmsd_feature       10
total              10

Select jobs to execute...
Execute 10 jobs...
[Tue Sep  2 14:37:34 2025]
localrule rmsd_feature:
    input: data/aSyn/input/config.yml, data/aSyn/results/gpcca/Z.npy
    output: data/aSyn/results/gpcca/rmsd_feature.npy, data/aSyn/results/gpcca/rmsd_feature_mean_frames.ndx
    jobid: 4
    reason: Forced execution
    wildcards: system=aSyn, lumping=gpcca
    resources: tmpdir=/tmp, mem_mb=72271, mem_mib=68923
Shell command: python -m MPP.run data/aSyn/input/config.yml gpcca ref -Z data/aSyn/results/gpcca/Z.npy --rmsd data/aSyn/results/gpcca/rmsd_feature.npy --rmsd-feature feature
Activating conda environment: mpp
[Tue Sep  2 14:37:35 2025]
localrule rmsd_feature:
    input: data/aSyn/input/config.yml, data/aSyn/results/kl_js/Z.npy
    output: data/aSyn/results/kl_js/rmsd_feature.npy, data/aSyn/results/kl_js/rmsd_feature_mean_frames.ndx
    jobid: 12
    reason: Forced execution
    wildcards: system=aSyn, lumping=kl_js
    resources: tmpdir=/tmp, mem_mb=72271, mem_mib=68923
Shell command: python -m MPP.run data/aSyn/input/config.yml KL JS -Z data/aSyn/results/kl_js/Z.npy --rmsd data/aSyn/results/kl_js/rmsd_feature.npy --rmsd-feature feature
Activating conda environment: mpp
[Tue Sep  2 14:37:36 2025]
localrule rmsd_feature:
    input: data/aSyn/input/config.yml, data/aSyn/results/t/Z.npy
    output: data/aSyn/results/t/rmsd_feature.npy, data/aSyn/results/t/rmsd_feature_mean_frames.ndx
    jobid: 8
    reason: Forced execution
    wildcards: system=aSyn, lumping=t
    resources: tmpdir=/tmp, mem_mb=72271, mem_mib=68923
Shell command: python -m MPP.run data/aSyn/input/config.yml T none -Z data/aSyn/results/t/Z.npy --rmsd data/aSyn/results/t/rmsd_feature.npy --rmsd-feature feature
Activating conda environment: mpp
[Tue Sep  2 14:37:36 2025]
localrule rmsd_feature:
    input: data/HP35/input/config.yml, data/HP35/results/kl_js/Z.npy
    output: data/HP35/results/kl_js/rmsd_feature.npy, data/HP35/results/kl_js/rmsd_feature_mean_frames.ndx
    jobid: 16
    reason: Forced execution
    wildcards: system=HP35, lumping=kl_js
    resources: tmpdir=/tmp, mem_mb=4041, mem_mib=3854
Shell command: python -m MPP.run data/HP35/input/config.yml KL JS -Z data/HP35/results/kl_js/Z.npy --rmsd data/HP35/results/kl_js/rmsd_feature.npy --rmsd-feature feature
Activating conda environment: mpp
[Tue Sep  2 14:37:36 2025]
localrule rmsd_feature:
    input: data/HP35/input/config.yml, data/HP35/results/kl/Z.npy
    output: data/HP35/results/kl/rmsd_feature.npy, data/HP35/results/kl/rmsd_feature_mean_frames.ndx
    jobid: 0
    reason: Forced execution
    wildcards: system=HP35, lumping=kl
    resources: tmpdir=/tmp, mem_mb=4041, mem_mib=3854
Shell command: python -m MPP.run data/HP35/input/config.yml KL none -Z data/HP35/results/kl/Z.npy --rmsd data/HP35/results/kl/rmsd_feature.npy --rmsd-feature feature
Activating conda environment: mpp
[Tue Sep  2 14:37:36 2025]
localrule rmsd_feature:
    input: data/HP35/input/config.yml, data/HP35/results/t_js/Z.npy
    output: data/HP35/results/t_js/rmsd_feature.npy, data/HP35/results/t_js/rmsd_feature_mean_frames.ndx
    jobid: 6
    reason: Forced execution
    wildcards: system=HP35, lumping=t_js
    resources: tmpdir=/tmp, mem_mb=4041, mem_mib=3854
Shell command: python -m MPP.run data/HP35/input/config.yml T JS -Z data/HP35/results/t_js/Z.npy --rmsd data/HP35/results/t_js/rmsd_feature.npy --rmsd-feature feature
Activating conda environment: mpp
[Tue Sep  2 14:37:36 2025]
localrule rmsd_feature:
    input: data/HP35/input/config.yml, data/HP35/results/gpcca/Z.npy
    output: data/HP35/results/gpcca/rmsd_feature.npy, data/HP35/results/gpcca/rmsd_feature_mean_frames.ndx
    jobid: 2
    reason: Forced execution
    wildcards: system=HP35, lumping=gpcca
    resources: tmpdir=/tmp, mem_mb=4041, mem_mib=3854
Shell command: python -m MPP.run data/HP35/input/config.yml gpcca ref -Z data/HP35/results/gpcca/Z.npy --rmsd data/HP35/results/gpcca/rmsd_feature.npy --rmsd-feature feature
Activating conda environment: mpp
[Tue Sep  2 14:37:36 2025]
localrule rmsd_feature:
    input: data/aSyn/input/config.yml, data/aSyn/results/t_js/Z.npy
    output: data/aSyn/results/t_js/rmsd_feature.npy, data/aSyn/results/t_js/rmsd_feature_mean_frames.ndx
    jobid: 10
    reason: Forced execution
    wildcards: system=aSyn, lumping=t_js
    resources: tmpdir=/tmp, mem_mb=72271, mem_mib=68923
Shell command: python -m MPP.run data/aSyn/input/config.yml T JS -Z data/aSyn/results/t_js/Z.npy --rmsd data/aSyn/results/t_js/rmsd_feature.npy --rmsd-feature feature
Activating conda environment: mpp
[Tue Sep  2 14:37:36 2025]
localrule rmsd_feature:
    input: data/HP35/input/config.yml, data/HP35/results/t/Z.npy
    output: data/HP35/results/t/rmsd_feature.npy, data/HP35/results/t/rmsd_feature_mean_frames.ndx
    jobid: 14
    reason: Forced execution
    wildcards: system=HP35, lumping=t
    resources: tmpdir=/tmp, mem_mb=4041, mem_mib=3854
Shell command: python -m MPP.run data/HP35/input/config.yml T none -Z data/HP35/results/t/Z.npy --rmsd data/HP35/results/t/rmsd_feature.npy --rmsd-feature feature
Activating conda environment: mpp
[Tue Sep  2 14:37:36 2025]
localrule rmsd_feature:
    input: data/aSyn/input/config.yml, data/aSyn/results/kl/Z.npy
    output: data/aSyn/results/kl/rmsd_feature.npy, data/aSyn/results/kl/rmsd_feature_mean_frames.ndx
    jobid: 18
    reason: Forced execution
    wildcards: system=aSyn, lumping=kl
    resources: tmpdir=/tmp, mem_mb=72271, mem_mib=68923
Shell command: python -m MPP.run data/aSyn/input/config.yml KL none -Z data/aSyn/results/kl/Z.npy --rmsd data/aSyn/results/kl/rmsd_feature.npy --rmsd-feature feature
Activating conda environment: mpp
[Tue Sep  2 14:37:47 2025]
Finished jobid: 12 (Rule: rmsd_feature)
1 of 10 steps (10%) done
[Tue Sep  2 14:37:47 2025]
Finished jobid: 10 (Rule: rmsd_feature)
2 of 10 steps (20%) done
[Tue Sep  2 14:37:47 2025]
Finished jobid: 18 (Rule: rmsd_feature)
3 of 10 steps (30%) done
[Tue Sep  2 14:37:51 2025]
Finished jobid: 8 (Rule: rmsd_feature)
4 of 10 steps (40%) done
[Tue Sep  2 14:37:52 2025]
Finished jobid: 4 (Rule: rmsd_feature)
5 of 10 steps (50%) done
[Tue Sep  2 14:38:05 2025]
Finished jobid: 6 (Rule: rmsd_feature)
6 of 10 steps (60%) done
[Tue Sep  2 14:38:14 2025]
Finished jobid: 14 (Rule: rmsd_feature)
7 of 10 steps (70%) done
[Tue Sep  2 14:38:15 2025]
Finished jobid: 16 (Rule: rmsd_feature)
8 of 10 steps (80%) done
[Tue Sep  2 14:38:31 2025]
Finished jobid: 0 (Rule: rmsd_feature)
9 of 10 steps (90%) done
[Tue Sep  2 14:47:11 2025]
Finished jobid: 2 (Rule: rmsd_feature)
10 of 10 steps (100%) done
Complete log(s): /data/evaluation/MPP/stochastic_MPP_Felix/tools/MPP/.snakemake/log/2025-09-02T143733.893826.snakemake.log
