Assuming unrestricted shared filesystem usage.
None
host: bmdiota
Building DAG of jobs...
Using shell: /usr/bin/bash
Provided cores: 32
Rules claiming more threads will be scaled down.
Job stats:
job      count
-----  -------
gen_Z        1
total        1

Select jobs to execute...
Execute 1 jobs...
[Fri Aug 29 14:51:42 2025]
localrule gen_Z:
    input: data/sample_system/input/config.yml
    output: data/sample_system/results/t/Z.npy
    jobid: 0
    reason: Forced execution
    wildcards: system=sample_system, lumping=t
    resources: tmpdir=/tmp
Shell command: python -m MPP.run data/sample_system/input/config.yml T none -Z data/sample_system/results/t/Z.npy
Symlinking output file data/sample_system/results/t/Z.npy from cache.
[Fri Aug 29 14:51:44 2025]
Finished jobid: 0 (Rule: gen_Z)
1 of 1 steps (100%) done
Complete log(s): /data/evaluation/MPP/stochastic_MPP_Felix/tools/MPP/.snakemake/log/2025-08-29T145142.064062.snakemake.log
