Assuming unrestricted shared filesystem usage.
None
host: bmdiota
Building DAG of jobs...
Using shell: /usr/bin/bash
Provided cores: 32
Rules claiming more threads will be scaled down.
Job stats:
job      count
-----  -------
gen_Z       10
total       10

Select jobs to execute...
Execute 10 jobs...
[Mon Sep  1 11:08:16 2025]
localrule gen_Z:
    input: data/aSyn/input/config.yml
    output: data/aSyn/results/t/Z.npy
    jobid: 1
    reason: Missing output files: data/aSyn/results/t/Z.npy
    wildcards: system=aSyn, lumping=t
    resources: tmpdir=/tmp
Shell command: python -m MPP.run data/aSyn/input/config.yml T none -Z data/aSyn/results/t/Z.npy
Activating conda environment: mpp
[Mon Sep  1 11:08:18 2025]
localrule gen_Z:
    input: data/HP35/input/config.yml
    output: data/HP35/results/gpcca/Z.npy
    jobid: 9
    reason: Missing output files: data/HP35/results/gpcca/Z.npy
    wildcards: system=HP35, lumping=gpcca
    resources: tmpdir=/tmp
Shell command: python -m MPP.run data/HP35/input/config.yml gpcca ref -Z data/HP35/results/gpcca/Z.npy
Activating conda environment: mpp
[Mon Sep  1 11:08:18 2025]
localrule gen_Z:
    input: data/HP35/input/config.yml
    output: data/HP35/results/kl_js/Z.npy
    jobid: 5
    reason: Missing output files: data/HP35/results/kl_js/Z.npy
    wildcards: system=HP35, lumping=kl_js
    resources: tmpdir=/tmp
Shell command: python -m MPP.run data/HP35/input/config.yml KL JS -Z data/HP35/results/kl_js/Z.npy
Activating conda environment: mpp
[Mon Sep  1 11:08:18 2025]
localrule gen_Z:
    input: data/aSyn/input/config.yml
    output: data/aSyn/results/t_js/Z.npy
    jobid: 2
    reason: Missing output files: data/aSyn/results/t_js/Z.npy
    wildcards: system=aSyn, lumping=t_js
    resources: tmpdir=/tmp
Shell command: python -m MPP.run data/aSyn/input/config.yml T JS -Z data/aSyn/results/t_js/Z.npy
Activating conda environment: mpp
[Mon Sep  1 11:08:18 2025]
localrule gen_Z:
    input: data/HP35/input/config.yml
    output: data/HP35/results/t_js/Z.npy
    jobid: 0
    reason: Missing output files: data/HP35/results/t_js/Z.npy
    wildcards: system=HP35, lumping=t_js
    resources: tmpdir=/tmp
Shell command: python -m MPP.run data/HP35/input/config.yml T JS -Z data/HP35/results/t_js/Z.npy
Activating conda environment: mpp
[Mon Sep  1 11:08:18 2025]
localrule gen_Z:
    input: data/aSyn/input/config.yml
    output: data/aSyn/results/kl/Z.npy
    jobid: 3
    reason: Missing output files: data/aSyn/results/kl/Z.npy
    wildcards: system=aSyn, lumping=kl
    resources: tmpdir=/tmp
Shell command: python -m MPP.run data/aSyn/input/config.yml KL none -Z data/aSyn/results/kl/Z.npy
Activating conda environment: mpp
[Mon Sep  1 11:08:18 2025]
localrule gen_Z:
    input: data/aSyn/input/config.yml
    output: data/aSyn/results/kl_js/Z.npy
    jobid: 4
    reason: Missing output files: data/aSyn/results/kl_js/Z.npy
    wildcards: system=aSyn, lumping=kl_js
    resources: tmpdir=/tmp
Shell command: python -m MPP.run data/aSyn/input/config.yml KL JS -Z data/aSyn/results/kl_js/Z.npy
Activating conda environment: mpp
[Mon Sep  1 11:08:18 2025]
localrule gen_Z:
    input: data/HP35/input/config.yml
    output: data/HP35/results/kl/Z.npy
    jobid: 8
    reason: Missing output files: data/HP35/results/kl/Z.npy
    wildcards: system=HP35, lumping=kl
    resources: tmpdir=/tmp
Shell command: python -m MPP.run data/HP35/input/config.yml KL none -Z data/HP35/results/kl/Z.npy
Activating conda environment: mpp
[Mon Sep  1 11:08:18 2025]
localrule gen_Z:
    input: data/aSyn/input/config.yml
    output: data/aSyn/results/gpcca/Z.npy
    jobid: 7
    reason: Missing output files: data/aSyn/results/gpcca/Z.npy
    wildcards: system=aSyn, lumping=gpcca
    resources: tmpdir=/tmp
Shell command: python -m MPP.run data/aSyn/input/config.yml gpcca ref -Z data/aSyn/results/gpcca/Z.npy
Activating conda environment: mpp
[Mon Sep  1 11:08:18 2025]
localrule gen_Z:
    input: data/HP35/input/config.yml
    output: data/HP35/results/t/Z.npy
    jobid: 6
    reason: Missing output files: data/HP35/results/t/Z.npy
    wildcards: system=HP35, lumping=t
    resources: tmpdir=/tmp
Shell command: python -m MPP.run data/HP35/input/config.yml T none -Z data/HP35/results/t/Z.npy
Activating conda environment: mpp
[Mon Sep  1 11:08:27 2025]
Finished jobid: 1 (Rule: gen_Z)
1 of 10 steps (10%) done
[Mon Sep  1 11:08:27 2025]
Finished jobid: 3 (Rule: gen_Z)
2 of 10 steps (20%) done
[Mon Sep  1 11:08:27 2025]
Finished jobid: 2 (Rule: gen_Z)
3 of 10 steps (30%) done
[Mon Sep  1 11:08:27 2025]
Finished jobid: 8 (Rule: gen_Z)
4 of 10 steps (40%) done
[Mon Sep  1 11:08:27 2025]
Finished jobid: 4 (Rule: gen_Z)
5 of 10 steps (50%) done
[Mon Sep  1 11:08:27 2025]
Finished jobid: 6 (Rule: gen_Z)
6 of 10 steps (60%) done
[Mon Sep  1 11:08:27 2025]
Finished jobid: 0 (Rule: gen_Z)
7 of 10 steps (70%) done
[Mon Sep  1 11:08:27 2025]
Finished jobid: 5 (Rule: gen_Z)
8 of 10 steps (80%) done
[Mon Sep  1 11:08:29 2025]
Finished jobid: 9 (Rule: gen_Z)
9 of 10 steps (90%) done
[Mon Sep  1 11:08:30 2025]
Finished jobid: 7 (Rule: gen_Z)
10 of 10 steps (100%) done
Complete log(s): /data/evaluation/MPP/stochastic_MPP_Felix/tools/MPP/.snakemake/log/2025-09-01T110816.329910.snakemake.log
