Assuming unrestricted shared filesystem usage.
None
host: bmdiota
Building DAG of jobs...
Using shell: /usr/bin/bash
Provided cores: 32
Rules claiming more threads will be scaled down.
Job stats:
job             count
------------  -------
gen_Z               1
rmsd_CA             1
rmsd_feature        1
total               3

Select jobs to execute...
Execute 1 jobs...
[Mon Aug 25 14:39:56 2025]
localrule gen_Z:
    input: data/HP35/input/config.yml
    output: data/HP35/results/t/Z.npy
    jobid: 1
    reason: Missing output files: data/HP35/results/t/Z.npy
    wildcards: system=HP35, lumping=t
    resources: tmpdir=/tmp
Shell command: python -m MPP.run data/HP35/input/config.yml T none -Z data/HP35/results/t/Z.npy
Activating conda environment: mpp
Terminating processes on user request, this might take some time.
RuleException:
CalledProcessError in file "/data/evaluation/MPP/stochastic_MPP_Felix/tools/MPP/workflow/Snakefile", line 43:
Command 'source /home/fg1085/miniconda3/bin/activate 'mpp'; set -euo pipefail;  python -m MPP.run data/HP35/input/config.yml T none -Z data/HP35/results/t/Z.npy' died with <Signals.SIGINT: 2>.
[Mon Aug 25 14:40:00 2025]
Error in rule gen_Z:
    message: None
    jobid: 1
    input: data/HP35/input/config.yml
    output: data/HP35/results/t/Z.npy
    conda-env: mpp
    shell:
        python -m MPP.run data/HP35/input/config.yml T none -Z data/HP35/results/t/Z.npy
        (command exited with non-zero exit code)
Complete log(s): /data/evaluation/MPP/stochastic_MPP_Felix/tools/MPP/.snakemake/log/2025-08-25T143956.046934.snakemake.log
WorkflowError:
At least one job did not complete successfully.
