Assuming unrestricted shared filesystem usage.
None
host: bmdiota
Building DAG of jobs...
Using shell: /usr/bin/bash
Provided cores: 32
Rules claiming more threads will be scaled down.
Job stats:
job                    count
-------------------  -------
gen_Z                      1
get_mean_frames_pdb        1
rmsd                       1
total                      3

Select jobs to execute...
Execute 1 jobs...
[Tue Aug 19 15:50:33 2025]
localrule gen_Z:
    input: data/HP35/input/config.yml
    output: data/HP35/results/t/Z.npy
    jobid: 2
    reason: Updated input files: data/HP35/input/config.yml
    wildcards: system=HP35, lumping=t
    resources: tmpdir=/tmp
Shell command: python -m MPP.run data/HP35/input/config.yml T none -Z data/HP35/results/t/Z.npy
Activating conda environment: mpp
Moving output file data/HP35/results/t/Z.npy to cache.
Symlinking output file data/HP35/results/t/Z.npy from cache.
[Tue Aug 19 15:50:48 2025]
Finished jobid: 2 (Rule: gen_Z)
1 of 3 steps (33%) done
Select jobs to execute...
Execute 1 jobs...
[Tue Aug 19 15:50:48 2025]
localrule rmsd:
    input: data/HP35/input/config.yml, data/HP35/results/t/Z.npy
    output: data/HP35/results/t/rmsd.npy, data/HP35/results/t/rmsd_mean_frames.ndx
    jobid: 1
    reason: Input files updated by another job: data/HP35/results/t/Z.npy
    wildcards: system=HP35, lumping=t
    resources: tmpdir=/tmp, mem_mb=4041, mem_mib=3854
Shell command: python -m MPP.run data/HP35/input/config.yml T none -Z data/HP35/results/t/Z.npy --rmsd data/HP35/results/t/rmsd.npy
Activating conda environment: mpp
[Tue Aug 19 15:54:57 2025]
Finished jobid: 1 (Rule: rmsd)
2 of 3 steps (67%) done
Select jobs to execute...
Execute 1 jobs...
[Tue Aug 19 15:54:57 2025]
localrule get_mean_frames_pdb:
    input: data/HP35/results/t/rmsd_mean_frames.ndx
    output: data/HP35/results/t/mean_frames.pdb
    jobid: 0
    reason: Input files updated by another job: data/HP35/results/t/rmsd_mean_frames.ndx
    wildcards: system=HP35, lumping=t
    resources: tmpdir=/tmp
Shell command: mkdir -p random_pdbs
gmx trjconv -s data/HP35/input/structure.pdb -f data/HP35/input/trajectory.xtc -o data/HP35/results/t/mean_frames.pdb -fr data/HP35/results/t/rmsd_mean_frames.ndx <<eof
1
eof
[Tue Aug 19 15:55:11 2025]
Finished jobid: 0 (Rule: get_mean_frames_pdb)
3 of 3 steps (100%) done
Complete log(s): /data/evaluation/MPP/stochastic_MPP_Felix/tools/MPP/.snakemake/log/2025-08-19T155033.755209.snakemake.log
