Building DAG of jobs...
Would delete data/aSyn/results/gpcca/rmsd.npy
Would delete data/aSyn/results/gpcca/rmsd_mean_frames.ndx
Would delete data/aSyn/results/gpcca/Z.npy
Would delete data/HP35/results/gpcca/rmsd.npy
Would delete data/HP35/results/gpcca/rmsd_mean_frames.ndx
Would delete data/HP35/results/gpcca/Z.npy
Would delete data/aSyn/results/t/rmsd.npy
Would delete data/aSyn/results/t/rmsd_mean_frames.ndx
Would delete data/aSyn/results/t/Z.npy
Would delete data/aSyn/results/kl/rmsd.npy
Would delete data/aSyn/results/kl/rmsd_mean_frames.ndx
Would delete data/aSyn/results/kl/Z.npy
Would delete data/HP35/results/t_js/Z.npy
Would delete data/HP35/results/kl/rmsd.npy
Would delete data/HP35/results/kl/rmsd_mean_frames.ndx
Would delete data/HP35/results/kl/Z.npy
Would delete data/HP35/results/t/rmsd.npy
Would delete data/HP35/results/t/rmsd_mean_frames.ndx
Would delete data/HP35/results/t/Z.npy
Would delete data/HP35/results/kl_js/Z.npy
