Assuming unrestricted shared filesystem usage.
None
host: bmdiota
Building DAG of jobs...
Using shell: /usr/bin/bash
Provided cores: 32
Rules claiming more threads will be scaled down.
Job stats:
job      count
-----  -------
plot         1
total        1

Select jobs to execute...
Execute 1 jobs...
[Thu Aug 28 13:41:57 2025]
localrule plot:
    input: data/HP35_macro/input/config.yml, data/HP35_macro/results/t/Z.npy
    output: data/HP35_macro/results/t/dendrogram.pdf
    jobid: 0
    reason: Forced execution
    wildcards: system=HP35_macro, lumping=t, plot=dendrogram, extension=pdf
    resources: tmpdir=/tmp
Shell command: python -m MPP.run data/HP35_macro/input/config.yml T none -Z data/HP35_macro/results/t/Z.npy -p dendrogram -o data/HP35_macro/results/t/dendrogram.pdf
Activating conda environment: mpp
[Thu Aug 28 13:42:07 2025]
Finished jobid: 0 (Rule: plot)
1 of 1 steps (100%) done
Complete log(s): /data/evaluation/MPP/stochastic_MPP_Felix/tools/MPP/.snakemake/log/2025-08-28T134157.198485.snakemake.log
