Assuming unrestricted shared filesystem usage.
None
host: bmdiota
Building DAG of jobs...
Using shell: /usr/bin/bash
Provided cores: 16
Rules claiming more threads will be scaled down.
Job stats:
job         count
--------  -------
gen_Z           2
plot          142
plot_all       11
total         155

Select jobs to execute...
Execute 16 jobs...
[Tue Sep 16 11:08:05 2025]
localrule plot:
    input: data/HP35/input/config.yml, data/HP35/results/kl/Z.npy
    output: data/HP35/results/kl/sankey.pdf
    jobid: 163
    reason: Updated input files: data/HP35/input/config.yml
    wildcards: system=HP35, lumping=kl, plot=sankey, ext=pdf
    resources: tmpdir=/tmp
Shell command: python -m MPP.run data/HP35/input/config.yml KL none -Z data/HP35/results/kl/Z.npy -p sankey -o data/HP35/results/kl/sankey.pdf
Activating conda environment: mpp
[Tue Sep 16 11:08:06 2025]
localrule plot:
    input: data/HP35/input/config.yml, data/HP35/results/t/Z.npy
    output: data/HP35/results/t/sankey.png
    jobid: 46
    reason: Updated input files: data/HP35/input/config.yml
    wildcards: system=HP35, lumping=t, plot=sankey, ext=png
    resources: tmpdir=/tmp
Shell command: python -m MPP.run data/HP35/input/config.yml T none -Z data/HP35/results/t/Z.npy -p sankey -o data/HP35/results/t/sankey.png
Activating conda environment: mpp
[Tue Sep 16 11:08:06 2025]
localrule plot:
    input: data/aSyn/input/config.yml, data/aSyn/results/gpcca/Z.npy
    output: data/aSyn/results/gpcca/dendrogram.png
    jobid: 65
    reason: Missing output files: data/aSyn/results/gpcca/dendrogram.png
    wildcards: system=aSyn, lumping=gpcca, plot=dendrogram, ext=png
    resources: tmpdir=/tmp
Shell command: python -m MPP.run data/aSyn/input/config.yml gpcca ref -Z data/aSyn/results/gpcca/Z.npy -p dendrogram -o data/aSyn/results/gpcca/dendrogram.png
Activating conda environment: mpp
[Tue Sep 16 11:08:06 2025]
localrule plot:
    input: data/aSyn/input/config.yml, data/aSyn/results/t_js/Z.npy
    output: data/aSyn/results/t_js/ck_test.pdf
    jobid: 202
    reason: Missing output files: data/aSyn/results/t_js/ck_test.pdf
    wildcards: system=aSyn, lumping=t_js, plot=ck_test, ext=pdf
    resources: tmpdir=/tmp
Shell command: python -m MPP.run data/aSyn/input/config.yml T JS -Z data/aSyn/results/t_js/Z.npy -p ck_test -o data/aSyn/results/t_js/ck_test.pdf
Activating conda environment: mpp
[Tue Sep 16 11:08:06 2025]
localrule plot:
    input: data/HP35/input/config.yml, data/HP35/results/t_js/Z.npy
    output: data/HP35/results/t_js/delta_rmsd.pdf
    jobid: 27
    reason: Missing output files: data/HP35/results/t_js/delta_rmsd.pdf
    wildcards: system=HP35, lumping=t_js, plot=delta_rmsd, ext=pdf
    resources: tmpdir=/tmp
Shell command: python -m MPP.run data/HP35/input/config.yml T JS -Z data/HP35/results/t_js/Z.npy -p delta_rmsd -o data/HP35/results/t_js/delta_rmsd.pdf
Activating conda environment: mpp
[Tue Sep 16 11:08:06 2025]
localrule plot:
    input: data/HP35/input/config.yml, data/HP35/results/kl/Z.npy
    output: data/HP35/results/kl/delta_rmsd.png
    jobid: 179
    reason: Missing output files: data/HP35/results/kl/delta_rmsd.png
    wildcards: system=HP35, lumping=kl, plot=delta_rmsd, ext=png
    resources: tmpdir=/tmp
Shell command: python -m MPP.run data/HP35/input/config.yml KL none -Z data/HP35/results/kl/Z.npy -p delta_rmsd -o data/HP35/results/kl/delta_rmsd.png
Activating conda environment: mpp
[Tue Sep 16 11:08:06 2025]
localrule plot:
    input: data/aSyn/input/config.yml, data/aSyn/results/gpcca/Z.npy
    output: data/aSyn/results/gpcca/macrotraj.png
    jobid: 69
    reason: Missing output files: data/aSyn/results/gpcca/macrotraj.png
    wildcards: system=aSyn, lumping=gpcca, plot=macrotraj, ext=png
    resources: tmpdir=/tmp
Shell command: python -m MPP.run data/aSyn/input/config.yml gpcca ref -Z data/aSyn/results/gpcca/Z.npy -p macrotraj -o data/aSyn/results/gpcca/macrotraj.png
Activating conda environment: mpp
[Tue Sep 16 11:08:06 2025]
localrule plot:
    input: data/aSyn/input/config.yml, data/aSyn/results/t_js/Z.npy
    output: data/aSyn/results/t_js/rmsd.pdf
    jobid: 206
    reason: Missing output files: data/aSyn/results/t_js/rmsd.pdf
    wildcards: system=aSyn, lumping=t_js, plot=rmsd, ext=pdf
    resources: tmpdir=/tmp
Shell command: python -m MPP.run data/aSyn/input/config.yml T JS -Z data/aSyn/results/t_js/Z.npy -p rmsd -o data/aSyn/results/t_js/rmsd.pdf
Activating conda environment: mpp
[Tue Sep 16 11:08:06 2025]
localrule plot:
    input: data/HP35/input/config.yml, data/HP35/results/kl/Z.npy
    output: data/HP35/results/kl/contacts.pdf
    jobid: 168
    reason: Updated input files: data/HP35/input/config.yml
    wildcards: system=HP35, lumping=kl, plot=contacts, ext=pdf
    resources: tmpdir=/tmp
Shell command: python -m MPP.run data/HP35/input/config.yml KL none -Z data/HP35/results/kl/Z.npy -p contacts -o data/HP35/results/kl/contacts.pdf
Activating conda environment: mpp
[Tue Sep 16 11:08:06 2025]
localrule plot:
    input: data/aSyn/input/config.yml, data/aSyn/results/kl/Z.npy
    output: data/aSyn/results/kl/sankey.pdf
    jobid: 91
    reason: Missing output files: data/aSyn/results/kl/sankey.pdf
    wildcards: system=aSyn, lumping=kl, plot=sankey, ext=pdf
    resources: tmpdir=/tmp
Shell command: python -m MPP.run data/aSyn/input/config.yml KL none -Z data/aSyn/results/kl/Z.npy -p sankey -o data/aSyn/results/kl/sankey.pdf
Activating conda environment: mpp
[Tue Sep 16 11:08:06 2025]
localrule plot:
    input: data/aSyn/input/config.yml, data/aSyn/results/kl/Z.npy
    output: data/aSyn/results/kl/delta_rmsd.png
    jobid: 107
    reason: Missing output files: data/aSyn/results/kl/delta_rmsd.png
    wildcards: system=aSyn, lumping=kl, plot=delta_rmsd, ext=png
    resources: tmpdir=/tmp
Shell command: python -m MPP.run data/aSyn/input/config.yml KL none -Z data/aSyn/results/kl/Z.npy -p delta_rmsd -o data/aSyn/results/kl/delta_rmsd.png
Activating conda environment: mpp
[Tue Sep 16 11:08:06 2025]
localrule plot:
    input: data/HP35/input/config.yml, data/HP35/results/gpcca/Z.npy
    output: data/HP35/results/gpcca/contacts.png
    jobid: 14
    reason: Updated input files: data/HP35/input/config.yml
    wildcards: system=HP35, lumping=gpcca, plot=contacts, ext=png
    resources: tmpdir=/tmp
Shell command: python -m MPP.run data/HP35/input/config.yml gpcca ref -Z data/HP35/results/gpcca/Z.npy -p contacts -o data/HP35/results/gpcca/contacts.png
Activating conda environment: mpp
[Tue Sep 16 11:08:06 2025]
localrule gen_Z:
    input: data/HP35/input/config.yml
    output: data/HP35/results/js/Z.npy
    jobid: 74
    reason: Missing output files: data/HP35/results/js/Z.npy
    wildcards: system=HP35, lumping=js
    resources: tmpdir=/tmp
Shell command: python -m MPP.run data/HP35/input/config.yml none JS -Z data/HP35/results/js/Z.npy
[Tue Sep 16 11:08:06 2025]
localrule plot:
    input: data/HP35/input/config.yml, data/HP35/results/t/Z.npy
    output: data/HP35/results/t/ck_test.png
    jobid: 48
    reason: Updated input files: data/HP35/input/config.yml
    wildcards: system=HP35, lumping=t, plot=ck_test, ext=png
    resources: tmpdir=/tmp
Shell command: python -m MPP.run data/HP35/input/config.yml T none -Z data/HP35/results/t/Z.npy -p ck_test -o data/HP35/results/t/ck_test.png
Activating conda environment: mpp
[Tue Sep 16 11:08:06 2025]
localrule plot:
    input: data/HP35/input/config.yml, data/HP35/results/gpcca/Z.npy
    output: data/HP35/results/gpcca/sankey.png
    jobid: 10
    reason: Updated input files: data/HP35/input/config.yml
    wildcards: system=HP35, lumping=gpcca, plot=sankey, ext=png
    resources: tmpdir=/tmp
Shell command: python -m MPP.run data/HP35/input/config.yml gpcca ref -Z data/HP35/results/gpcca/Z.npy -p sankey -o data/HP35/results/gpcca/sankey.png
Activating conda environment: mpp
[Tue Sep 16 11:08:06 2025]
localrule plot:
    input: data/aSyn/input/config.yml, data/aSyn/results/t/Z.npy
    output: data/aSyn/results/t/dendrogram.pdf
    jobid: 147
    reason: Missing output files: data/aSyn/results/t/dendrogram.pdf
    wildcards: system=aSyn, lumping=t, plot=dendrogram, ext=pdf
    resources: tmpdir=/tmp
Shell command: python -m MPP.run data/aSyn/input/config.yml T none -Z data/aSyn/results/t/Z.npy -p dendrogram -o data/aSyn/results/t/dendrogram.pdf
Activating conda environment: mpp
Activating conda environment: mpp
Select jobs to execute...
[Tue Sep 16 11:08:15 2025]
Finished jobid: 91 (Rule: plot)
1 of 155 steps (1%) done
Execute 1 jobs...
[Tue Sep 16 11:08:15 2025]
localrule plot:
    input: data/HP35/input/config.yml, data/HP35/results/t_js/Z.npy
    output: data/HP35/results/t_js/rmsd.pdf
    jobid: 26
    reason: Missing output files: data/HP35/results/t_js/rmsd.pdf
    wildcards: system=HP35, lumping=t_js, plot=rmsd, ext=pdf
    resources: tmpdir=/tmp
Shell command: python -m MPP.run data/HP35/input/config.yml T JS -Z data/HP35/results/t_js/Z.npy -p rmsd -o data/HP35/results/t_js/rmsd.pdf
Activating conda environment: mpp
[Tue Sep 16 11:08:15 2025]
Finished jobid: 69 (Rule: plot)
2 of 155 steps (1%) done
Select jobs to execute...
Execute 1 jobs...
[Tue Sep 16 11:08:16 2025]
localrule plot:
    input: data/HP35/input/config.yml, data/HP35/results/kl/Z.npy
    output: data/HP35/results/kl/rmsd.png
    jobid: 178
    reason: Missing output files: data/HP35/results/kl/rmsd.png
    wildcards: system=HP35, lumping=kl, plot=rmsd, ext=png
    resources: tmpdir=/tmp
Shell command: python -m MPP.run data/HP35/input/config.yml KL none -Z data/HP35/results/kl/Z.npy -p rmsd -o data/HP35/results/kl/rmsd.png
Activating conda environment: mpp
Moving output file data/HP35/results/js/Z.npy to cache.
Symlinking output file data/HP35/results/js/Z.npy from cache.
[Tue Sep 16 11:08:16 2025]
Finished jobid: 74 (Rule: gen_Z)
3 of 155 steps (2%) done
Select jobs to execute...
Execute 1 jobs...
[Tue Sep 16 11:08:16 2025]
localrule plot:
    input: data/HP35/input/config.yml, data/HP35/results/gpcca/Z.npy
    output: data/HP35/results/gpcca/rmsd.png
    jobid: 16
    reason: Missing output files: data/HP35/results/gpcca/rmsd.png
    wildcards: system=HP35, lumping=gpcca, plot=rmsd, ext=png
    resources: tmpdir=/tmp
Shell command: python -m MPP.run data/HP35/input/config.yml gpcca ref -Z data/HP35/results/gpcca/Z.npy -p rmsd -o data/HP35/results/gpcca/rmsd.png
Activating conda environment: mpp
Select jobs to execute...
[Tue Sep 16 11:08:16 2025]
Finished jobid: 46 (Rule: plot)
4 of 155 steps (3%) done
Execute 1 jobs...
[Tue Sep 16 11:08:16 2025]
localrule plot:
    input: data/aSyn/input/config.yml, data/aSyn/results/gpcca/Z.npy
    output: data/aSyn/results/gpcca/contacts.pdf
    jobid: 60
    reason: Missing output files: data/aSyn/results/gpcca/contacts.pdf
    wildcards: system=aSyn, lumping=gpcca, plot=contacts, ext=pdf
    resources: tmpdir=/tmp
Shell command: python -m MPP.run data/aSyn/input/config.yml gpcca ref -Z data/aSyn/results/gpcca/Z.npy -p contacts -o data/aSyn/results/gpcca/contacts.pdf
Activating conda environment: mpp
[Tue Sep 16 11:08:16 2025]
Finished jobid: 10 (Rule: plot)
5 of 155 steps (3%) done
Select jobs to execute...
Execute 1 jobs...
[Tue Sep 16 11:08:16 2025]
localrule plot:
    input: data/aSyn/input/config.yml, data/aSyn/results/t_js/Z.npy
    output: data/aSyn/results/t_js/contacts.png
    jobid: 212
    reason: Missing output files: data/aSyn/results/t_js/contacts.png
    wildcards: system=aSyn, lumping=t_js, plot=contacts, ext=png
    resources: tmpdir=/tmp
Shell command: python -m MPP.run data/aSyn/input/config.yml T JS -Z data/aSyn/results/t_js/Z.npy -p contacts -o data/aSyn/results/t_js/contacts.png
Activating conda environment: mpp
Select jobs to execute...
[Tue Sep 16 11:08:16 2025]
Finished jobid: 163 (Rule: plot)
6 of 155 steps (4%) done
Execute 1 jobs...
[Tue Sep 16 11:08:16 2025]
localrule plot:
    input: data/HP35/input/config.yml, data/HP35/results/t_js/Z.npy
    output: data/HP35/results/t_js/ck_test.pdf
    jobid: 22
    reason: Updated input files: data/HP35/input/config.yml
    wildcards: system=HP35, lumping=t_js, plot=ck_test, ext=pdf
    resources: tmpdir=/tmp
Shell command: python -m MPP.run data/HP35/input/config.yml T JS -Z data/HP35/results/t_js/Z.npy -p ck_test -o data/HP35/results/t_js/ck_test.pdf
Activating conda environment: mpp
[Tue Sep 16 11:08:16 2025]
Finished jobid: 65 (Rule: plot)
7 of 155 steps (5%) done
[Tue Sep 16 11:08:16 2025]
Finished jobid: 147 (Rule: plot)
8 of 155 steps (5%) done
Select jobs to execute...
Execute 2 jobs...
[Tue Sep 16 11:08:16 2025]
localrule plot:
    input: data/aSyn/input/config.yml, data/aSyn/results/gpcca/Z.npy
    output: data/aSyn/results/gpcca/rmsd.pdf
    jobid: 62
    reason: Missing output files: data/aSyn/results/gpcca/rmsd.pdf
    wildcards: system=aSyn, lumping=gpcca, plot=rmsd, ext=pdf
    resources: tmpdir=/tmp
Shell command: python -m MPP.run data/aSyn/input/config.yml gpcca ref -Z data/aSyn/results/gpcca/Z.npy -p rmsd -o data/aSyn/results/gpcca/rmsd.pdf
Activating conda environment: mpp
[Tue Sep 16 11:08:16 2025]
localrule plot:
    input: data/HP35/input/config.yml, data/HP35/results/js/Z.npy
    output: data/HP35/results/js/contacts.png
    jobid: 86
    reason: Updated input files: data/HP35/input/config.yml; Input files updated by another job: data/HP35/results/js/Z.npy
    wildcards: system=HP35, lumping=js, plot=contacts, ext=png
    resources: tmpdir=/tmp
Shell command: python -m MPP.run data/HP35/input/config.yml none JS -Z data/HP35/results/js/Z.npy -p contacts -o data/HP35/results/js/contacts.png
Activating conda environment: mpp
Select jobs to execute...
[Tue Sep 16 11:08:17 2025]
Finished jobid: 179 (Rule: plot)
9 of 155 steps (6%) done
Execute 1 jobs...
[Tue Sep 16 11:08:17 2025]
localrule plot:
    input: data/HP35/input/config.yml, data/HP35/results/t/Z.npy
    output: data/HP35/results/t/contacts.pdf
    jobid: 42
    reason: Updated input files: data/HP35/input/config.yml
    wildcards: system=HP35, lumping=t, plot=contacts, ext=pdf
    resources: tmpdir=/tmp
Shell command: python -m MPP.run data/HP35/input/config.yml T none -Z data/HP35/results/t/Z.npy -p contacts -o data/HP35/results/t/contacts.pdf
Activating conda environment: mpp
Select jobs to execute...
[Tue Sep 16 11:08:17 2025]
Finished jobid: 27 (Rule: plot)
10 of 155 steps (6%) done
Execute 1 jobs...
[Tue Sep 16 11:08:17 2025]
localrule plot:
    input: data/aSyn/input/config.yml, data/aSyn/results/kl/Z.npy
    output: data/aSyn/results/kl/ck_test.png
    jobid: 102
    reason: Missing output files: data/aSyn/results/kl/ck_test.png
    wildcards: system=aSyn, lumping=kl, plot=ck_test, ext=png
    resources: tmpdir=/tmp
Shell command: python -m MPP.run data/aSyn/input/config.yml KL none -Z data/aSyn/results/kl/Z.npy -p ck_test -o data/aSyn/results/kl/ck_test.png
Activating conda environment: mpp
Select jobs to execute...
[Tue Sep 16 11:08:17 2025]
Finished jobid: 168 (Rule: plot)
11 of 155 steps (7%) done
Execute 1 jobs...
[Tue Sep 16 11:08:17 2025]
localrule plot:
    input: data/aSyn/input/config.yml, data/aSyn/results/t_js/Z.npy
    output: data/aSyn/results/t_js/dendrogram.pdf
    jobid: 201
    reason: Missing output files: data/aSyn/results/t_js/dendrogram.pdf
    wildcards: system=aSyn, lumping=t_js, plot=dendrogram, ext=pdf
    resources: tmpdir=/tmp
Shell command: python -m MPP.run data/aSyn/input/config.yml T JS -Z data/aSyn/results/t_js/Z.npy -p dendrogram -o data/aSyn/results/t_js/dendrogram.pdf
Activating conda environment: mpp
Select jobs to execute...
[Tue Sep 16 11:08:18 2025]
Finished jobid: 107 (Rule: plot)
12 of 155 steps (8%) done
Execute 1 jobs...
[Tue Sep 16 11:08:18 2025]
localrule plot:
    input: data/aSyn/input/config.yml, data/aSyn/results/t/Z.npy
    output: data/aSyn/results/t/sankey.pdf
    jobid: 145
    reason: Missing output files: data/aSyn/results/t/sankey.pdf
    wildcards: system=aSyn, lumping=t, plot=sankey, ext=pdf
    resources: tmpdir=/tmp
Shell command: python -m MPP.run data/aSyn/input/config.yml T none -Z data/aSyn/results/t/Z.npy -p sankey -o data/aSyn/results/t/sankey.pdf
Activating conda environment: mpp
Select jobs to execute...
[Tue Sep 16 11:08:18 2025]
Finished jobid: 48 (Rule: plot)
13 of 155 steps (8%) done
Execute 1 jobs...
[Tue Sep 16 11:08:18 2025]
localrule plot:
    input: data/aSyn/input/config.yml, data/aSyn/results/t/Z.npy
    output: data/aSyn/results/t/delta_rmsd.png
    jobid: 161
    reason: Missing output files: data/aSyn/results/t/delta_rmsd.png
    wildcards: system=aSyn, lumping=t, plot=delta_rmsd, ext=png
    resources: tmpdir=/tmp
Shell command: python -m MPP.run data/aSyn/input/config.yml T none -Z data/aSyn/results/t/Z.npy -p delta_rmsd -o data/aSyn/results/t/delta_rmsd.png
Activating conda environment: mpp
[Tue Sep 16 11:08:18 2025]
Finished jobid: 14 (Rule: plot)
14 of 155 steps (9%) done
Select jobs to execute...
Execute 1 jobs...
[Tue Sep 16 11:08:18 2025]
localrule plot:
    input: data/HP35/input/config.yml, data/HP35/results/gpcca/Z.npy
    output: data/HP35/results/gpcca/delta_rmsd.pdf
    jobid: 9
    reason: Missing output files: data/HP35/results/gpcca/delta_rmsd.pdf
    wildcards: system=HP35, lumping=gpcca, plot=delta_rmsd, ext=pdf
    resources: tmpdir=/tmp
Shell command: python -m MPP.run data/HP35/input/config.yml gpcca ref -Z data/HP35/results/gpcca/Z.npy -p delta_rmsd -o data/HP35/results/gpcca/delta_rmsd.pdf
Activating conda environment: mpp
Select jobs to execute...
[Tue Sep 16 11:08:18 2025]
Finished jobid: 202 (Rule: plot)
15 of 155 steps (10%) done
Execute 1 jobs...
[Tue Sep 16 11:08:18 2025]
localrule plot:
    input: data/HP35/input/config.yml, data/HP35/results/js/Z.npy
    output: data/HP35/results/js/timescales.png
    jobid: 85
    reason: Input files updated by another job: data/HP35/results/js/Z.npy
    wildcards: system=HP35, lumping=js, plot=timescales, ext=png
    resources: tmpdir=/tmp
Shell command: python -m MPP.run data/HP35/input/config.yml none JS -Z data/HP35/results/js/Z.npy -p timescales -o data/HP35/results/js/timescales.png
Activating conda environment: mpp
Select jobs to execute...
[Tue Sep 16 11:08:20 2025]
Finished jobid: 206 (Rule: plot)
16 of 155 steps (10%) done
Execute 1 jobs...
[Tue Sep 16 11:08:20 2025]
localrule plot:
    input: data/aSyn/input/config.yml, data/aSyn/results/gpcca/Z.npy
    output: data/aSyn/results/gpcca/contacts.png
    jobid: 68
    reason: Missing output files: data/aSyn/results/gpcca/contacts.png
    wildcards: system=aSyn, lumping=gpcca, plot=contacts, ext=png
    resources: tmpdir=/tmp
Shell command: python -m MPP.run data/aSyn/input/config.yml gpcca ref -Z data/aSyn/results/gpcca/Z.npy -p contacts -o data/aSyn/results/gpcca/contacts.png
Activating conda environment: mpp
Select jobs to execute...
[Tue Sep 16 11:08:24 2025]
Finished jobid: 145 (Rule: plot)
17 of 155 steps (11%) done
Execute 1 jobs...
[Tue Sep 16 11:08:24 2025]
localrule plot:
    input: data/HP35/input/config.yml, data/HP35/results/kl_js/Z.npy
    output: data/HP35/results/kl_js/ck_test.pdf
    jobid: 184
    reason: Updated input files: data/HP35/input/config.yml
    wildcards: system=HP35, lumping=kl_js, plot=ck_test, ext=pdf
    resources: tmpdir=/tmp
Shell command: python -m MPP.run data/HP35/input/config.yml KL JS -Z data/HP35/results/kl_js/Z.npy -p ck_test -o data/HP35/results/kl_js/ck_test.pdf
Activating conda environment: mpp
Select jobs to execute...
[Tue Sep 16 11:08:24 2025]
Finished jobid: 201 (Rule: plot)
18 of 155 steps (12%) done
Execute 1 jobs...
[Tue Sep 16 11:08:24 2025]
localrule plot:
    input: data/aSyn/input/config.yml, data/aSyn/results/t_js/Z.npy
    output: data/aSyn/results/t_js/macrotraj.pdf
    jobid: 205
    reason: Missing output files: data/aSyn/results/t_js/macrotraj.pdf
    wildcards: system=aSyn, lumping=t_js, plot=macrotraj, ext=pdf
    resources: tmpdir=/tmp
Shell command: python -m MPP.run data/aSyn/input/config.yml T JS -Z data/aSyn/results/t_js/Z.npy -p macrotraj -o data/aSyn/results/t_js/macrotraj.pdf
Activating conda environment: mpp
Select jobs to execute...
[Tue Sep 16 11:08:25 2025]
Finished jobid: 178 (Rule: plot)
19 of 155 steps (12%) done
Execute 1 jobs...
[Tue Sep 16 11:08:25 2025]
localrule plot:
    input: data/HP35/input/config.yml, data/HP35/results/t_js/Z.npy
    output: data/HP35/results/t_js/ck_test.png
    jobid: 30
    reason: Updated input files: data/HP35/input/config.yml
    wildcards: system=HP35, lumping=t_js, plot=ck_test, ext=png
    resources: tmpdir=/tmp
Shell command: python -m MPP.run data/HP35/input/config.yml T JS -Z data/HP35/results/t_js/Z.npy -p ck_test -o data/HP35/results/t_js/ck_test.png
Activating conda environment: mpp
Select jobs to execute...
[Tue Sep 16 11:08:26 2025]
Finished jobid: 26 (Rule: plot)
20 of 155 steps (13%) done
Execute 1 jobs...
[Tue Sep 16 11:08:26 2025]
localrule plot:
    input: data/aSyn/input/config.yml, data/aSyn/results/kl/Z.npy
    output: data/aSyn/results/kl/rmsd.png
    jobid: 106
    reason: Missing output files: data/aSyn/results/kl/rmsd.png
    wildcards: system=aSyn, lumping=kl, plot=rmsd, ext=png
    resources: tmpdir=/tmp
Shell command: python -m MPP.run data/aSyn/input/config.yml KL none -Z data/aSyn/results/kl/Z.npy -p rmsd -o data/aSyn/results/kl/rmsd.png
Activating conda environment: mpp
[Tue Sep 16 11:08:26 2025]
Finished jobid: 60 (Rule: plot)
21 of 155 steps (14%) done
Select jobs to execute...
Execute 1 jobs...
[Tue Sep 16 11:08:26 2025]
localrule plot:
    input: data/aSyn/input/config.yml, data/aSyn/results/gpcca/Z.npy
    output: data/aSyn/results/gpcca/sankey.png
    jobid: 64
    reason: Missing output files: data/aSyn/results/gpcca/sankey.png
    wildcards: system=aSyn, lumping=gpcca, plot=sankey, ext=png
    resources: tmpdir=/tmp
Shell command: python -m MPP.run data/aSyn/input/config.yml gpcca ref -Z data/aSyn/results/gpcca/Z.npy -p sankey -o data/aSyn/results/gpcca/sankey.png
Activating conda environment: mpp
[Tue Sep 16 11:08:26 2025]
Finished jobid: 16 (Rule: plot)
22 of 155 steps (14%) done
Select jobs to execute...
Execute 1 jobs...
[Tue Sep 16 11:08:26 2025]
localrule plot:
    input: data/HP35/input/config.yml, data/HP35/results/js/Z.npy
    output: data/HP35/results/js/sankey.pdf
    jobid: 73
    reason: Updated input files: data/HP35/input/config.yml; Input files updated by another job: data/HP35/results/js/Z.npy
    wildcards: system=HP35, lumping=js, plot=sankey, ext=pdf
    resources: tmpdir=/tmp
Shell command: python -m MPP.run data/HP35/input/config.yml none JS -Z data/HP35/results/js/Z.npy -p sankey -o data/HP35/results/js/sankey.pdf
Activating conda environment: mpp
Select jobs to execute...
[Tue Sep 16 11:08:26 2025]
Finished jobid: 212 (Rule: plot)
23 of 155 steps (15%) done
Execute 1 jobs...
[Tue Sep 16 11:08:26 2025]
localrule plot:
    input: data/HP35/input/config.yml, data/HP35/results/js/Z.npy
    output: data/HP35/results/js/delta_rmsd.png
    jobid: 89
    reason: Missing output files: data/HP35/results/js/delta_rmsd.png; Input files updated by another job: data/HP35/results/js/Z.npy
    wildcards: system=HP35, lumping=js, plot=delta_rmsd, ext=png
    resources: tmpdir=/tmp
Shell command: python -m MPP.run data/HP35/input/config.yml none JS -Z data/HP35/results/js/Z.npy -p delta_rmsd -o data/HP35/results/js/delta_rmsd.png
Activating conda environment: mpp
Select jobs to execute...
[Tue Sep 16 11:08:26 2025]
Finished jobid: 42 (Rule: plot)
24 of 155 steps (15%) done
Execute 1 jobs...
[Tue Sep 16 11:08:26 2025]
localrule plot:
    input: data/HP35/input/config.yml, data/HP35/results/t/Z.npy
    output: data/HP35/results/t/macrotraj.png
    jobid: 51
    reason: Updated input files: data/HP35/input/config.yml
    wildcards: system=HP35, lumping=t, plot=macrotraj, ext=png
    resources: tmpdir=/tmp
Shell command: python -m MPP.run data/HP35/input/config.yml T none -Z data/HP35/results/t/Z.npy -p macrotraj -o data/HP35/results/t/macrotraj.png
Activating conda environment: mpp
Select jobs to execute...
[Tue Sep 16 11:08:27 2025]
Finished jobid: 9 (Rule: plot)
25 of 155 steps (16%) done
Execute 1 jobs...
[Tue Sep 16 11:08:27 2025]
localrule plot:
    input: data/HP35/input/config.yml, data/HP35/results/js/Z.npy
    output: data/HP35/results/js/rmsd.pdf
    jobid: 80
    reason: Missing output files: data/HP35/results/js/rmsd.pdf; Input files updated by another job: data/HP35/results/js/Z.npy
    wildcards: system=HP35, lumping=js, plot=rmsd, ext=pdf
    resources: tmpdir=/tmp
Shell command: python -m MPP.run data/HP35/input/config.yml none JS -Z data/HP35/results/js/Z.npy -p rmsd -o data/HP35/results/js/rmsd.pdf
Activating conda environment: mpp
Select jobs to execute...
[Tue Sep 16 11:08:27 2025]
Finished jobid: 62 (Rule: plot)
26 of 155 steps (17%) done
Execute 1 jobs...
[Tue Sep 16 11:08:27 2025]
localrule plot:
    input: data/HP35/input/config.yml, data/HP35/results/t_js/Z.npy
    output: data/HP35/results/t_js/macrotraj.pdf
    jobid: 25
    reason: Updated input files: data/HP35/input/config.yml
    wildcards: system=HP35, lumping=t_js, plot=macrotraj, ext=pdf
    resources: tmpdir=/tmp
Shell command: python -m MPP.run data/HP35/input/config.yml T JS -Z data/HP35/results/t_js/Z.npy -p macrotraj -o data/HP35/results/t_js/macrotraj.pdf
Activating conda environment: mpp
[Tue Sep 16 11:08:27 2025]
Finished jobid: 102 (Rule: plot)
27 of 155 steps (17%) done
Select jobs to execute...
Execute 1 jobs...
[Tue Sep 16 11:08:27 2025]
localrule plot:
    input: data/HP35/input/config.yml, data/HP35/results/kl/Z.npy
    output: data/HP35/results/kl/macrotraj.png
    jobid: 177
    reason: Updated input files: data/HP35/input/config.yml
    wildcards: system=HP35, lumping=kl, plot=macrotraj, ext=png
    resources: tmpdir=/tmp
Shell command: python -m MPP.run data/HP35/input/config.yml KL none -Z data/HP35/results/kl/Z.npy -p macrotraj -o data/HP35/results/kl/macrotraj.png
Activating conda environment: mpp
Select jobs to execute...
[Tue Sep 16 11:08:27 2025]
Finished jobid: 86 (Rule: plot)
28 of 155 steps (18%) done
Execute 1 jobs...
[Tue Sep 16 11:08:27 2025]
localrule plot:
    input: data/aSyn/input/config.yml, data/aSyn/results/kl/Z.npy
    output: data/aSyn/results/kl/dendrogram.png
    jobid: 101
    reason: Missing output files: data/aSyn/results/kl/dendrogram.png
    wildcards: system=aSyn, lumping=kl, plot=dendrogram, ext=png
    resources: tmpdir=/tmp
Shell command: python -m MPP.run data/aSyn/input/config.yml KL none -Z data/aSyn/results/kl/Z.npy -p dendrogram -o data/aSyn/results/kl/dendrogram.png
Activating conda environment: mpp
[Tue Sep 16 11:08:27 2025]
Finished jobid: 161 (Rule: plot)
29 of 155 steps (19%) done
Select jobs to execute...
Execute 1 jobs...
[Tue Sep 16 11:08:27 2025]
localrule plot:
    input: data/aSyn/input/config.yml, data/aSyn/results/gpcca/Z.npy
    output: data/aSyn/results/gpcca/dendrogram.pdf
    jobid: 57
    reason: Missing output files: data/aSyn/results/gpcca/dendrogram.pdf
    wildcards: system=aSyn, lumping=gpcca, plot=dendrogram, ext=pdf
    resources: tmpdir=/tmp
Shell command: python -m MPP.run data/aSyn/input/config.yml gpcca ref -Z data/aSyn/results/gpcca/Z.npy -p dendrogram -o data/aSyn/results/gpcca/dendrogram.pdf
Activating conda environment: mpp
Select jobs to execute...
[Tue Sep 16 11:08:27 2025]
Finished jobid: 85 (Rule: plot)
30 of 155 steps (19%) done
Execute 1 jobs...
[Tue Sep 16 11:08:27 2025]
localrule plot:
    input: data/aSyn/input/config.yml, data/aSyn/results/t_js/Z.npy
    output: data/aSyn/results/t_js/dendrogram.png
    jobid: 209
    reason: Missing output files: data/aSyn/results/t_js/dendrogram.png
    wildcards: system=aSyn, lumping=t_js, plot=dendrogram, ext=png
    resources: tmpdir=/tmp
Shell command: python -m MPP.run data/aSyn/input/config.yml T JS -Z data/aSyn/results/t_js/Z.npy -p dendrogram -o data/aSyn/results/t_js/dendrogram.png
Activating conda environment: mpp
Select jobs to execute...
[Tue Sep 16 11:08:27 2025]
Finished jobid: 22 (Rule: plot)
31 of 155 steps (20%) done
Execute 1 jobs...
[Tue Sep 16 11:08:27 2025]
localrule plot:
    input: data/HP35/input/config.yml, data/HP35/results/t/Z.npy
    output: data/HP35/results/t/ck_test.pdf
    jobid: 40
    reason: Updated input files: data/HP35/input/config.yml
    wildcards: system=HP35, lumping=t, plot=ck_test, ext=pdf
    resources: tmpdir=/tmp
Shell command: python -m MPP.run data/HP35/input/config.yml T none -Z data/HP35/results/t/Z.npy -p ck_test -o data/HP35/results/t/ck_test.pdf
Activating conda environment: mpp
Select jobs to execute...
[Tue Sep 16 11:08:28 2025]
Finished jobid: 68 (Rule: plot)
32 of 155 steps (21%) done
Execute 1 jobs...
[Tue Sep 16 11:08:28 2025]
localrule plot:
    input: data/HP35/input/config.yml, data/HP35/results/gpcca/Z.npy
    output: data/HP35/results/gpcca/sankey.pdf
    jobid: 1
    reason: Updated input files: data/HP35/input/config.yml
    wildcards: system=HP35, lumping=gpcca, plot=sankey, ext=pdf
    resources: tmpdir=/tmp
Shell command: python -m MPP.run data/HP35/input/config.yml gpcca ref -Z data/HP35/results/gpcca/Z.npy -p sankey -o data/HP35/results/gpcca/sankey.pdf
Activating conda environment: mpp
Select jobs to execute...
[Tue Sep 16 11:08:33 2025]
Finished jobid: 64 (Rule: plot)
33 of 155 steps (21%) done
Execute 1 jobs...
[Tue Sep 16 11:08:33 2025]
localrule plot:
    input: data/HP35/input/config.yml, data/HP35/results/kl/Z.npy
    output: data/HP35/results/kl/delta_rmsd.pdf
    jobid: 171
    reason: Missing output files: data/HP35/results/kl/delta_rmsd.pdf
    wildcards: system=HP35, lumping=kl, plot=delta_rmsd, ext=pdf
    resources: tmpdir=/tmp
Shell command: python -m MPP.run data/HP35/input/config.yml KL none -Z data/HP35/results/kl/Z.npy -p delta_rmsd -o data/HP35/results/kl/delta_rmsd.pdf
Activating conda environment: mpp
Select jobs to execute...
[Tue Sep 16 11:08:33 2025]
Finished jobid: 101 (Rule: plot)
34 of 155 steps (22%) done
Execute 1 jobs...
[Tue Sep 16 11:08:33 2025]
localrule plot:
    input: data/aSyn/input/config.yml, data/aSyn/results/t/Z.npy
    output: data/aSyn/results/t/sankey.png
    jobid: 154
    reason: Missing output files: data/aSyn/results/t/sankey.png
    wildcards: system=aSyn, lumping=t, plot=sankey, ext=png
    resources: tmpdir=/tmp
Shell command: python -m MPP.run data/aSyn/input/config.yml T none -Z data/aSyn/results/t/Z.npy -p sankey -o data/aSyn/results/t/sankey.png
Activating conda environment: mpp
Select jobs to execute...
[Tue Sep 16 11:08:34 2025]
Finished jobid: 209 (Rule: plot)
35 of 155 steps (23%) done
Execute 1 jobs...
[Tue Sep 16 11:08:34 2025]
localrule plot:
    input: data/HP35/input/config.yml, data/HP35/results/gpcca/Z.npy
    output: data/HP35/results/gpcca/delta_rmsd.png
    jobid: 17
    reason: Missing output files: data/HP35/results/gpcca/delta_rmsd.png
    wildcards: system=HP35, lumping=gpcca, plot=delta_rmsd, ext=png
    resources: tmpdir=/tmp
Shell command: python -m MPP.run data/HP35/input/config.yml gpcca ref -Z data/HP35/results/gpcca/Z.npy -p delta_rmsd -o data/HP35/results/gpcca/delta_rmsd.png
Activating conda environment: mpp
Select jobs to execute...
[Tue Sep 16 11:08:35 2025]
Finished jobid: 73 (Rule: plot)
36 of 155 steps (23%) done
Execute 1 jobs...
[Tue Sep 16 11:08:35 2025]
localrule plot:
    input: data/HP35/input/config.yml, data/HP35/results/js/Z.npy
    output: data/HP35/results/js/contacts.pdf
    jobid: 78
    reason: Updated input files: data/HP35/input/config.yml; Input files updated by another job: data/HP35/results/js/Z.npy
    wildcards: system=HP35, lumping=js, plot=contacts, ext=pdf
    resources: tmpdir=/tmp
Shell command: python -m MPP.run data/HP35/input/config.yml none JS -Z data/HP35/results/js/Z.npy -p contacts -o data/HP35/results/js/contacts.pdf
Activating conda environment: mpp
Select jobs to execute...
[Tue Sep 16 11:08:36 2025]
Finished jobid: 57 (Rule: plot)
37 of 155 steps (24%) done
Execute 1 jobs...
[Tue Sep 16 11:08:36 2025]
localrule plot:
    input: data/HP35/input/config.yml, data/HP35/results/kl/Z.npy
    output: data/HP35/results/kl/dendrogram.pdf
    jobid: 165
    reason: Updated input files: data/HP35/input/config.yml
    wildcards: system=HP35, lumping=kl, plot=dendrogram, ext=pdf
    resources: tmpdir=/tmp
Shell command: python -m MPP.run data/HP35/input/config.yml KL none -Z data/HP35/results/kl/Z.npy -p dendrogram -o data/HP35/results/kl/dendrogram.pdf
Activating conda environment: mpp
Select jobs to execute...
[Tue Sep 16 11:08:36 2025]
Finished jobid: 184 (Rule: plot)
38 of 155 steps (25%) done
Execute 1 jobs...
[Tue Sep 16 11:08:36 2025]
localrule plot:
    input: data/aSyn/input/config.yml, data/aSyn/results/kl/Z.npy
    output: data/aSyn/results/kl/contacts.png
    jobid: 104
    reason: Missing output files: data/aSyn/results/kl/contacts.png
    wildcards: system=aSyn, lumping=kl, plot=contacts, ext=png
    resources: tmpdir=/tmp
Shell command: python -m MPP.run data/aSyn/input/config.yml KL none -Z data/aSyn/results/kl/Z.npy -p contacts -o data/aSyn/results/kl/contacts.png
Activating conda environment: mpp
[Tue Sep 16 11:08:36 2025]
Finished jobid: 1 (Rule: plot)
39 of 155 steps (25%) done
Select jobs to execute...
Execute 1 jobs...
[Tue Sep 16 11:08:36 2025]
localrule plot:
    input: data/aSyn/input/config.yml, data/aSyn/results/gpcca/Z.npy
    output: data/aSyn/results/gpcca/ck_test.png
    jobid: 66
    reason: Missing output files: data/aSyn/results/gpcca/ck_test.png
    wildcards: system=aSyn, lumping=gpcca, plot=ck_test, ext=png
    resources: tmpdir=/tmp
Shell command: python -m MPP.run data/aSyn/input/config.yml gpcca ref -Z data/aSyn/results/gpcca/Z.npy -p ck_test -o data/aSyn/results/gpcca/ck_test.png
Activating conda environment: mpp
Select jobs to execute...
[Tue Sep 16 11:08:36 2025]
Finished jobid: 30 (Rule: plot)
40 of 155 steps (26%) done
Execute 1 jobs...
[Tue Sep 16 11:08:36 2025]
localrule plot:
    input: data/HP35/input/config.yml, data/HP35/results/js/Z.npy
    output: data/HP35/results/js/macrotraj.pdf
    jobid: 79
    reason: Updated input files: data/HP35/input/config.yml; Input files updated by another job: data/HP35/results/js/Z.npy
    wildcards: system=HP35, lumping=js, plot=macrotraj, ext=pdf
    resources: tmpdir=/tmp
Shell command: python -m MPP.run data/HP35/input/config.yml none JS -Z data/HP35/results/js/Z.npy -p macrotraj -o data/HP35/results/js/macrotraj.pdf
Activating conda environment: mpp
Select jobs to execute...
[Tue Sep 16 11:08:36 2025]
Finished jobid: 106 (Rule: plot)
41 of 155 steps (26%) done
Execute 1 jobs...
[Tue Sep 16 11:08:36 2025]
localrule plot:
    input: data/HP35/input/config.yml, data/HP35/results/t_js/Z.npy
    output: data/HP35/results/t_js/sankey.png
    jobid: 28
    reason: Updated input files: data/HP35/input/config.yml
    wildcards: system=HP35, lumping=t_js, plot=sankey, ext=png
    resources: tmpdir=/tmp
Shell command: python -m MPP.run data/HP35/input/config.yml T JS -Z data/HP35/results/t_js/Z.npy -p sankey -o data/HP35/results/t_js/sankey.png
Activating conda environment: mpp
Select jobs to execute...
[Tue Sep 16 11:08:37 2025]
Finished jobid: 40 (Rule: plot)
42 of 155 steps (27%) done
Execute 1 jobs...
[Tue Sep 16 11:08:37 2025]
localrule plot:
    input: data/HP35/input/config.yml, data/HP35/results/kl/Z.npy
    output: data/HP35/results/kl/ck_test.pdf
    jobid: 166
    reason: Updated input files: data/HP35/input/config.yml
    wildcards: system=HP35, lumping=kl, plot=ck_test, ext=pdf
    resources: tmpdir=/tmp
Shell command: python -m MPP.run data/HP35/input/config.yml KL none -Z data/HP35/results/kl/Z.npy -p ck_test -o data/HP35/results/kl/ck_test.pdf
Activating conda environment: mpp
Select jobs to execute...
[Tue Sep 16 11:08:38 2025]
Finished jobid: 205 (Rule: plot)
43 of 155 steps (28%) done
Execute 1 jobs...
[Tue Sep 16 11:08:38 2025]
localrule plot:
    input: data/aSyn/input/config.yml, data/aSyn/results/kl/Z.npy
    output: data/aSyn/results/kl/macrotraj.png
    jobid: 105
    reason: Missing output files: data/aSyn/results/kl/macrotraj.png
    wildcards: system=aSyn, lumping=kl, plot=macrotraj, ext=png
    resources: tmpdir=/tmp
Shell command: python -m MPP.run data/aSyn/input/config.yml KL none -Z data/aSyn/results/kl/Z.npy -p macrotraj -o data/aSyn/results/kl/macrotraj.png
Activating conda environment: mpp
Select jobs to execute...
[Tue Sep 16 11:08:40 2025]
Finished jobid: 154 (Rule: plot)
44 of 155 steps (28%) done
Execute 1 jobs...
[Tue Sep 16 11:08:40 2025]
localrule plot:
    input: data/HP35/input/config.yml, data/HP35/results/kl_js/Z.npy
    output: data/HP35/results/kl_js/contacts.pdf
    jobid: 186
    reason: Updated input files: data/HP35/input/config.yml
    wildcards: system=HP35, lumping=kl_js, plot=contacts, ext=pdf
    resources: tmpdir=/tmp
Shell command: python -m MPP.run data/HP35/input/config.yml KL JS -Z data/HP35/results/kl_js/Z.npy -p contacts -o data/HP35/results/kl_js/contacts.pdf
Activating conda environment: mpp
Select jobs to execute...
[Tue Sep 16 11:08:41 2025]
Finished jobid: 51 (Rule: plot)
45 of 155 steps (29%) done
Execute 1 jobs...
[Tue Sep 16 11:08:41 2025]
localrule plot:
    input: data/HP35/input/config.yml, data/HP35/results/js/Z.npy
    output: data/HP35/results/js/ck_test.png
    jobid: 84
    reason: Updated input files: data/HP35/input/config.yml; Input files updated by another job: data/HP35/results/js/Z.npy
    wildcards: system=HP35, lumping=js, plot=ck_test, ext=png
    resources: tmpdir=/tmp
Shell command: python -m MPP.run data/HP35/input/config.yml none JS -Z data/HP35/results/js/Z.npy -p ck_test -o data/HP35/results/js/ck_test.png
Activating conda environment: mpp
Select jobs to execute...
[Tue Sep 16 11:08:41 2025]
Finished jobid: 171 (Rule: plot)
46 of 155 steps (30%) done
Execute 1 jobs...
[Tue Sep 16 11:08:41 2025]
localrule plot:
    input: data/HP35/input/config.yml, data/HP35/results/gpcca/Z.npy
    output: data/HP35/results/gpcca/dendrogram.png
    jobid: 11
    reason: Updated input files: data/HP35/input/config.yml
    wildcards: system=HP35, lumping=gpcca, plot=dendrogram, ext=png
    resources: tmpdir=/tmp
Shell command: python -m MPP.run data/HP35/input/config.yml gpcca ref -Z data/HP35/results/gpcca/Z.npy -p dendrogram -o data/HP35/results/gpcca/dendrogram.png
Activating conda environment: mpp
Select jobs to execute...
[Tue Sep 16 11:08:42 2025]
Finished jobid: 17 (Rule: plot)
47 of 155 steps (30%) done
Execute 1 jobs...
[Tue Sep 16 11:08:42 2025]
localrule plot:
    input: data/HP35/input/config.yml, data/HP35/results/js/Z.npy
    output: data/HP35/results/js/dendrogram.pdf
    jobid: 75
    reason: Updated input files: data/HP35/input/config.yml; Input files updated by another job: data/HP35/results/js/Z.npy
    wildcards: system=HP35, lumping=js, plot=dendrogram, ext=pdf
    resources: tmpdir=/tmp
Shell command: python -m MPP.run data/HP35/input/config.yml none JS -Z data/HP35/results/js/Z.npy -p dendrogram -o data/HP35/results/js/dendrogram.pdf
Activating conda environment: mpp
Select jobs to execute...
[Tue Sep 16 11:08:43 2025]
Finished jobid: 177 (Rule: plot)
48 of 155 steps (31%) done
Execute 1 jobs...
[Tue Sep 16 11:08:43 2025]
localrule plot:
    input: data/aSyn/input/config.yml, data/aSyn/results/kl/Z.npy
    output: data/aSyn/results/kl/ck_test.pdf
    jobid: 94
    reason: Missing output files: data/aSyn/results/kl/ck_test.pdf
    wildcards: system=aSyn, lumping=kl, plot=ck_test, ext=pdf
    resources: tmpdir=/tmp
Shell command: python -m MPP.run data/aSyn/input/config.yml KL none -Z data/aSyn/results/kl/Z.npy -p ck_test -o data/aSyn/results/kl/ck_test.pdf
Activating conda environment: mpp
Select jobs to execute...
[Tue Sep 16 11:08:44 2025]
Finished jobid: 25 (Rule: plot)
49 of 155 steps (32%) done
Execute 1 jobs...
[Tue Sep 16 11:08:44 2025]
localrule plot:
    input: data/HP35/input/config.yml, data/HP35/results/kl/Z.npy
    output: data/HP35/results/kl/macrotraj.pdf
    jobid: 169
    reason: Updated input files: data/HP35/input/config.yml
    wildcards: system=HP35, lumping=kl, plot=macrotraj, ext=pdf
    resources: tmpdir=/tmp
Shell command: python -m MPP.run data/HP35/input/config.yml KL none -Z data/HP35/results/kl/Z.npy -p macrotraj -o data/HP35/results/kl/macrotraj.pdf
Activating conda environment: mpp
Select jobs to execute...
[Tue Sep 16 11:08:45 2025]
Finished jobid: 78 (Rule: plot)
50 of 155 steps (32%) done
Execute 1 jobs...
[Tue Sep 16 11:08:45 2025]
localrule plot:
    input: data/HP35/input/config.yml, data/HP35/results/t/Z.npy
    output: data/HP35/results/t/rmsd.png
    jobid: 52
    reason: Missing output files: data/HP35/results/t/rmsd.png
    wildcards: system=HP35, lumping=t, plot=rmsd, ext=png
    resources: tmpdir=/tmp
Shell command: python -m MPP.run data/HP35/input/config.yml T none -Z data/HP35/results/t/Z.npy -p rmsd -o data/HP35/results/t/rmsd.png
Activating conda environment: mpp
Select jobs to execute...
[Tue Sep 16 11:08:47 2025]
Finished jobid: 104 (Rule: plot)
51 of 155 steps (33%) done
Execute 1 jobs...
[Tue Sep 16 11:08:47 2025]
localrule plot:
    input: data/HP35/input/config.yml, data/HP35/results/t_js/Z.npy
    output: data/HP35/results/t_js/contacts.png
    jobid: 32
    reason: Updated input files: data/HP35/input/config.yml
    wildcards: system=HP35, lumping=t_js, plot=contacts, ext=png
    resources: tmpdir=/tmp
Shell command: python -m MPP.run data/HP35/input/config.yml T JS -Z data/HP35/results/t_js/Z.npy -p contacts -o data/HP35/results/t_js/contacts.png
Activating conda environment: mpp
Select jobs to execute...
[Tue Sep 16 11:08:47 2025]
Finished jobid: 28 (Rule: plot)
52 of 155 steps (34%) done
Execute 1 jobs...
[Tue Sep 16 11:08:47 2025]
localrule plot:
    input: data/HP35/input/config.yml, data/HP35/results/kl_js/Z.npy
    output: data/HP35/results/kl_js/delta_rmsd.pdf
    jobid: 189
    reason: Missing output files: data/HP35/results/kl_js/delta_rmsd.pdf
    wildcards: system=HP35, lumping=kl_js, plot=delta_rmsd, ext=pdf
    resources: tmpdir=/tmp
Shell command: python -m MPP.run data/HP35/input/config.yml KL JS -Z data/HP35/results/kl_js/Z.npy -p delta_rmsd -o data/HP35/results/kl_js/delta_rmsd.pdf
Activating conda environment: mpp
Select jobs to execute...
[Tue Sep 16 11:08:48 2025]
Finished jobid: 66 (Rule: plot)
53 of 155 steps (34%) done
Execute 1 jobs...
[Tue Sep 16 11:08:48 2025]
localrule plot:
    input: data/HP35/input/config.yml, data/HP35/results/kl_js/Z.npy
    output: data/HP35/results/kl_js/rmsd.pdf
    jobid: 188
    reason: Missing output files: data/HP35/results/kl_js/rmsd.pdf
    wildcards: system=HP35, lumping=kl_js, plot=rmsd, ext=pdf
    resources: tmpdir=/tmp
Shell command: python -m MPP.run data/HP35/input/config.yml KL JS -Z data/HP35/results/kl_js/Z.npy -p rmsd -o data/HP35/results/kl_js/rmsd.pdf
Activating conda environment: mpp
Select jobs to execute...
[Tue Sep 16 11:08:48 2025]
Finished jobid: 166 (Rule: plot)
54 of 155 steps (35%) done
Execute 1 jobs...
[Tue Sep 16 11:08:48 2025]
localrule plot:
    input: data/aSyn/input/config.yml, data/aSyn/results/gpcca/Z.npy
    output: data/aSyn/results/gpcca/delta_rmsd.png
    jobid: 71
    reason: Missing output files: data/aSyn/results/gpcca/delta_rmsd.png
    wildcards: system=aSyn, lumping=gpcca, plot=delta_rmsd, ext=png
    resources: tmpdir=/tmp
Shell command: python -m MPP.run data/aSyn/input/config.yml gpcca ref -Z data/aSyn/results/gpcca/Z.npy -p delta_rmsd -o data/aSyn/results/gpcca/delta_rmsd.png
Activating conda environment: mpp
Select jobs to execute...
[Tue Sep 16 11:08:48 2025]
Finished jobid: 105 (Rule: plot)
55 of 155 steps (35%) done
Execute 1 jobs...
[Tue Sep 16 11:08:48 2025]
localrule plot:
    input: data/aSyn/input/config.yml, data/aSyn/results/t_js/Z.npy
    output: data/aSyn/results/t_js/delta_rmsd.pdf
    jobid: 207
    reason: Missing output files: data/aSyn/results/t_js/delta_rmsd.pdf
    wildcards: system=aSyn, lumping=t_js, plot=delta_rmsd, ext=pdf
    resources: tmpdir=/tmp
Shell command: python -m MPP.run data/aSyn/input/config.yml T JS -Z data/aSyn/results/t_js/Z.npy -p delta_rmsd -o data/aSyn/results/t_js/delta_rmsd.pdf
Activating conda environment: mpp
Select jobs to execute...
[Tue Sep 16 11:08:52 2025]
Finished jobid: 186 (Rule: plot)
56 of 155 steps (36%) done
Execute 1 jobs...
[Tue Sep 16 11:08:52 2025]
localrule plot:
    input: data/aSyn/input/config.yml, data/aSyn/results/t_js/Z.npy
    output: data/aSyn/results/t_js/sankey.png
    jobid: 208
    reason: Missing output files: data/aSyn/results/t_js/sankey.png
    wildcards: system=aSyn, lumping=t_js, plot=sankey, ext=png
    resources: tmpdir=/tmp
Shell command: python -m MPP.run data/aSyn/input/config.yml T JS -Z data/aSyn/results/t_js/Z.npy -p sankey -o data/aSyn/results/t_js/sankey.png
Activating conda environment: mpp
Select jobs to execute...
[Tue Sep 16 11:08:53 2025]
Finished jobid: 75 (Rule: plot)
57 of 155 steps (37%) done
Execute 1 jobs...
[Tue Sep 16 11:08:53 2025]
localrule plot:
    input: data/aSyn/input/config.yml, data/aSyn/results/gpcca/Z.npy
    output: data/aSyn/results/gpcca/rmsd.png
    jobid: 70
    reason: Missing output files: data/aSyn/results/gpcca/rmsd.png
    wildcards: system=aSyn, lumping=gpcca, plot=rmsd, ext=png
    resources: tmpdir=/tmp
Shell command: python -m MPP.run data/aSyn/input/config.yml gpcca ref -Z data/aSyn/results/gpcca/Z.npy -p rmsd -o data/aSyn/results/gpcca/rmsd.png
Activating conda environment: mpp
[Tue Sep 16 11:08:53 2025]
Finished jobid: 94 (Rule: plot)
58 of 155 steps (37%) done
Select jobs to execute...
Execute 1 jobs...
[Tue Sep 16 11:08:53 2025]
localrule plot:
    input: data/aSyn/input/config.yml, data/aSyn/results/gpcca/Z.npy
    output: data/aSyn/results/gpcca/sankey.pdf
    jobid: 55
    reason: Missing output files: data/aSyn/results/gpcca/sankey.pdf
    wildcards: system=aSyn, lumping=gpcca, plot=sankey, ext=pdf
    resources: tmpdir=/tmp
Shell command: python -m MPP.run data/aSyn/input/config.yml gpcca ref -Z data/aSyn/results/gpcca/Z.npy -p sankey -o data/aSyn/results/gpcca/sankey.pdf
Activating conda environment: mpp
Select jobs to execute...
[Tue Sep 16 11:08:54 2025]
Finished jobid: 84 (Rule: plot)
59 of 155 steps (38%) done
Execute 1 jobs...
[Tue Sep 16 11:08:54 2025]
localrule gen_Z:
    input: data/aSyn/input/config.yml
    output: data/aSyn/results/js/Z.npy
    jobid: 110
    reason: Missing output files: data/aSyn/results/js/Z.npy
    wildcards: system=aSyn, lumping=js
    resources: tmpdir=/tmp
Shell command: python -m MPP.run data/aSyn/input/config.yml none JS -Z data/aSyn/results/js/Z.npy
Activating conda environment: mpp
Select jobs to execute...
[Tue Sep 16 11:08:56 2025]
Finished jobid: 165 (Rule: plot)
60 of 155 steps (39%) done
Execute 1 jobs...
[Tue Sep 16 11:08:56 2025]
localrule plot:
    input: data/HP35/input/config.yml, data/HP35/results/gpcca/Z.npy
    output: data/HP35/results/gpcca/macrotraj.png
    jobid: 15
    reason: Updated input files: data/HP35/input/config.yml
    wildcards: system=HP35, lumping=gpcca, plot=macrotraj, ext=png
    resources: tmpdir=/tmp
Shell command: python -m MPP.run data/HP35/input/config.yml gpcca ref -Z data/HP35/results/gpcca/Z.npy -p macrotraj -o data/HP35/results/gpcca/macrotraj.png
Activating conda environment: mpp
Select jobs to execute...
[Tue Sep 16 11:08:57 2025]
Finished jobid: 52 (Rule: plot)
61 of 155 steps (39%) done
Execute 1 jobs...
[Tue Sep 16 11:08:57 2025]
localrule plot:
    input: data/HP35/input/config.yml, data/HP35/results/kl_js/Z.npy
    output: data/HP35/results/kl_js/macrotraj.pdf
    jobid: 187
    reason: Updated input files: data/HP35/input/config.yml
    wildcards: system=HP35, lumping=kl_js, plot=macrotraj, ext=pdf
    resources: tmpdir=/tmp
Shell command: python -m MPP.run data/HP35/input/config.yml KL JS -Z data/HP35/results/kl_js/Z.npy -p macrotraj -o data/HP35/results/kl_js/macrotraj.pdf
Activating conda environment: mpp
Select jobs to execute...
[Tue Sep 16 11:08:58 2025]
Finished jobid: 71 (Rule: plot)
62 of 155 steps (40%) done
Execute 1 jobs...
[Tue Sep 16 11:08:58 2025]
localrule plot:
    input: data/aSyn/input/config.yml, data/aSyn/results/t/Z.npy
    output: data/aSyn/results/t/rmsd.pdf
    jobid: 152
    reason: Missing output files: data/aSyn/results/t/rmsd.pdf
    wildcards: system=aSyn, lumping=t, plot=rmsd, ext=pdf
    resources: tmpdir=/tmp
Shell command: python -m MPP.run data/aSyn/input/config.yml T none -Z data/aSyn/results/t/Z.npy -p rmsd -o data/aSyn/results/t/rmsd.pdf
Activating conda environment: mpp
Select jobs to execute...
[Tue Sep 16 11:08:58 2025]
Finished jobid: 189 (Rule: plot)
63 of 155 steps (41%) done
Execute 1 jobs...
[Tue Sep 16 11:08:58 2025]
localrule plot:
    input: data/HP35/input/config.yml, data/HP35/results/t/Z.npy
    output: data/HP35/results/t/contacts.png
    jobid: 50
    reason: Updated input files: data/HP35/input/config.yml
    wildcards: system=HP35, lumping=t, plot=contacts, ext=png
    resources: tmpdir=/tmp
Shell command: python -m MPP.run data/HP35/input/config.yml T none -Z data/HP35/results/t/Z.npy -p contacts -o data/HP35/results/t/contacts.png
Activating conda environment: mpp
Select jobs to execute...
[Tue Sep 16 11:08:59 2025]
Finished jobid: 32 (Rule: plot)
64 of 155 steps (41%) done
Execute 1 jobs...
[Tue Sep 16 11:08:59 2025]
localrule plot:
    input: data/HP35/input/config.yml, data/HP35/results/js/Z.npy
    output: data/HP35/results/js/ck_test.pdf
    jobid: 76
    reason: Updated input files: data/HP35/input/config.yml; Input files updated by another job: data/HP35/results/js/Z.npy
    wildcards: system=HP35, lumping=js, plot=ck_test, ext=pdf
    resources: tmpdir=/tmp
Shell command: python -m MPP.run data/HP35/input/config.yml none JS -Z data/HP35/results/js/Z.npy -p ck_test -o data/HP35/results/js/ck_test.pdf
Activating conda environment: mpp
Select jobs to execute...
[Tue Sep 16 11:08:59 2025]
Finished jobid: 79 (Rule: plot)
65 of 155 steps (42%) done
Execute 1 jobs...
[Tue Sep 16 11:08:59 2025]
localrule plot:
    input: data/HP35/input/config.yml, data/HP35/results/kl_js/Z.npy
    output: data/HP35/results/kl_js/contacts.png
    jobid: 194
    reason: Updated input files: data/HP35/input/config.yml
    wildcards: system=HP35, lumping=kl_js, plot=contacts, ext=png
    resources: tmpdir=/tmp
Shell command: python -m MPP.run data/HP35/input/config.yml KL JS -Z data/HP35/results/kl_js/Z.npy -p contacts -o data/HP35/results/kl_js/contacts.png
Activating conda environment: mpp
Select jobs to execute...
[Tue Sep 16 11:08:59 2025]
Finished jobid: 188 (Rule: plot)
66 of 155 steps (43%) done
Execute 1 jobs...
[Tue Sep 16 11:08:59 2025]
localrule plot:
    input: data/aSyn/input/config.yml, data/aSyn/results/t_js/Z.npy
    output: data/aSyn/results/t_js/macrotraj.png
    jobid: 213
    reason: Missing output files: data/aSyn/results/t_js/macrotraj.png
    wildcards: system=aSyn, lumping=t_js, plot=macrotraj, ext=png
    resources: tmpdir=/tmp
Shell command: python -m MPP.run data/aSyn/input/config.yml T JS -Z data/aSyn/results/t_js/Z.npy -p macrotraj -o data/aSyn/results/t_js/macrotraj.png
Activating conda environment: mpp
Select jobs to execute...
[Tue Sep 16 11:09:00 2025]
Finished jobid: 207 (Rule: plot)
67 of 155 steps (43%) done
Execute 1 jobs...
[Tue Sep 16 11:09:00 2025]
localrule plot:
    input: data/HP35/input/config.yml, data/HP35/results/t/Z.npy
    output: data/HP35/results/t/sankey.pdf
    jobid: 37
    reason: Updated input files: data/HP35/input/config.yml
    wildcards: system=HP35, lumping=t, plot=sankey, ext=pdf
    resources: tmpdir=/tmp
Shell command: python -m MPP.run data/HP35/input/config.yml T none -Z data/HP35/results/t/Z.npy -p sankey -o data/HP35/results/t/sankey.pdf
Activating conda environment: mpp
Select jobs to execute...
[Tue Sep 16 11:09:00 2025]
Finished jobid: 169 (Rule: plot)
68 of 155 steps (44%) done
Execute 1 jobs...
[Tue Sep 16 11:09:00 2025]
localrule plot:
    input: data/HP35/input/config.yml, data/HP35/results/kl_js/Z.npy
    output: data/HP35/results/kl_js/sankey.png
    jobid: 190
    reason: Updated input files: data/HP35/input/config.yml
    wildcards: system=HP35, lumping=kl_js, plot=sankey, ext=png
    resources: tmpdir=/tmp
Shell command: python -m MPP.run data/HP35/input/config.yml KL JS -Z data/HP35/results/kl_js/Z.npy -p sankey -o data/HP35/results/kl_js/sankey.png
Activating conda environment: mpp
Select jobs to execute...
Moving output file data/aSyn/results/js/Z.npy to cache.
Symlinking output file data/aSyn/results/js/Z.npy from cache.
[Tue Sep 16 11:09:03 2025]
Finished jobid: 110 (Rule: gen_Z)
69 of 155 steps (45%) done
Execute 1 jobs...
[Tue Sep 16 11:09:03 2025]
localrule plot:
    input: data/HP35/input/config.yml, data/HP35/results/gpcca/Z.npy
    output: data/HP35/results/gpcca/ck_test.png
    jobid: 12
    reason: Updated input files: data/HP35/input/config.yml
    wildcards: system=HP35, lumping=gpcca, plot=ck_test, ext=png
    resources: tmpdir=/tmp
Shell command: python -m MPP.run data/HP35/input/config.yml gpcca ref -Z data/HP35/results/gpcca/Z.npy -p ck_test -o data/HP35/results/gpcca/ck_test.png
Activating conda environment: mpp
Select jobs to execute...
[Tue Sep 16 11:09:03 2025]
Finished jobid: 208 (Rule: plot)
70 of 155 steps (45%) done
Execute 1 jobs...
[Tue Sep 16 11:09:03 2025]
localrule plot:
    input: data/HP35/input/config.yml, data/HP35/results/js/Z.npy
    output: data/HP35/results/js/rmsd.png
    jobid: 88
    reason: Missing output files: data/HP35/results/js/rmsd.png; Input files updated by another job: data/HP35/results/js/Z.npy
    wildcards: system=HP35, lumping=js, plot=rmsd, ext=png
    resources: tmpdir=/tmp
Shell command: python -m MPP.run data/HP35/input/config.yml none JS -Z data/HP35/results/js/Z.npy -p rmsd -o data/HP35/results/js/rmsd.png
Activating conda environment: mpp
Select jobs to execute...
[Tue Sep 16 11:09:03 2025]
Finished jobid: 55 (Rule: plot)
71 of 155 steps (46%) done
Execute 1 jobs...
[Tue Sep 16 11:09:03 2025]
localrule plot:
    input: data/HP35/input/config.yml, data/HP35/results/js/Z.npy
    output: data/HP35/results/js/macrotraj.png
    jobid: 87
    reason: Updated input files: data/HP35/input/config.yml; Input files updated by another job: data/HP35/results/js/Z.npy
    wildcards: system=HP35, lumping=js, plot=macrotraj, ext=png
    resources: tmpdir=/tmp
Shell command: python -m MPP.run data/HP35/input/config.yml none JS -Z data/HP35/results/js/Z.npy -p macrotraj -o data/HP35/results/js/macrotraj.png
Activating conda environment: mpp
Select jobs to execute...
[Tue Sep 16 11:09:07 2025]
Finished jobid: 70 (Rule: plot)
72 of 155 steps (46%) done
Execute 1 jobs...
[Tue Sep 16 11:09:07 2025]
localrule plot:
    input: data/aSyn/input/config.yml, data/aSyn/results/js/Z.npy
    output: data/aSyn/results/js/dendrogram.pdf
    jobid: 111
    reason: Missing output files: data/aSyn/results/js/dendrogram.pdf; Input files updated by another job: data/aSyn/results/js/Z.npy
    wildcards: system=aSyn, lumping=js, plot=dendrogram, ext=pdf
    resources: tmpdir=/tmp
Shell command: python -m MPP.run data/aSyn/input/config.yml none JS -Z data/aSyn/results/js/Z.npy -p dendrogram -o data/aSyn/results/js/dendrogram.pdf
Activating conda environment: mpp
Select jobs to execute...
[Tue Sep 16 11:09:08 2025]
Finished jobid: 50 (Rule: plot)
73 of 155 steps (47%) done
Execute 1 jobs...
[Tue Sep 16 11:09:08 2025]
localrule plot:
    input: data/aSyn/input/config.yml, data/aSyn/results/t/Z.npy
    output: data/aSyn/results/t/ck_test.pdf
    jobid: 148
    reason: Missing output files: data/aSyn/results/t/ck_test.pdf
    wildcards: system=aSyn, lumping=t, plot=ck_test, ext=pdf
    resources: tmpdir=/tmp
Shell command: python -m MPP.run data/aSyn/input/config.yml T none -Z data/aSyn/results/t/Z.npy -p ck_test -o data/aSyn/results/t/ck_test.pdf
Activating conda environment: mpp
Select jobs to execute...
[Tue Sep 16 11:09:08 2025]
Finished jobid: 152 (Rule: plot)
74 of 155 steps (48%) done
Execute 1 jobs...
[Tue Sep 16 11:09:08 2025]
localrule plot:
    input: data/aSyn/input/config.yml, data/aSyn/results/js/Z.npy
    output: data/aSyn/results/js/ck_test.pdf
    jobid: 112
    reason: Missing output files: data/aSyn/results/js/ck_test.pdf; Input files updated by another job: data/aSyn/results/js/Z.npy
    wildcards: system=aSyn, lumping=js, plot=ck_test, ext=pdf
    resources: tmpdir=/tmp
Shell command: python -m MPP.run data/aSyn/input/config.yml none JS -Z data/aSyn/results/js/Z.npy -p ck_test -o data/aSyn/results/js/ck_test.pdf
Activating conda environment: mpp
Select jobs to execute...
[Tue Sep 16 11:09:08 2025]
Finished jobid: 15 (Rule: plot)
75 of 155 steps (48%) done
Execute 1 jobs...
[Tue Sep 16 11:09:08 2025]
localrule plot:
    input: data/aSyn/input/config.yml, data/aSyn/results/js/Z.npy
    output: data/aSyn/results/js/delta_rmsd.png
    jobid: 125
    reason: Missing output files: data/aSyn/results/js/delta_rmsd.png; Input files updated by another job: data/aSyn/results/js/Z.npy
    wildcards: system=aSyn, lumping=js, plot=delta_rmsd, ext=png
    resources: tmpdir=/tmp
Shell command: python -m MPP.run data/aSyn/input/config.yml none JS -Z data/aSyn/results/js/Z.npy -p delta_rmsd -o data/aSyn/results/js/delta_rmsd.png
Activating conda environment: mpp
Select jobs to execute...
[Tue Sep 16 11:09:09 2025]
Finished jobid: 194 (Rule: plot)
76 of 155 steps (49%) done
Execute 1 jobs...
[Tue Sep 16 11:09:09 2025]
localrule plot:
    input: data/aSyn/input/config.yml, data/aSyn/results/js/Z.npy
    output: data/aSyn/results/js/timescales.pdf
    jobid: 113
    reason: Input files updated by another job: data/aSyn/results/js/Z.npy
    wildcards: system=aSyn, lumping=js, plot=timescales, ext=pdf
    resources: tmpdir=/tmp
Shell command: python -m MPP.run data/aSyn/input/config.yml none JS -Z data/aSyn/results/js/Z.npy -p timescales -o data/aSyn/results/js/timescales.pdf
Activating conda environment: mpp
Select jobs to execute...
[Tue Sep 16 11:09:09 2025]
Finished jobid: 37 (Rule: plot)
77 of 155 steps (50%) done
Execute 1 jobs...
[Tue Sep 16 11:09:09 2025]
localrule plot:
    input: data/aSyn/input/config.yml, data/aSyn/results/js/Z.npy
    output: data/aSyn/results/js/sankey.pdf
    jobid: 109
    reason: Missing output files: data/aSyn/results/js/sankey.pdf; Input files updated by another job: data/aSyn/results/js/Z.npy
    wildcards: system=aSyn, lumping=js, plot=sankey, ext=pdf
    resources: tmpdir=/tmp
Shell command: python -m MPP.run data/aSyn/input/config.yml none JS -Z data/aSyn/results/js/Z.npy -p sankey -o data/aSyn/results/js/sankey.pdf
Activating conda environment: mpp
Select jobs to execute...
[Tue Sep 16 11:09:10 2025]
Finished jobid: 76 (Rule: plot)
78 of 155 steps (50%) done
Execute 1 jobs...
[Tue Sep 16 11:09:10 2025]
localrule plot:
    input: data/HP35/input/config.yml, data/HP35/results/t_js/Z.npy
    output: data/HP35/results/t_js/rmsd.png
    jobid: 34
    reason: Missing output files: data/HP35/results/t_js/rmsd.png
    wildcards: system=HP35, lumping=t_js, plot=rmsd, ext=png
    resources: tmpdir=/tmp
Shell command: python -m MPP.run data/HP35/input/config.yml T JS -Z data/HP35/results/t_js/Z.npy -p rmsd -o data/HP35/results/t_js/rmsd.png
Activating conda environment: mpp
Select jobs to execute...
[Tue Sep 16 11:09:11 2025]
Finished jobid: 190 (Rule: plot)
79 of 155 steps (51%) done
Execute 1 jobs...
[Tue Sep 16 11:09:11 2025]
localrule plot:
    input: data/aSyn/input/config.yml, data/aSyn/results/js/Z.npy
    output: data/aSyn/results/js/rmsd.png
    jobid: 124
    reason: Missing output files: data/aSyn/results/js/rmsd.png; Input files updated by another job: data/aSyn/results/js/Z.npy
    wildcards: system=aSyn, lumping=js, plot=rmsd, ext=png
    resources: tmpdir=/tmp
Shell command: python -m MPP.run data/aSyn/input/config.yml none JS -Z data/aSyn/results/js/Z.npy -p rmsd -o data/aSyn/results/js/rmsd.png
Activating conda environment: mpp
Select jobs to execute...
RuleException:
CalledProcessError in file "/data/evaluation/MPP/stochastic_MPP_Felix/MPP/workflow/Snakefile", line 72:
Command 'source /home/fg1085/miniconda3/bin/activate 'mpp'; set -euo pipefail;  python -m MPP.run data/HP35/input/config.yml none JS -Z data/HP35/results/js/Z.npy -p delta_rmsd -o data/HP35/results/js/delta_rmsd.png' returned non-zero exit status 1.
[Tue Sep 16 11:09:11 2025]
Error in rule plot:
    message: None
    jobid: 89
    input: data/HP35/input/config.yml, data/HP35/results/js/Z.npy
    output: data/HP35/results/js/delta_rmsd.png
    conda-env: mpp
    shell:
        python -m MPP.run data/HP35/input/config.yml none JS -Z data/HP35/results/js/Z.npy -p delta_rmsd -o data/HP35/results/js/delta_rmsd.png
        (command exited with non-zero exit code)
RuleException:
CalledProcessError in file "/data/evaluation/MPP/stochastic_MPP_Felix/MPP/workflow/Snakefile", line 72:
Command 'source /home/fg1085/miniconda3/bin/activate 'mpp'; set -euo pipefail;  python -m MPP.run data/HP35/input/config.yml none JS -Z data/HP35/results/js/Z.npy -p rmsd -o data/HP35/results/js/rmsd.pdf' returned non-zero exit status 1.
[Tue Sep 16 11:09:11 2025]
Error in rule plot:
    message: None
    jobid: 80
    input: data/HP35/input/config.yml, data/HP35/results/js/Z.npy
    output: data/HP35/results/js/rmsd.pdf
    conda-env: mpp
    shell:
        python -m MPP.run data/HP35/input/config.yml none JS -Z data/HP35/results/js/Z.npy -p rmsd -o data/HP35/results/js/rmsd.pdf
        (command exited with non-zero exit code)
[Tue Sep 16 11:09:12 2025]
Finished jobid: 213 (Rule: plot)
80 of 155 steps (52%) done
[Tue Sep 16 11:09:16 2025]
Finished jobid: 12 (Rule: plot)
81 of 155 steps (52%) done
[Tue Sep 16 11:09:17 2025]
Finished jobid: 113 (Rule: plot)
82 of 155 steps (53%) done
[Tue Sep 16 11:09:17 2025]
Finished jobid: 109 (Rule: plot)
83 of 155 steps (54%) done
[Tue Sep 16 11:09:17 2025]
Finished jobid: 187 (Rule: plot)
84 of 155 steps (54%) done
[Tue Sep 16 11:09:17 2025]
Finished jobid: 111 (Rule: plot)
85 of 155 steps (55%) done
[Tue Sep 16 11:09:19 2025]
Finished jobid: 148 (Rule: plot)
86 of 155 steps (55%) done
[Tue Sep 16 11:09:20 2025]
Finished jobid: 34 (Rule: plot)
87 of 155 steps (56%) done
[Tue Sep 16 11:09:20 2025]
Finished jobid: 112 (Rule: plot)
88 of 155 steps (57%) done
[Tue Sep 16 11:09:22 2025]
Finished jobid: 11 (Rule: plot)
89 of 155 steps (57%) done
[Tue Sep 16 11:09:24 2025]
Finished jobid: 87 (Rule: plot)
90 of 155 steps (58%) done
RuleException:
CalledProcessError in file "/data/evaluation/MPP/stochastic_MPP_Felix/MPP/workflow/Snakefile", line 72:
Command 'source /home/fg1085/miniconda3/bin/activate 'mpp'; set -euo pipefail;  python -m MPP.run data/HP35/input/config.yml none JS -Z data/HP35/results/js/Z.npy -p rmsd -o data/HP35/results/js/rmsd.png' returned non-zero exit status 1.
[Tue Sep 16 11:09:34 2025]
Error in rule plot:
    message: None
    jobid: 88
    input: data/HP35/input/config.yml, data/HP35/results/js/Z.npy
    output: data/HP35/results/js/rmsd.png
    conda-env: mpp
    shell:
        python -m MPP.run data/HP35/input/config.yml none JS -Z data/HP35/results/js/Z.npy -p rmsd -o data/HP35/results/js/rmsd.png
        (command exited with non-zero exit code)
RuleException:
CalledProcessError in file "/data/evaluation/MPP/stochastic_MPP_Felix/MPP/workflow/Snakefile", line 72:
Command 'source /home/fg1085/miniconda3/bin/activate 'mpp'; set -euo pipefail;  python -m MPP.run data/aSyn/input/config.yml none JS -Z data/aSyn/results/js/Z.npy -p delta_rmsd -o data/aSyn/results/js/delta_rmsd.png' returned non-zero exit status 1.
[Tue Sep 16 11:21:35 2025]
Error in rule plot:
    message: None
    jobid: 125
    input: data/aSyn/input/config.yml, data/aSyn/results/js/Z.npy
    output: data/aSyn/results/js/delta_rmsd.png
    conda-env: mpp
    shell:
        python -m MPP.run data/aSyn/input/config.yml none JS -Z data/aSyn/results/js/Z.npy -p delta_rmsd -o data/aSyn/results/js/delta_rmsd.png
        (command exited with non-zero exit code)
RuleException:
CalledProcessError in file "/data/evaluation/MPP/stochastic_MPP_Felix/MPP/workflow/Snakefile", line 72:
Command 'source /home/fg1085/miniconda3/bin/activate 'mpp'; set -euo pipefail;  python -m MPP.run data/aSyn/input/config.yml none JS -Z data/aSyn/results/js/Z.npy -p rmsd -o data/aSyn/results/js/rmsd.png' returned non-zero exit status 1.
[Tue Sep 16 11:21:35 2025]
Error in rule plot:
    message: None
    jobid: 124
    input: data/aSyn/input/config.yml, data/aSyn/results/js/Z.npy
    output: data/aSyn/results/js/rmsd.png
    conda-env: mpp
    shell:
        python -m MPP.run data/aSyn/input/config.yml none JS -Z data/aSyn/results/js/Z.npy -p rmsd -o data/aSyn/results/js/rmsd.png
        (command exited with non-zero exit code)
Shutting down, this might take some time.
Exiting because a job execution failed. Look below for error messages
[Tue Sep 16 11:21:35 2025]
Error in rule plot:
    message: None
    jobid: 80
    input: data/HP35/input/config.yml, data/HP35/results/js/Z.npy
    output: data/HP35/results/js/rmsd.pdf
    conda-env: mpp
    shell:
        python -m MPP.run data/HP35/input/config.yml none JS -Z data/HP35/results/js/Z.npy -p rmsd -o data/HP35/results/js/rmsd.pdf
        (command exited with non-zero exit code)
[Tue Sep 16 11:21:35 2025]
Error in rule plot:
    message: None
    jobid: 88
    input: data/HP35/input/config.yml, data/HP35/results/js/Z.npy
    output: data/HP35/results/js/rmsd.png
    conda-env: mpp
    shell:
        python -m MPP.run data/HP35/input/config.yml none JS -Z data/HP35/results/js/Z.npy -p rmsd -o data/HP35/results/js/rmsd.png
        (command exited with non-zero exit code)
[Tue Sep 16 11:21:35 2025]
Error in rule plot:
    message: None
    jobid: 89
    input: data/HP35/input/config.yml, data/HP35/results/js/Z.npy
    output: data/HP35/results/js/delta_rmsd.png
    conda-env: mpp
    shell:
        python -m MPP.run data/HP35/input/config.yml none JS -Z data/HP35/results/js/Z.npy -p delta_rmsd -o data/HP35/results/js/delta_rmsd.png
        (command exited with non-zero exit code)
[Tue Sep 16 11:21:35 2025]
Error in rule plot:
    message: None
    jobid: 124
    input: data/aSyn/input/config.yml, data/aSyn/results/js/Z.npy
    output: data/aSyn/results/js/rmsd.png
    conda-env: mpp
    shell:
        python -m MPP.run data/aSyn/input/config.yml none JS -Z data/aSyn/results/js/Z.npy -p rmsd -o data/aSyn/results/js/rmsd.png
        (command exited with non-zero exit code)
[Tue Sep 16 11:21:35 2025]
Error in rule plot:
    message: None
    jobid: 125
    input: data/aSyn/input/config.yml, data/aSyn/results/js/Z.npy
    output: data/aSyn/results/js/delta_rmsd.png
    conda-env: mpp
    shell:
        python -m MPP.run data/aSyn/input/config.yml none JS -Z data/aSyn/results/js/Z.npy -p delta_rmsd -o data/aSyn/results/js/delta_rmsd.png
        (command exited with non-zero exit code)
Complete log(s): /data/evaluation/MPP/stochastic_MPP_Felix/MPP/.snakemake/log/2025-09-16T110804.764828.snakemake.log
WorkflowError:
At least one job did not complete successfully.
