Assuming unrestricted shared filesystem usage.
None
host: bmdiota
Building DAG of jobs...
Using shell: /usr/bin/bash
Provided cores: 32
Rules claiming more threads will be scaled down.
Job stats:
job                            count
---------------------------  -------
draw_cluster_in_states             5
gen_Z                              5
get_mean_frames_pdb_feature        5
rmsd_feature                       5
total                             20

Select jobs to execute...
Execute 5 jobs...
[Tue Aug 26 15:32:28 2025]
localrule gen_Z:
    input: data/aSyn/input/config.yml
    output: data/aSyn/results/kl/Z.npy
    jobid: 11
    reason: Updated input files: data/aSyn/input/config.yml
    wildcards: system=aSyn, lumping=kl
    resources: tmpdir=/tmp
Shell command: python -m MPP.run data/aSyn/input/config.yml KL none -Z data/aSyn/results/kl/Z.npy
[Tue Aug 26 15:32:29 2025]
localrule gen_Z:
    input: data/aSyn/input/config.yml
    output: data/aSyn/results/gpcca/Z.npy
    jobid: 19
    reason: Updated input files: data/aSyn/input/config.yml
    wildcards: system=aSyn, lumping=gpcca
    resources: tmpdir=/tmp
Shell command: python -m MPP.run data/aSyn/input/config.yml gpcca ref -Z data/aSyn/results/gpcca/Z.npy
[Tue Aug 26 15:32:29 2025]
localrule gen_Z:
    input: data/aSyn/input/config.yml
    output: data/aSyn/results/t_js/Z.npy
    jobid: 7
    reason: Updated input files: data/aSyn/input/config.yml
    wildcards: system=aSyn, lumping=t_js
    resources: tmpdir=/tmp
Shell command: python -m MPP.run data/aSyn/input/config.yml T JS -Z data/aSyn/results/t_js/Z.npy
[Tue Aug 26 15:32:29 2025]
localrule gen_Z:
    input: data/aSyn/input/config.yml
    output: data/aSyn/results/t/Z.npy
    jobid: 15
    reason: Updated input files: data/aSyn/input/config.yml
    wildcards: system=aSyn, lumping=t
    resources: tmpdir=/tmp
Shell command: python -m MPP.run data/aSyn/input/config.yml T none -Z data/aSyn/results/t/Z.npy
[Tue Aug 26 15:32:29 2025]
localrule gen_Z:
    input: data/aSyn/input/config.yml
    output: data/aSyn/results/kl_js/Z.npy
    jobid: 3
    reason: Updated input files: data/aSyn/input/config.yml
    wildcards: system=aSyn, lumping=kl_js
    resources: tmpdir=/tmp
Shell command: python -m MPP.run data/aSyn/input/config.yml KL JS -Z data/aSyn/results/kl_js/Z.npy
Activating conda environment: mpp
Activating conda environment: mpp
Activating conda environment: mpp
Activating conda environment: mpp
Activating conda environment: mpp
Moving output file data/aSyn/results/t/Z.npy to cache.
Symlinking output file data/aSyn/results/t/Z.npy from cache.
Moving output file data/aSyn/results/kl/Z.npy to cache.
Moving output file data/aSyn/results/t_js/Z.npy to cache.
Moving output file data/aSyn/results/kl_js/Z.npy to cache.
Symlinking output file data/aSyn/results/kl/Z.npy from cache.
Symlinking output file data/aSyn/results/t_js/Z.npy from cache.
Symlinking output file data/aSyn/results/kl_js/Z.npy from cache.
[Tue Aug 26 15:32:58 2025]
Finished jobid: 15 (Rule: gen_Z)
1 of 20 steps (5%) done
Select jobs to execute...
Execute 1 jobs...
[Tue Aug 26 15:32:58 2025]
localrule rmsd_feature:
    input: data/aSyn/input/config.yml, data/aSyn/results/t/Z.npy
    output: data/aSyn/results/t/rmsd_feature.npy, data/aSyn/results/t/rmsd_feature_mean_frames.ndx
    jobid: 14
    reason: Input files updated by another job: data/aSyn/results/t/Z.npy
    wildcards: system=aSyn, lumping=t
    resources: tmpdir=/tmp, mem_mb=72271, mem_mib=68923
Shell command: python -m MPP.run data/aSyn/input/config.yml T none -Z data/aSyn/results/t/Z.npy --rmsd data/aSyn/results/t/rmsd_feature.npy --rmsd-feature feature
Activating conda environment: mpp
[Tue Aug 26 15:32:58 2025]
Finished jobid: 11 (Rule: gen_Z)
2 of 20 steps (10%) done
[Tue Aug 26 15:32:58 2025]
Finished jobid: 7 (Rule: gen_Z)
3 of 20 steps (15%) done
[Tue Aug 26 15:32:58 2025]
Finished jobid: 3 (Rule: gen_Z)
4 of 20 steps (20%) done
Select jobs to execute...
Execute 3 jobs...
[Tue Aug 26 15:32:58 2025]
localrule rmsd_feature:
    input: data/aSyn/input/config.yml, data/aSyn/results/kl/Z.npy
    output: data/aSyn/results/kl/rmsd_feature.npy, data/aSyn/results/kl/rmsd_feature_mean_frames.ndx
    jobid: 10
    reason: Input files updated by another job: data/aSyn/results/kl/Z.npy
    wildcards: system=aSyn, lumping=kl
    resources: tmpdir=/tmp, mem_mb=72271, mem_mib=68923
Shell command: python -m MPP.run data/aSyn/input/config.yml KL none -Z data/aSyn/results/kl/Z.npy --rmsd data/aSyn/results/kl/rmsd_feature.npy --rmsd-feature feature
Activating conda environment: mpp
[Tue Aug 26 15:32:58 2025]
localrule rmsd_feature:
    input: data/aSyn/input/config.yml, data/aSyn/results/t_js/Z.npy
    output: data/aSyn/results/t_js/rmsd_feature.npy, data/aSyn/results/t_js/rmsd_feature_mean_frames.ndx
    jobid: 6
    reason: Input files updated by another job: data/aSyn/results/t_js/Z.npy
    wildcards: system=aSyn, lumping=t_js
    resources: tmpdir=/tmp, mem_mb=72271, mem_mib=68923
Shell command: python -m MPP.run data/aSyn/input/config.yml T JS -Z data/aSyn/results/t_js/Z.npy --rmsd data/aSyn/results/t_js/rmsd_feature.npy --rmsd-feature feature
Activating conda environment: mpp
[Tue Aug 26 15:32:58 2025]
localrule rmsd_feature:
    input: data/aSyn/input/config.yml, data/aSyn/results/kl_js/Z.npy
    output: data/aSyn/results/kl_js/rmsd_feature.npy, data/aSyn/results/kl_js/rmsd_feature_mean_frames.ndx
    jobid: 2
    reason: Input files updated by another job: data/aSyn/results/kl_js/Z.npy
    wildcards: system=aSyn, lumping=kl_js
    resources: tmpdir=/tmp, mem_mb=72271, mem_mib=68923
Shell command: python -m MPP.run data/aSyn/input/config.yml KL JS -Z data/aSyn/results/kl_js/Z.npy --rmsd data/aSyn/results/kl_js/rmsd_feature.npy --rmsd-feature feature
Activating conda environment: mpp
Moving output file data/aSyn/results/gpcca/Z.npy to cache.
Symlinking output file data/aSyn/results/gpcca/Z.npy from cache.
[Tue Aug 26 15:33:02 2025]
Finished jobid: 19 (Rule: gen_Z)
5 of 20 steps (25%) done
Select jobs to execute...
Execute 1 jobs...
[Tue Aug 26 15:33:02 2025]
localrule rmsd_feature:
    input: data/aSyn/input/config.yml, data/aSyn/results/gpcca/Z.npy
    output: data/aSyn/results/gpcca/rmsd_feature.npy, data/aSyn/results/gpcca/rmsd_feature_mean_frames.ndx
    jobid: 18
    reason: Input files updated by another job: data/aSyn/results/gpcca/Z.npy
    wildcards: system=aSyn, lumping=gpcca
    resources: tmpdir=/tmp, mem_mb=72271, mem_mib=68923
Shell command: python -m MPP.run data/aSyn/input/config.yml gpcca ref -Z data/aSyn/results/gpcca/Z.npy --rmsd data/aSyn/results/gpcca/rmsd_feature.npy --rmsd-feature feature
Activating conda environment: mpp
[Tue Aug 26 15:33:08 2025]
Finished jobid: 2 (Rule: rmsd_feature)
6 of 20 steps (30%) done
Select jobs to execute...
Execute 1 jobs...
[Tue Aug 26 15:33:08 2025]
localrule get_mean_frames_pdb_feature:
    input: data/aSyn/results/kl_js/rmsd_feature_mean_frames.ndx
    output: data/aSyn/results/kl_js/mean_frames_feature.pdb
    jobid: 1
    reason: Input files updated by another job: data/aSyn/results/kl_js/rmsd_feature_mean_frames.ndx
    wildcards: system=aSyn, lumping=kl_js
    resources: tmpdir=/tmp
Shell command: mkdir -p random_pdbs
gmx trjconv -s data/aSyn/input/topology.pdb -f data/aSyn/input/trajectory.xtc -o data/aSyn/results/kl_js/mean_frames_feature.pdb -fr data/aSyn/results/kl_js/rmsd_feature_mean_frames.ndx <<eof
0
eof
[Tue Aug 26 15:33:08 2025]
Finished jobid: 6 (Rule: rmsd_feature)
7 of 20 steps (35%) done
Select jobs to execute...
Execute 1 jobs...
[Tue Aug 26 15:33:08 2025]
localrule get_mean_frames_pdb_feature:
    input: data/aSyn/results/t_js/rmsd_feature_mean_frames.ndx
    output: data/aSyn/results/t_js/mean_frames_feature.pdb
    jobid: 5
    reason: Input files updated by another job: data/aSyn/results/t_js/rmsd_feature_mean_frames.ndx
    wildcards: system=aSyn, lumping=t_js
    resources: tmpdir=/tmp
Shell command: mkdir -p random_pdbs
gmx trjconv -s data/aSyn/input/topology.pdb -f data/aSyn/input/trajectory.xtc -o data/aSyn/results/t_js/mean_frames_feature.pdb -fr data/aSyn/results/t_js/rmsd_feature_mean_frames.ndx <<eof
0
eof
[Tue Aug 26 15:33:10 2025]
Finished jobid: 10 (Rule: rmsd_feature)
8 of 20 steps (40%) done
Select jobs to execute...
Execute 1 jobs...
[Tue Aug 26 15:33:10 2025]
localrule get_mean_frames_pdb_feature:
    input: data/aSyn/results/kl/rmsd_feature_mean_frames.ndx
    output: data/aSyn/results/kl/mean_frames_feature.pdb
    jobid: 9
    reason: Input files updated by another job: data/aSyn/results/kl/rmsd_feature_mean_frames.ndx
    wildcards: system=aSyn, lumping=kl
    resources: tmpdir=/tmp
Shell command: mkdir -p random_pdbs
gmx trjconv -s data/aSyn/input/topology.pdb -f data/aSyn/input/trajectory.xtc -o data/aSyn/results/kl/mean_frames_feature.pdb -fr data/aSyn/results/kl/rmsd_feature_mean_frames.ndx <<eof
0
eof
[Tue Aug 26 15:33:13 2025]
Finished jobid: 14 (Rule: rmsd_feature)
9 of 20 steps (45%) done
Select jobs to execute...
Execute 1 jobs...
[Tue Aug 26 15:33:13 2025]
localrule get_mean_frames_pdb_feature:
    input: data/aSyn/results/t/rmsd_feature_mean_frames.ndx
    output: data/aSyn/results/t/mean_frames_feature.pdb
    jobid: 13
    reason: Input files updated by another job: data/aSyn/results/t/rmsd_feature_mean_frames.ndx
    wildcards: system=aSyn, lumping=t
    resources: tmpdir=/tmp
Shell command: mkdir -p random_pdbs
gmx trjconv -s data/aSyn/input/topology.pdb -f data/aSyn/input/trajectory.xtc -o data/aSyn/results/t/mean_frames_feature.pdb -fr data/aSyn/results/t/rmsd_feature_mean_frames.ndx <<eof
0
eof
[Tue Aug 26 15:33:18 2025]
Finished jobid: 18 (Rule: rmsd_feature)
10 of 20 steps (50%) done
Select jobs to execute...
Execute 1 jobs...
[Tue Aug 26 15:33:18 2025]
localrule get_mean_frames_pdb_feature:
    input: data/aSyn/results/gpcca/rmsd_feature_mean_frames.ndx
    output: data/aSyn/results/gpcca/mean_frames_feature.pdb
    jobid: 17
    reason: Input files updated by another job: data/aSyn/results/gpcca/rmsd_feature_mean_frames.ndx
    wildcards: system=aSyn, lumping=gpcca
    resources: tmpdir=/tmp
Shell command: mkdir -p random_pdbs
gmx trjconv -s data/aSyn/input/topology.pdb -f data/aSyn/input/trajectory.xtc -o data/aSyn/results/gpcca/mean_frames_feature.pdb -fr data/aSyn/results/gpcca/rmsd_feature_mean_frames.ndx <<eof
0
eof
[Tue Aug 26 15:46:04 2025]
Finished jobid: 1 (Rule: get_mean_frames_pdb_feature)
11 of 20 steps (55%) done
[Tue Aug 26 15:46:04 2025]
Finished jobid: 9 (Rule: get_mean_frames_pdb_feature)
12 of 20 steps (60%) done
[Tue Aug 26 15:46:04 2025]
Finished jobid: 5 (Rule: get_mean_frames_pdb_feature)
13 of 20 steps (65%) done
Select jobs to execute...
Execute 3 jobs...
[Tue Aug 26 15:46:05 2025]
localcheckpoint draw_cluster_in_states:
    input: data/aSyn/input/config.yml, data/aSyn/results/kl/mean_frames_feature.pdb
    output: data/aSyn/results/kl/mean_frames_feature_1-2,5-9
    jobid: 8
    reason: Input files updated by another job: data/aSyn/results/kl/mean_frames_feature.pdb
    wildcards: system=aSyn, lumping=kl, rmsd_feature=feature, clusters=1-2,5-9
    resources: tmpdir=/tmp
Shell command: workflow/create_cluster_pml.py data/aSyn/results/kl/mean_frames_feature_1-2,5-9 data/aSyn/input/config.yml data/aSyn/results/kl/mean_frames_feature.pdb 1-2,5-9
DAG of jobs will be updated after completion.
Activating conda environment: pymol
[Tue Aug 26 15:46:05 2025]
localcheckpoint draw_cluster_in_states:
    input: data/aSyn/input/config.yml, data/aSyn/results/t_js/mean_frames_feature.pdb
    output: data/aSyn/results/t_js/mean_frames_feature_1-2,5-9
    jobid: 4
    reason: Input files updated by another job: data/aSyn/results/t_js/mean_frames_feature.pdb
    wildcards: system=aSyn, lumping=t_js, rmsd_feature=feature, clusters=1-2,5-9
    resources: tmpdir=/tmp
Shell command: workflow/create_cluster_pml.py data/aSyn/results/t_js/mean_frames_feature_1-2,5-9 data/aSyn/input/config.yml data/aSyn/results/t_js/mean_frames_feature.pdb 1-2,5-9
DAG of jobs will be updated after completion.
Activating conda environment: pymol
[Tue Aug 26 15:46:05 2025]
localcheckpoint draw_cluster_in_states:
    input: data/aSyn/input/config.yml, data/aSyn/results/kl_js/mean_frames_feature.pdb
    output: data/aSyn/results/kl_js/mean_frames_feature_1-2,5-9
    jobid: 0
    reason: Input files updated by another job: data/aSyn/results/kl_js/mean_frames_feature.pdb
    wildcards: system=aSyn, lumping=kl_js, rmsd_feature=feature, clusters=1-2,5-9
    resources: tmpdir=/tmp
Shell command: workflow/create_cluster_pml.py data/aSyn/results/kl_js/mean_frames_feature_1-2,5-9 data/aSyn/input/config.yml data/aSyn/results/kl_js/mean_frames_feature.pdb 1-2,5-9
DAG of jobs will be updated after completion.
Activating conda environment: pymol
[Tue Aug 26 15:46:05 2025]
Finished jobid: 17 (Rule: get_mean_frames_pdb_feature)
14 of 20 steps (70%) done
[Tue Aug 26 15:46:05 2025]
Finished jobid: 13 (Rule: get_mean_frames_pdb_feature)
15 of 20 steps (75%) done
Select jobs to execute...
Execute 2 jobs...
[Tue Aug 26 15:46:05 2025]
localcheckpoint draw_cluster_in_states:
    input: data/aSyn/input/config.yml, data/aSyn/results/t/mean_frames_feature.pdb
    output: data/aSyn/results/t/mean_frames_feature_1-2,5-9
    jobid: 12
    reason: Input files updated by another job: data/aSyn/results/t/mean_frames_feature.pdb
    wildcards: system=aSyn, lumping=t, rmsd_feature=feature, clusters=1-2,5-9
    resources: tmpdir=/tmp
Shell command: workflow/create_cluster_pml.py data/aSyn/results/t/mean_frames_feature_1-2,5-9 data/aSyn/input/config.yml data/aSyn/results/t/mean_frames_feature.pdb 1-2,5-9
DAG of jobs will be updated after completion.
Activating conda environment: pymol
[Tue Aug 26 15:46:05 2025]
localcheckpoint draw_cluster_in_states:
    input: data/aSyn/input/config.yml, data/aSyn/results/gpcca/mean_frames_feature.pdb
    output: data/aSyn/results/gpcca/mean_frames_feature_1-2,5-9
    jobid: 16
    reason: Input files updated by another job: data/aSyn/results/gpcca/mean_frames_feature.pdb
    wildcards: system=aSyn, lumping=gpcca, rmsd_feature=feature, clusters=1-2,5-9
    resources: tmpdir=/tmp
Shell command: workflow/create_cluster_pml.py data/aSyn/results/gpcca/mean_frames_feature_1-2,5-9 data/aSyn/input/config.yml data/aSyn/results/gpcca/mean_frames_feature.pdb 1-2,5-9
DAG of jobs will be updated after completion.
Activating conda environment: pymol
[Tue Aug 26 15:46:28 2025]
Finished jobid: 16 (Rule: draw_cluster_in_states)
16 of 20 steps (80%) done
[Tue Aug 26 15:46:28 2025]
Finished jobid: 12 (Rule: draw_cluster_in_states)
17 of 20 steps (85%) done
[Tue Aug 26 15:46:35 2025]
Finished jobid: 8 (Rule: draw_cluster_in_states)
18 of 20 steps (90%) done
[Tue Aug 26 15:46:49 2025]
Finished jobid: 4 (Rule: draw_cluster_in_states)
19 of 20 steps (95%) done
[Tue Aug 26 15:47:00 2025]
Finished jobid: 0 (Rule: draw_cluster_in_states)
20 of 20 steps (100%) done
Complete log(s): /data/evaluation/MPP/stochastic_MPP_Felix/tools/MPP/.snakemake/log/2025-08-26T153228.642400.snakemake.log
