Assuming unrestricted shared filesystem usage.
None
host: bmdiota
Building DAG of jobs...
Using shell: /usr/bin/bash
Provided cores: 32
Rules claiming more threads will be scaled down.
Job stats:
job             count
------------  -------
gen_Z               1
rmsd_CA             1
rmsd_feature        1
total               3

Select jobs to execute...
Execute 1 jobs...
[Mon Aug 25 14:40:04 2025]
localrule gen_Z:
    input: data/HP35/input/config.yml
    output: data/HP35/results/t/Z.npy
    jobid: 1
    reason: Missing output files: data/HP35/results/t/Z.npy
    wildcards: system=HP35, lumping=t
    resources: tmpdir=/tmp
Shell command: python -m MPP.run data/HP35/input/config.yml T none -Z data/HP35/results/t/Z.npy
Activating conda environment: mpp
Moving output file data/HP35/results/t/Z.npy to cache.
Symlinking output file data/HP35/results/t/Z.npy from cache.
[Mon Aug 25 14:40:39 2025]
Finished jobid: 1 (Rule: gen_Z)
1 of 3 steps (33%) done
Select jobs to execute...
Execute 2 jobs...
[Mon Aug 25 14:40:39 2025]
localrule rmsd_CA:
    input: data/HP35/input/config.yml, data/HP35/results/t/Z.npy
    output: data/HP35/results/t/rmsd_CA.npy, data/HP35/results/t/rmsd_CA_mean_frames.ndx
    jobid: 2
    reason: Missing output files: data/HP35/results/t/rmsd_CA.npy; Input files updated by another job: data/HP35/results/t/Z.npy
    wildcards: system=HP35, lumping=t
    resources: tmpdir=/tmp, mem_mb=4041, mem_mib=3854
Shell command: python -m MPP.run data/HP35/input/config.yml T none -Z data/HP35/results/t/Z.npy --rmsd data/HP35/results/t/rmsd_CA.npy
Activating conda environment: mpp
[Mon Aug 25 14:40:39 2025]
localrule rmsd_feature:
    input: data/HP35/input/config.yml, data/HP35/results/t/Z.npy
    output: data/HP35/results/t/rmsd_feature.npy, data/HP35/results/t/rmsd_feature_mean_frames.ndx
    jobid: 0
    reason: Missing output files: data/HP35/results/t/rmsd_feature.npy; Input files updated by another job: data/HP35/results/t/Z.npy
    wildcards: system=HP35, lumping=t
    resources: tmpdir=/tmp, mem_mb=4041, mem_mib=3854
Shell command: python -m MPP.run data/HP35/input/config.yml T none -Z data/HP35/results/t/Z.npy --rmsd data/HP35/results/t/rmsd_feature.npy --rmsd-feature feature
Activating conda environment: mpp
RuleException:
CalledProcessError in file "/data/evaluation/MPP/stochastic_MPP_Felix/tools/MPP/workflow/Snakefile", line 130:
Command 'source /home/fg1085/miniconda3/bin/activate 'mpp'; set -euo pipefail;  python -m MPP.run data/HP35/input/config.yml T none -Z data/HP35/results/t/Z.npy --rmsd data/HP35/results/t/rmsd_feature.npy --rmsd-feature feature' returned non-zero exit status 1.
[Mon Aug 25 14:40:47 2025]
Error in rule rmsd_feature:
    message: None
    jobid: 0
    input: data/HP35/input/config.yml, data/HP35/results/t/Z.npy
    output: data/HP35/results/t/rmsd_feature.npy, data/HP35/results/t/rmsd_feature_mean_frames.ndx
    conda-env: mpp
    shell:
        python -m MPP.run data/HP35/input/config.yml T none -Z data/HP35/results/t/Z.npy --rmsd data/HP35/results/t/rmsd_feature.npy --rmsd-feature feature
        (command exited with non-zero exit code)
Terminating processes on user request, this might take some time.
RuleException:
CalledProcessError in file "/data/evaluation/MPP/stochastic_MPP_Felix/tools/MPP/workflow/Snakefile", line 112:
Command 'source /home/fg1085/miniconda3/bin/activate 'mpp'; set -euo pipefail;  python -m MPP.run data/HP35/input/config.yml T none -Z data/HP35/results/t/Z.npy --rmsd data/HP35/results/t/rmsd_CA.npy' died with <Signals.SIGINT: 2>.
[Mon Aug 25 14:41:16 2025]
Error in rule rmsd_CA:
    message: None
    jobid: 2
    input: data/HP35/input/config.yml, data/HP35/results/t/Z.npy
    output: data/HP35/results/t/rmsd_CA.npy, data/HP35/results/t/rmsd_CA_mean_frames.ndx
    conda-env: mpp
    shell:
        python -m MPP.run data/HP35/input/config.yml T none -Z data/HP35/results/t/Z.npy --rmsd data/HP35/results/t/rmsd_CA.npy
        (command exited with non-zero exit code)
Complete log(s): /data/evaluation/MPP/stochastic_MPP_Felix/tools/MPP/.snakemake/log/2025-08-25T144004.415322.snakemake.log
WorkflowError:
At least one job did not complete successfully.
