Assuming unrestricted shared filesystem usage.
None
host: bmdiota
Building DAG of jobs...
Using shell: /usr/bin/bash
Provided cores: 32
Rules claiming more threads will be scaled down.
Job stats:
job      count
-----  -------
gen_Z        1
plot         1
total        2

Select jobs to execute...
Execute 1 jobs...
[Thu Aug 28 13:39:32 2025]
localrule gen_Z:
    input: data/HP35_macro/input/config.yml
    output: data/HP35_macro/results/t/Z.npy
    jobid: 1
    reason: Missing output files: data/HP35_macro/results/t/Z.npy
    wildcards: system=HP35_macro, lumping=t
    resources: tmpdir=/tmp
Shell command: python -m MPP.run data/HP35_macro/input/config.yml T none -Z data/HP35_macro/results/t/Z.npy
Activating conda environment: mpp
RuleException:
CalledProcessError in file "/data/evaluation/MPP/stochastic_MPP_Felix/tools/MPP/workflow/Snakefile", line 54:
Command 'source /home/fg1085/miniconda3/bin/activate 'mpp'; set -euo pipefail;  python -m MPP.run data/HP35_macro/input/config.yml T none -Z data/HP35_macro/results/t/Z.npy' returned non-zero exit status 1.
[Thu Aug 28 13:39:38 2025]
Error in rule gen_Z:
    message: None
    jobid: 1
    input: data/HP35_macro/input/config.yml
    output: data/HP35_macro/results/t/Z.npy
    conda-env: mpp
    shell:
        python -m MPP.run data/HP35_macro/input/config.yml T none -Z data/HP35_macro/results/t/Z.npy
        (command exited with non-zero exit code)
Shutting down, this might take some time.
Exiting because a job execution failed. Look below for error messages
[Thu Aug 28 13:39:38 2025]
Error in rule gen_Z:
    message: None
    jobid: 1
    input: data/HP35_macro/input/config.yml
    output: data/HP35_macro/results/t/Z.npy
    conda-env: mpp
    shell:
        python -m MPP.run data/HP35_macro/input/config.yml T none -Z data/HP35_macro/results/t/Z.npy
        (command exited with non-zero exit code)
Complete log(s): /data/evaluation/MPP/stochastic_MPP_Felix/tools/MPP/.snakemake/log/2025-08-28T133932.917466.snakemake.log
WorkflowError:
At least one job did not complete successfully.
