Assuming unrestricted shared filesystem usage.
None
host: bmdiota
Building DAG of jobs...
Using shell: /usr/bin/bash
Provided cores: 32
Rules claiming more threads will be scaled down.
Job stats:
job             count
------------  -------
rmsd_feature        1
total               1

Select jobs to execute...
Execute 1 jobs...
[Mon Aug 25 14:53:19 2025]
localrule rmsd_feature:
    input: data/HP35/input/config.yml, data/HP35/results/t/Z.npy
    output: data/HP35/results/t/rmsd_feature.npy, data/HP35/results/t/rmsd_feature_mean_frames.ndx
    jobid: 0
    reason: Missing output files: data/HP35/results/t/rmsd_feature.npy
    wildcards: system=HP35, lumping=t
    resources: tmpdir=/tmp, mem_mb=4041, mem_mib=3854
Shell command: python -m MPP.run data/HP35/input/config.yml T none -Z data/HP35/results/t/Z.npy --rmsd data/HP35/results/t/rmsd_feature.npy --rmsd-feature feature
Activating conda environment: mpp
RuleException:
CalledProcessError in file "/data/evaluation/MPP/stochastic_MPP_Felix/tools/MPP/workflow/Snakefile", line 130:
Command 'source /home/fg1085/miniconda3/bin/activate 'mpp'; set -euo pipefail;  python -m MPP.run data/HP35/input/config.yml T none -Z data/HP35/results/t/Z.npy --rmsd data/HP35/results/t/rmsd_feature.npy --rmsd-feature feature' returned non-zero exit status 1.
[Mon Aug 25 14:53:29 2025]
Error in rule rmsd_feature:
    message: None
    jobid: 0
    input: data/HP35/input/config.yml, data/HP35/results/t/Z.npy
    output: data/HP35/results/t/rmsd_feature.npy, data/HP35/results/t/rmsd_feature_mean_frames.ndx
    conda-env: mpp
    shell:
        python -m MPP.run data/HP35/input/config.yml T none -Z data/HP35/results/t/Z.npy --rmsd data/HP35/results/t/rmsd_feature.npy --rmsd-feature feature
        (command exited with non-zero exit code)
Shutting down, this might take some time.
Exiting because a job execution failed. Look below for error messages
[Mon Aug 25 14:53:30 2025]
Error in rule rmsd_feature:
    message: None
    jobid: 0
    input: data/HP35/input/config.yml, data/HP35/results/t/Z.npy
    output: data/HP35/results/t/rmsd_feature.npy, data/HP35/results/t/rmsd_feature_mean_frames.ndx
    conda-env: mpp
    shell:
        python -m MPP.run data/HP35/input/config.yml T none -Z data/HP35/results/t/Z.npy --rmsd data/HP35/results/t/rmsd_feature.npy --rmsd-feature feature
        (command exited with non-zero exit code)
Complete log(s): /data/evaluation/MPP/stochastic_MPP_Felix/tools/MPP/.snakemake/log/2025-08-25T145318.966293.snakemake.log
WorkflowError:
At least one job did not complete successfully.
