Assuming unrestricted shared filesystem usage.
None
host: bmdiota
Building DAG of jobs...
Using shell: /usr/bin/bash
Provided cores: 16
Rules claiming more threads will be scaled down.
Job stats:
job      count
-----  -------
plot         1
total        1

Select jobs to execute...
Execute 1 jobs...
[Tue Sep 16 13:17:14 2025]
localrule plot:
    input: data/HP35/input/config.yml, data/HP35/results/js/Z.npy
    output: data/HP35/results/js/rmsd.png
    jobid: 0
    reason: Missing output files: data/HP35/results/js/rmsd.png
    wildcards: system=HP35, lumping=js, plot=rmsd, ext=png
    resources: tmpdir=/tmp
Shell command: python -m MPP.run data/HP35/input/config.yml none JS -Z data/HP35/results/js/Z.npy -p rmsd -o data/HP35/results/js/rmsd.png
Activating conda environment: mpp
[Tue Sep 16 13:17:25 2025]
Finished jobid: 0 (Rule: plot)
1 of 1 steps (100%) done
Complete log(s): /data/evaluation/MPP/stochastic_MPP_Felix/MPP/.snakemake/log/2025-09-16T131713.828319.snakemake.log
