Assuming unrestricted shared filesystem usage.
None
host: bmdiota
Building DAG of jobs...
Using shell: /usr/bin/bash
Provided cores: 16
Rules claiming more threads will be scaled down.
Job stats:
job      count
-----  -------
plot         1
total        1

Select jobs to execute...
Execute 1 jobs...
[Tue Sep 16 13:29:56 2025]
localrule plot:
    input: data/HP35/input/config.yml, data/HP35/results/js/Z.npy
    output: data/HP35/results/js/rmsd_feature.pdf
    jobid: 0
    reason: Missing output files: data/HP35/results/js/rmsd_feature.pdf
    wildcards: system=HP35, lumping=js, plot=rmsd_feature, ext=pdf
    resources: tmpdir=/tmp
Shell command: python -m MPP.run data/HP35/input/config.yml none JS -Z data/HP35/results/js/Z.npy -p rmsd_feature -o data/HP35/results/js/rmsd_feature.pdf
Activating conda environment: mpp
RuleException:
CalledProcessError in file "/data/evaluation/MPP/stochastic_MPP_Felix/MPP/workflow/Snakefile", line 72:
Command 'source /home/fg1085/miniconda3/bin/activate 'mpp'; set -euo pipefail;  python -m MPP.run data/HP35/input/config.yml none JS -Z data/HP35/results/js/Z.npy -p rmsd_feature -o data/HP35/results/js/rmsd_feature.pdf' returned non-zero exit status 1.
[Tue Sep 16 13:30:05 2025]
Error in rule plot:
    message: None
    jobid: 0
    input: data/HP35/input/config.yml, data/HP35/results/js/Z.npy
    output: data/HP35/results/js/rmsd_feature.pdf
    conda-env: mpp
    shell:
        python -m MPP.run data/HP35/input/config.yml none JS -Z data/HP35/results/js/Z.npy -p rmsd_feature -o data/HP35/results/js/rmsd_feature.pdf
        (command exited with non-zero exit code)
Shutting down, this might take some time.
Exiting because a job execution failed. Look below for error messages
[Tue Sep 16 13:30:06 2025]
Error in rule plot:
    message: None
    jobid: 0
    input: data/HP35/input/config.yml, data/HP35/results/js/Z.npy
    output: data/HP35/results/js/rmsd_feature.pdf
    conda-env: mpp
    shell:
        python -m MPP.run data/HP35/input/config.yml none JS -Z data/HP35/results/js/Z.npy -p rmsd_feature -o data/HP35/results/js/rmsd_feature.pdf
        (command exited with non-zero exit code)
Complete log(s): /data/evaluation/MPP/stochastic_MPP_Felix/MPP/.snakemake/log/2025-09-16T132956.415888.snakemake.log
WorkflowError:
At least one job did not complete successfully.
