Assuming unrestricted shared filesystem usage.
None
host: bmdiota
Building DAG of jobs...
Using shell: /usr/bin/bash
Provided cores: 4
Rules claiming more threads will be scaled down.
Job stats:
job                       count
----------------------  -------
draw_cluster_in_states        5
total                         5

Select jobs to execute...
Execute 4 jobs...
[Tue Aug 26 15:26:33 2025]
localcheckpoint draw_cluster_in_states:
    input: data/HP35/input/config.yml, data/HP35/results/kl_js/mean_frames_feature.pdb
    output: data/HP35/results/kl_js/mean_frames_feature_1-5
    jobid: 8
    reason: Missing output files: data/HP35/results/kl_js/mean_frames_feature_1-5
    wildcards: system=HP35, lumping=kl_js, rmsd_feature=feature, clusters=1-5
    resources: tmpdir=/tmp
Shell command: workflow/create_cluster_pml.py data/HP35/results/kl_js/mean_frames_feature_1-5 data/HP35/input/config.yml data/HP35/results/kl_js/mean_frames_feature.pdb 1-5
DAG of jobs will be updated after completion.
Activating conda environment: pymol
[Tue Aug 26 15:26:34 2025]
localcheckpoint draw_cluster_in_states:
    input: data/HP35/input/config.yml, data/HP35/results/kl/mean_frames_feature.pdb
    output: data/HP35/results/kl/mean_frames_feature_1-5
    jobid: 16
    reason: Missing output files: data/HP35/results/kl/mean_frames_feature_1-5
    wildcards: system=HP35, lumping=kl, rmsd_feature=feature, clusters=1-5
    resources: tmpdir=/tmp
Shell command: workflow/create_cluster_pml.py data/HP35/results/kl/mean_frames_feature_1-5 data/HP35/input/config.yml data/HP35/results/kl/mean_frames_feature.pdb 1-5
DAG of jobs will be updated after completion.
Activating conda environment: pymol
[Tue Aug 26 15:26:34 2025]
localcheckpoint draw_cluster_in_states:
    input: data/HP35/input/config.yml, data/HP35/results/t/mean_frames_feature.pdb
    output: data/HP35/results/t/mean_frames_feature_1-5
    jobid: 4
    reason: Missing output files: data/HP35/results/t/mean_frames_feature_1-5
    wildcards: system=HP35, lumping=t, rmsd_feature=feature, clusters=1-5
    resources: tmpdir=/tmp
Shell command: workflow/create_cluster_pml.py data/HP35/results/t/mean_frames_feature_1-5 data/HP35/input/config.yml data/HP35/results/t/mean_frames_feature.pdb 1-5
DAG of jobs will be updated after completion.
Activating conda environment: pymol
[Tue Aug 26 15:26:34 2025]
localcheckpoint draw_cluster_in_states:
    input: data/HP35/input/config.yml, data/HP35/results/gpcca/mean_frames_feature.pdb
    output: data/HP35/results/gpcca/mean_frames_feature_1-5
    jobid: 0
    reason: Missing output files: data/HP35/results/gpcca/mean_frames_feature_1-5
    wildcards: system=HP35, lumping=gpcca, rmsd_feature=feature, clusters=1-5
    resources: tmpdir=/tmp
Shell command: workflow/create_cluster_pml.py data/HP35/results/gpcca/mean_frames_feature_1-5 data/HP35/input/config.yml data/HP35/results/gpcca/mean_frames_feature.pdb 1-5
DAG of jobs will be updated after completion.
Activating conda environment: pymol
Select jobs to execute...
[Tue Aug 26 15:26:39 2025]
Finished jobid: 0 (Rule: draw_cluster_in_states)
1 of 5 steps (20%) done
Execute 1 jobs...
[Tue Aug 26 15:26:39 2025]
localcheckpoint draw_cluster_in_states:
    input: data/HP35/input/config.yml, data/HP35/results/t_js/mean_frames_feature.pdb
    output: data/HP35/results/t_js/mean_frames_feature_1-5
    jobid: 12
    reason: Missing output files: data/HP35/results/t_js/mean_frames_feature_1-5
    wildcards: system=HP35, lumping=t_js, rmsd_feature=feature, clusters=1-5
    resources: tmpdir=/tmp
Shell command: workflow/create_cluster_pml.py data/HP35/results/t_js/mean_frames_feature_1-5 data/HP35/input/config.yml data/HP35/results/t_js/mean_frames_feature.pdb 1-5
DAG of jobs will be updated after completion.
Activating conda environment: pymol
[Tue Aug 26 15:26:39 2025]
Finished jobid: 4 (Rule: draw_cluster_in_states)
2 of 5 steps (40%) done
[Tue Aug 26 15:26:39 2025]
Finished jobid: 16 (Rule: draw_cluster_in_states)
3 of 5 steps (60%) done
[Tue Aug 26 15:26:41 2025]
Finished jobid: 8 (Rule: draw_cluster_in_states)
4 of 5 steps (80%) done
[Tue Aug 26 15:26:42 2025]
Finished jobid: 12 (Rule: draw_cluster_in_states)
5 of 5 steps (100%) done
Complete log(s): /data/evaluation/MPP/stochastic_MPP_Felix/tools/MPP/.snakemake/log/2025-08-26T152633.072853.snakemake.log
