Assuming unrestricted shared filesystem usage.
None
host: bmdiota
Building DAG of jobs...
Using shell: /usr/bin/bash
Provided cores: 32
Rules claiming more threads will be scaled down.
Job stats:
job      count
-----  -------
plot         2
total        2

Select jobs to execute...
Execute 2 jobs...
[Tue Sep 16 09:46:44 2025]
localrule plot:
    input: data/aSyn/input/config.yml, data/aSyn/results/kl_js/Z.npy
    output: data/aSyn/results/kl_js/dendrogram.png
    jobid: 2
    reason: Missing output files: data/aSyn/results/kl_js/dendrogram.png
    wildcards: system=aSyn, lumping=kl_js, plot=dendrogram, ext=png
    resources: tmpdir=/tmp
Shell command: python -m MPP.run data/aSyn/input/config.yml KL JS -Z data/aSyn/results/kl_js/Z.npy -p dendrogram -o data/aSyn/results/kl_js/dendrogram.png
Activating conda environment: mpp
[Tue Sep 16 09:46:46 2025]
localrule plot:
    input: data/aSyn/input/config.yml, data/aSyn/results/kl_js/Z.npy
    output: data/aSyn/results/kl_js/dendrogram.pdf
    jobid: 0
    reason: Missing output files: data/aSyn/results/kl_js/dendrogram.pdf
    wildcards: system=aSyn, lumping=kl_js, plot=dendrogram, ext=pdf
    resources: tmpdir=/tmp
Shell command: python -m MPP.run data/aSyn/input/config.yml KL JS -Z data/aSyn/results/kl_js/Z.npy -p dendrogram -o data/aSyn/results/kl_js/dendrogram.pdf
Activating conda environment: mpp
[Tue Sep 16 09:46:55 2025]
Finished jobid: 2 (Rule: plot)
1 of 2 steps (50%) done
[Tue Sep 16 09:46:55 2025]
Finished jobid: 0 (Rule: plot)
2 of 2 steps (100%) done
Complete log(s): /data/evaluation/MPP/stochastic_MPP_Felix/MPP/.snakemake/log/2025-09-16T094644.141418.snakemake.log
