Assuming unrestricted shared filesystem usage.
None
host: bmdiota
Building DAG of jobs...
Using shell: /usr/bin/bash
Provided cores: 32
Rules claiming more threads will be scaled down.
Job stats:
job                    count
-------------------  -------
gen_Z                      4
get_mean_frames_pdb        4
rmsd                       4
total                     12

Select jobs to execute...
Execute 4 jobs...
[Tue Aug 19 16:51:48 2025]
localrule gen_Z:
    input: data/aSyn/input/config.yml
    output: data/aSyn/results/gpcca/Z.npy
    jobid: 17
    reason: Missing output files: data/aSyn/results/gpcca/Z.npy
    wildcards: system=aSyn, lumping=gpcca
    resources: tmpdir=/tmp
Shell command: python -m MPP.run data/aSyn/input/config.yml gpcca ref -Z data/aSyn/results/gpcca/Z.npy
[Tue Aug 19 16:51:48 2025]
localrule gen_Z:
    input: data/HP35/input/config.yml
    output: data/HP35/results/gpcca/Z.npy
    jobid: 8
    reason: Updated input files: data/HP35/input/config.yml
    wildcards: system=HP35, lumping=gpcca
    resources: tmpdir=/tmp
Shell command: python -m MPP.run data/HP35/input/config.yml gpcca ref -Z data/HP35/results/gpcca/Z.npy
[Tue Aug 19 16:51:48 2025]
localrule gen_Z:
    input: data/HP35/input/config.yml
    output: data/HP35/results/kl/Z.npy
    jobid: 5
    reason: Updated input files: data/HP35/input/config.yml
    wildcards: system=HP35, lumping=kl
    resources: tmpdir=/tmp
Shell command: python -m MPP.run data/HP35/input/config.yml KL none -Z data/HP35/results/kl/Z.npy
[Tue Aug 19 16:51:48 2025]
localrule gen_Z:
    input: data/aSyn/input/config.yml
    output: data/aSyn/results/kl/Z.npy
    jobid: 2
    reason: Missing output files: data/aSyn/results/kl/Z.npy
    wildcards: system=aSyn, lumping=kl
    resources: tmpdir=/tmp
Shell command: python -m MPP.run data/aSyn/input/config.yml KL none -Z data/aSyn/results/kl/Z.npy
Activating conda environment: mpp
Activating conda environment: mpp
Activating conda environment: mpp
Activating conda environment: mpp
Moving output file data/HP35/results/kl/Z.npy to cache.
Symlinking output file data/HP35/results/kl/Z.npy from cache.
[Tue Aug 19 16:51:59 2025]
Finished jobid: 5 (Rule: gen_Z)
1 of 12 steps (8%) done
Select jobs to execute...
Execute 1 jobs...
[Tue Aug 19 16:51:59 2025]
localrule rmsd:
    input: data/HP35/input/config.yml, data/HP35/results/kl/Z.npy
    output: data/HP35/results/kl/rmsd.npy, data/HP35/results/kl/rmsd_mean_frames.ndx
    jobid: 4
    reason: Missing output files: data/HP35/results/kl/rmsd_mean_frames.ndx; Input files updated by another job: data/HP35/results/kl/Z.npy
    wildcards: system=HP35, lumping=kl
    resources: tmpdir=/tmp, mem_mb=4041, mem_mib=3854
Shell command: python -m MPP.run data/HP35/input/config.yml KL none -Z data/HP35/results/kl/Z.npy --rmsd data/HP35/results/kl/rmsd.npy
Activating conda environment: mpp
Moving output file data/aSyn/results/kl/Z.npy to cache.
Symlinking output file data/aSyn/results/kl/Z.npy from cache.
[Tue Aug 19 16:52:00 2025]
Finished jobid: 2 (Rule: gen_Z)
2 of 12 steps (17%) done
Select jobs to execute...
Execute 1 jobs...
[Tue Aug 19 16:52:00 2025]
localrule rmsd:
    input: data/aSyn/input/config.yml, data/aSyn/results/kl/Z.npy
    output: data/aSyn/results/kl/rmsd.npy, data/aSyn/results/kl/rmsd_mean_frames.ndx
    jobid: 1
    reason: Missing output files: data/aSyn/results/kl/rmsd_mean_frames.ndx; Input files updated by another job: data/aSyn/results/kl/Z.npy
    wildcards: system=aSyn, lumping=kl
    resources: tmpdir=/tmp, mem_mb=72271, mem_mib=68923
Shell command: python -m MPP.run data/aSyn/input/config.yml KL none -Z data/aSyn/results/kl/Z.npy --rmsd data/aSyn/results/kl/rmsd.npy
Activating conda environment: mpp
Moving output file data/HP35/results/gpcca/Z.npy to cache.
Symlinking output file data/HP35/results/gpcca/Z.npy from cache.
[Tue Aug 19 16:52:03 2025]
Finished jobid: 8 (Rule: gen_Z)
3 of 12 steps (25%) done
Select jobs to execute...
Execute 1 jobs...
[Tue Aug 19 16:52:03 2025]
localrule rmsd:
    input: data/HP35/input/config.yml, data/HP35/results/gpcca/Z.npy
    output: data/HP35/results/gpcca/rmsd.npy, data/HP35/results/gpcca/rmsd_mean_frames.ndx
    jobid: 7
    reason: Missing output files: data/HP35/results/gpcca/rmsd_mean_frames.ndx; Input files updated by another job: data/HP35/results/gpcca/Z.npy
    wildcards: system=HP35, lumping=gpcca
    resources: tmpdir=/tmp, mem_mb=4041, mem_mib=3854
Shell command: python -m MPP.run data/HP35/input/config.yml gpcca ref -Z data/HP35/results/gpcca/Z.npy --rmsd data/HP35/results/gpcca/rmsd.npy
Activating conda environment: mpp
Moving output file data/aSyn/results/gpcca/Z.npy to cache.
Symlinking output file data/aSyn/results/gpcca/Z.npy from cache.
[Tue Aug 19 16:52:04 2025]
Finished jobid: 17 (Rule: gen_Z)
4 of 12 steps (33%) done
Select jobs to execute...
Execute 1 jobs...
[Tue Aug 19 16:52:04 2025]
localrule rmsd:
    input: data/aSyn/input/config.yml, data/aSyn/results/gpcca/Z.npy
    output: data/aSyn/results/gpcca/rmsd.npy, data/aSyn/results/gpcca/rmsd_mean_frames.ndx
    jobid: 16
    reason: Missing output files: data/aSyn/results/gpcca/rmsd_mean_frames.ndx; Input files updated by another job: data/aSyn/results/gpcca/Z.npy
    wildcards: system=aSyn, lumping=gpcca
    resources: tmpdir=/tmp, mem_mb=72271, mem_mib=68923
Shell command: python -m MPP.run data/aSyn/input/config.yml gpcca ref -Z data/aSyn/results/gpcca/Z.npy --rmsd data/aSyn/results/gpcca/rmsd.npy
Activating conda environment: mpp
[Tue Aug 19 16:57:49 2025]
Finished jobid: 4 (Rule: rmsd)
5 of 12 steps (42%) done
Select jobs to execute...
Execute 1 jobs...
[Tue Aug 19 16:57:49 2025]
localrule get_mean_frames_pdb:
    input: data/HP35/results/kl/rmsd_mean_frames.ndx
    output: data/HP35/results/kl/mean_frames.pdb
    jobid: 3
    reason: Input files updated by another job: data/HP35/results/kl/rmsd_mean_frames.ndx
    wildcards: system=HP35, lumping=kl
    resources: tmpdir=/tmp
Shell command: mkdir -p random_pdbs
gmx trjconv -s data/HP35/input/structure.pdb -f data/HP35/input/trajectory.xtc -o data/HP35/results/kl/mean_frames.pdb -fr data/HP35/results/kl/rmsd_mean_frames.ndx <<eof
0
eof
[Tue Aug 19 16:58:45 2025]
Finished jobid: 3 (Rule: get_mean_frames_pdb)
6 of 12 steps (50%) done
[Tue Aug 19 17:06:35 2025]
Finished jobid: 1 (Rule: rmsd)
7 of 12 steps (58%) done
Select jobs to execute...
Execute 1 jobs...
[Tue Aug 19 17:06:35 2025]
localrule get_mean_frames_pdb:
    input: data/aSyn/results/kl/rmsd_mean_frames.ndx
    output: data/aSyn/results/kl/mean_frames.pdb
    jobid: 0
    reason: Missing output files: data/aSyn/results/kl/mean_frames.pdb; Input files updated by another job: data/aSyn/results/kl/rmsd_mean_frames.ndx
    wildcards: system=aSyn, lumping=kl
    resources: tmpdir=/tmp
Shell command: mkdir -p random_pdbs
gmx trjconv -s data/aSyn/input/topology.pdb -f data/aSyn/input/trajectory.xtc -o data/aSyn/results/kl/mean_frames.pdb -fr data/aSyn/results/kl/rmsd_mean_frames.ndx <<eof
0
eof
[Tue Aug 19 17:06:46 2025]
Finished jobid: 16 (Rule: rmsd)
8 of 12 steps (67%) done
Select jobs to execute...
Execute 1 jobs...
[Tue Aug 19 17:06:46 2025]
localrule get_mean_frames_pdb:
    input: data/aSyn/results/gpcca/rmsd_mean_frames.ndx
    output: data/aSyn/results/gpcca/mean_frames.pdb
    jobid: 15
    reason: Missing output files: data/aSyn/results/gpcca/mean_frames.pdb; Input files updated by another job: data/aSyn/results/gpcca/rmsd_mean_frames.ndx
    wildcards: system=aSyn, lumping=gpcca
    resources: tmpdir=/tmp
Shell command: mkdir -p random_pdbs
gmx trjconv -s data/aSyn/input/topology.pdb -f data/aSyn/input/trajectory.xtc -o data/aSyn/results/gpcca/mean_frames.pdb -fr data/aSyn/results/gpcca/rmsd_mean_frames.ndx <<eof
0
eof
[Tue Aug 19 17:17:57 2025]
Finished jobid: 0 (Rule: get_mean_frames_pdb)
9 of 12 steps (75%) done
[Tue Aug 19 17:17:57 2025]
Finished jobid: 15 (Rule: get_mean_frames_pdb)
10 of 12 steps (83%) done
[Tue Aug 19 17:39:49 2025]
Finished jobid: 7 (Rule: rmsd)
11 of 12 steps (92%) done
Select jobs to execute...
Execute 1 jobs...
[Tue Aug 19 17:39:49 2025]
localrule get_mean_frames_pdb:
    input: data/HP35/results/gpcca/rmsd_mean_frames.ndx
    output: data/HP35/results/gpcca/mean_frames.pdb
    jobid: 6
    reason: Input files updated by another job: data/HP35/results/gpcca/rmsd_mean_frames.ndx
    wildcards: system=HP35, lumping=gpcca
    resources: tmpdir=/tmp
Shell command: mkdir -p random_pdbs
gmx trjconv -s data/HP35/input/structure.pdb -f data/HP35/input/trajectory.xtc -o data/HP35/results/gpcca/mean_frames.pdb -fr data/HP35/results/gpcca/rmsd_mean_frames.ndx <<eof
0
eof
[Tue Aug 19 17:40:39 2025]
Finished jobid: 6 (Rule: get_mean_frames_pdb)
12 of 12 steps (100%) done
Complete log(s): /data/evaluation/MPP/stochastic_MPP_Felix/tools/MPP/.snakemake/log/2025-08-19T165147.629961.snakemake.log
